#
# There is insufficient memory for the Java Runtime Environment to continue.
# Native memory allocation (malloc) failed to allocate 32744 bytes for ChunkPool::allocate
# Possible reasons:
#   The system is out of physical RAM or swap space
#   In 32 bit mode, the process size limit was hit
# Possible solutions:
#   Reduce memory load on the system
#   Increase physical memory or swap space
#   Check if swap backing store is full
#   Use 64 bit Java on a 64 bit OS
#   Decrease Java heap size (-Xmx/-Xms)
#   Decrease number of Java threads
#   Decrease Java thread stack sizes (-Xss)
#   Set larger code cache with -XX:ReservedCodeCacheSize=
# This output file may be truncated or incomplete.
#
#  Out of Memory Error (allocation.cpp:273), pid=4668, tid=0x0000000000005ddc
#
# JRE version: OpenJDK Runtime Environment (8.0_152-b01) (build 1.8.0_152-release-1343-b01)
# Java VM: OpenJDK 64-Bit Server VM (25.152-b01 mixed mode windows-amd64 compressed oops)
# Failed to write core dump. Minidumps are not enabled by default on client versions of Windows
#

---------------  T H R E A D  ---------------

Current thread (0x0000000018609000):  JavaThread "C2 CompilerThread2" daemon [_thread_in_native, id=24028, stack(0x0000000018e70000,0x0000000018f70000)]

Stack: [0x0000000018e70000,0x0000000018f70000]
[error occurred during error reporting (printing stack bounds), id 0xc0000005]

Native frames: (J=compiled Java code, j=interpreted, Vv=VM code, C=native code)


Current CompileTask:
C2:   6457 5341       4       java.io.ObjectOutputStream::writeClassDesc (60 bytes)


---------------  P R O C E S S  ---------------

Java Threads: ( => current thread )
  0x000000001a528800 JavaThread "Memory manager" [_thread_blocked, id=24032, stack(0x0000000023d20000,0x0000000023e20000)]
  0x000000001a52c800 JavaThread "pool-1-thread-1" [_thread_blocked, id=15028, stack(0x0000000022c10000,0x0000000022d10000)]
  0x000000001a52d000 JavaThread "Build operations Thread 8" [_thread_blocked, id=15204, stack(0x0000000022710000,0x0000000022810000)]
  0x000000001a525800 JavaThread "Build operations Thread 7" [_thread_blocked, id=15668, stack(0x0000000022610000,0x0000000022710000)]
  0x000000001a529800 JavaThread "Build operations Thread 6" [_thread_blocked, id=23120, stack(0x0000000022510000,0x0000000022610000)]
  0x000000001a526800 JavaThread "Build operations Thread 5" [_thread_blocked, id=23464, stack(0x0000000022410000,0x0000000022510000)]
  0x000000001a528000 JavaThread "Build operations Thread 4" [_thread_blocked, id=22132, stack(0x0000000022310000,0x0000000022410000)]
  0x000000001a527000 JavaThread "Build operations Thread 3" [_thread_blocked, id=21688, stack(0x0000000022210000,0x0000000022310000)]
  0x000000001a525000 JavaThread "Build operations Thread 2" [_thread_blocked, id=3136, stack(0x0000000022110000,0x0000000022210000)]
  0x000000001a52a000 JavaThread "Build operations" [_thread_blocked, id=17040, stack(0x0000000022010000,0x0000000022110000)]
  0x0000000019bb8800 JavaThread "Cache worker for Artifact transforms cache (C:\Users\Administrator\.gradle\caches\transforms-1)" [_thread_blocked, id=15000, stack(0x0000000021f10000,0x0000000022010000)]
  0x0000000019bb9800 JavaThread "Cache worker for cache directory md-rule (C:\Users\Administrator\.gradle\caches\4.10.1\md-rule)" [_thread_blocked, id=24464, stack(0x0000000021e10000,0x0000000021f10000)]
  0x0000000019bb7000 JavaThread "Cache worker for cache directory md-supplier (C:\Users\Administrator\.gradle\caches\4.10.1\md-supplier)" [_thread_blocked, id=15348, stack(0x0000000021d10000,0x0000000021e10000)]
  0x0000000019bba000 JavaThread "Cache worker for journal cache (C:\Users\Administrator\.gradle\caches\journal-1)" [_thread_blocked, id=23168, stack(0x000000001de80000,0x000000001df80000)]
  0x0000000019bbc000 JavaThread "Cache worker for file hash cache (C:\Users\Administrator\AndroidStudioProjects\Habit2Good2.0\.gradle\4.10.1\fileHashes)" [_thread_blocked, id=8992, stack(0x000000001cdb0000,0x000000001ceb0000)]
  0x000000001a47c800 JavaThread "File lock request listener" [_thread_in_native, id=17884, stack(0x000000001cb50000,0x000000001cc50000)]
  0x000000001a4c5000 JavaThread "Cache worker for file hash cache (C:\Users\Administrator\.gradle\caches\4.10.1\fileHashes)" [_thread_blocked, id=6360, stack(0x000000001ca50000,0x000000001cb50000)]
  0x0000000019ed0800 JavaThread "Stdin handler" [_thread_blocked, id=15988, stack(0x000000001c750000,0x000000001c850000)]
  0x000000001a0af000 JavaThread "Asynchronous log dispatcher for DefaultDaemonConnection: socket connection from /127.0.0.1:10647 to /127.0.0.1:10648" [_thread_blocked, id=18376, stack(0x000000001c550000,0x000000001c650000)]
  0x0000000019ed3000 JavaThread "Daemon worker" [_thread_blocked, id=7688, stack(0x000000001c450000,0x000000001c550000)]
  0x0000000019ed2800 JavaThread "Cancel handler" [_thread_blocked, id=19508, stack(0x000000001c350000,0x000000001c450000)]
  0x000000001a329000 JavaThread "Handler for socket connection from /127.0.0.1:10647 to /127.0.0.1:10648" [_thread_in_native, id=16832, stack(0x000000001c050000,0x000000001c150000)]
  0x000000001a327800 JavaThread "Daemon" [_thread_blocked, id=19192, stack(0x000000001bf50000,0x000000001c050000)]
  0x000000001aa62000 JavaThread "Daemon periodic checks" [_thread_blocked, id=22764, stack(0x000000001be50000,0x000000001bf50000)]
  0x000000001a5d1800 JavaThread "Incoming local TCP Connector on port 10647" [_thread_in_native, id=9500, stack(0x000000001bc70000,0x000000001bd70000)]
  0x0000000018648800 JavaThread "Service Thread" daemon [_thread_blocked, id=11008, stack(0x0000000019070000,0x0000000019170000)]
  0x000000001860f800 JavaThread "C1 CompilerThread3" daemon [_thread_blocked, id=19264, stack(0x0000000018f70000,0x0000000019070000)]
=>0x0000000018609000 JavaThread "C2 CompilerThread2" daemon [_thread_in_native, id=24028, stack(0x0000000018e70000,0x0000000018f70000)]
  0x00000000166ad800 JavaThread "C2 CompilerThread1" daemon [_thread_in_native, id=17696, stack(0x0000000018d70000,0x0000000018e70000)]
  0x00000000166aa000 JavaThread "C2 CompilerThread0" daemon [_thread_in_native, id=18404, stack(0x0000000018c70000,0x0000000018d70000)]
  0x0000000018600000 JavaThread "Attach Listener" daemon [_thread_blocked, id=17716, stack(0x0000000018b70000,0x0000000018c70000)]
  0x00000000185ad800 JavaThread "Signal Dispatcher" daemon [_thread_blocked, id=17088, stack(0x0000000018a70000,0x0000000018b70000)]
  0x00000000028de800 JavaThread "Finalizer" daemon [_thread_blocked, id=17396, stack(0x0000000018970000,0x0000000018a70000)]
  0x00000000028d5000 JavaThread "Reference Handler" daemon [_thread_blocked, id=17612, stack(0x0000000018470000,0x0000000018570000)]
  0x00000000023de800 JavaThread "main" [_thread_blocked, id=10572, stack(0x00000000022a0000,0x00000000023a0000)]

Other Threads:
  0x0000000016697000 VMThread [stack: 0x0000000018370000,0x0000000018470000] [id=13788]
  0x0000000018649800 WatcherThread [stack: 0x0000000019170000,0x0000000019270000] [id=17312]

VM state:at safepoint (normal execution)

VM Mutex/Monitor currently owned by a thread:  ([mutex/lock_event])
[0x00000000023dd4a0] Threads_lock - owner thread: 0x0000000016697000

Heap:
 PSYoungGen      total 140288K, used 18702K [0x00000000e0000000, 0x00000000ea300000, 0x0000000100000000)
  eden space 126464K, 3% used [0x00000000e0000000,0x00000000e04c5508,0x00000000e7b80000)
  from space 13824K, 99% used [0x00000000e8b00000,0x00000000e987e630,0x00000000e9880000)
  to   space 15872K, 0% used [0x00000000e7b80000,0x00000000e7b80000,0x00000000e8b00000)
 ParOldGen       total 64000K, used 26728K [0x00000000a0000000, 0x00000000a3e80000, 0x00000000e0000000)
  object space 64000K, 41% used [0x00000000a0000000,0x00000000a1a1a1d0,0x00000000a3e80000)
 Metaspace       used 55270K, capacity 57048K, committed 57216K, reserved 1097728K
  class space    used 7563K, capacity 8037K, committed 8064K, reserved 1048576K

Card table byte_map: [0x0000000011ca0000,0x0000000011fb0000] byte_map_base: 0x00000000117a0000

Marking Bits: (ParMarkBitMap*) 0x000000005fa65aa0
 Begin Bits: [0x00000000129b0000, 0x00000000141b0000)
 End Bits:   [0x00000000141b0000, 0x00000000159b0000)

Polling page: 0x00000000009e0000

CodeCache: size=245760Kb used=16812Kb max_used=16812Kb free=228947Kb
 bounds [0x00000000028e0000, 0x0000000003960000, 0x00000000118e0000]
 total_blobs=5665 nmethods=4880 adapters=697
 compilation: enabled

Compilation events (10 events):
Event: 6.431 Thread 0x000000001860f800 nmethod 5454 0x0000000003956390 code [0x00000000039564e0, 0x0000000003956650]
Event: 6.431 Thread 0x000000001860f800 5455   !   3       java.util.zip.Inflater::end (50 bytes)
Event: 6.432 Thread 0x000000001860f800 nmethod 5455 0x00000000039566d0 code [0x0000000003956860, 0x0000000003956ce8]
Event: 6.445 Thread 0x000000001860f800 5456       3       sun.invoke.util.Wrapper::isDoubleWord (15 bytes)
Event: 6.445 Thread 0x000000001860f800 nmethod 5456 0x0000000003956f10 code [0x0000000003957060, 0x0000000003957210]
Event: 6.445 Thread 0x000000001860f800 5457       3       sun.invoke.util.Wrapper::isSubwordOrInt (20 bytes)
Event: 6.446 Thread 0x000000001860f800 nmethod 5457 0x0000000003957290 code [0x0000000003957420, 0x00000000039579f0]
Event: 6.449 Thread 0x000000001860f800 5459       3       groovy.lang.MetaClassImpl::invokeMethod (14 bytes)
Event: 6.449 Thread 0x000000001860f800 nmethod 5459 0x0000000003957b10 code [0x0000000003957c80, 0x0000000003957ec8]
Event: 6.450 Thread 0x000000001860f800 5460   !   3       org.codehaus.groovy.runtime.metaclass.ClosureMetaClass::invokeMethod (872 bytes)

GC Heap History (10 events):
Event: 3.962 GC heap before
{Heap before GC invocations=10 (full 1):
 PSYoungGen      total 91136K, used 33401K [0x00000000e0000000, 0x00000000e7280000, 0x0000000100000000)
  eden space 80384K, 29% used [0x00000000e0000000,0x00000000e16e9ea0,0x00000000e4e80000)
  from space 10752K, 92% used [0x00000000e5a00000,0x00000000e63b47d8,0x00000000e6480000)
  to   space 11776K, 0% used [0x00000000e4e80000,0x00000000e4e80000,0x00000000e5a00000)
 ParOldGen       total 64000K, used 9944K [0x00000000a0000000, 0x00000000a3e80000, 0x00000000e0000000)
  object space 64000K, 15% used [0x00000000a0000000,0x00000000a09b6288,0x00000000a3e80000)
 Metaspace       used 34580K, capacity 35302K, committed 35416K, reserved 1079296K
  class space    used 4827K, capacity 5099K, committed 5120K, reserved 1048576K
Event: 3.970 GC heap after
Heap after GC invocations=10 (full 1):
 PSYoungGen      total 92160K, used 8432K [0x00000000e0000000, 0x00000000e8280000, 0x0000000100000000)
  eden space 80384K, 0% used [0x00000000e0000000,0x00000000e0000000,0x00000000e4e80000)
  from space 11776K, 71% used [0x00000000e4e80000,0x00000000e56bc3f0,0x00000000e5a00000)
  to   space 11776K, 0% used [0x00000000e7700000,0x00000000e7700000,0x00000000e8280000)
 ParOldGen       total 64000K, used 11824K [0x00000000a0000000, 0x00000000a3e80000, 0x00000000e0000000)
  object space 64000K, 18% used [0x00000000a0000000,0x00000000a0b8c2d8,0x00000000a3e80000)
 Metaspace       used 34580K, capacity 35302K, committed 35416K, reserved 1079296K
  class space    used 4827K, capacity 5099K, committed 5120K, reserved 1048576K
}
Event: 3.970 GC heap before
{Heap before GC invocations=11 (full 2):
 PSYoungGen      total 92160K, used 8432K [0x00000000e0000000, 0x00000000e8280000, 0x0000000100000000)
  eden space 80384K, 0% used [0x00000000e0000000,0x00000000e0000000,0x00000000e4e80000)
  from space 11776K, 71% used [0x00000000e4e80000,0x00000000e56bc3f0,0x00000000e5a00000)
  to   space 11776K, 0% used [0x00000000e7700000,0x00000000e7700000,0x00000000e8280000)
 ParOldGen       total 64000K, used 11824K [0x00000000a0000000, 0x00000000a3e80000, 0x00000000e0000000)
  object space 64000K, 18% used [0x00000000a0000000,0x00000000a0b8c2d8,0x00000000a3e80000)
 Metaspace       used 34580K, capacity 35302K, committed 35416K, reserved 1079296K
  class space    used 4827K, capacity 5099K, committed 5120K, reserved 1048576K
Event: 4.023 GC heap after
Heap after GC invocations=11 (full 2):
 PSYoungGen      total 92160K, used 0K [0x00000000e0000000, 0x00000000e8280000, 0x0000000100000000)
  eden space 80384K, 0% used [0x00000000e0000000,0x00000000e0000000,0x00000000e4e80000)
  from space 11776K, 0% used [0x00000000e4e80000,0x00000000e4e80000,0x00000000e5a00000)
  to   space 11776K, 0% used [0x00000000e7700000,0x00000000e7700000,0x00000000e8280000)
 ParOldGen       total 64000K, used 17297K [0x00000000a0000000, 0x00000000a3e80000, 0x00000000e0000000)
  object space 64000K, 27% used [0x00000000a0000000,0x00000000a10e4630,0x00000000a3e80000)
 Metaspace       used 34580K, capacity 35302K, committed 35416K, reserved 1079296K
  class space    used 4827K, capacity 5099K, committed 5120K, reserved 1048576K
}
Event: 4.666 GC heap before
{Heap before GC invocations=12 (full 2):
 PSYoungGen      total 92160K, used 80384K [0x00000000e0000000, 0x00000000e8280000, 0x0000000100000000)
  eden space 80384K, 100% used [0x00000000e0000000,0x00000000e4e80000,0x00000000e4e80000)
  from space 11776K, 0% used [0x00000000e4e80000,0x00000000e4e80000,0x00000000e5a00000)
  to   space 11776K, 0% used [0x00000000e7700000,0x00000000e7700000,0x00000000e8280000)
 ParOldGen       total 64000K, used 17297K [0x00000000a0000000, 0x00000000a3e80000, 0x00000000e0000000)
  object space 64000K, 27% used [0x00000000a0000000,0x00000000a10e4630,0x00000000a3e80000)
 Metaspace       used 41908K, capacity 42844K, committed 43136K, reserved 1087488K
  class space    used 5681K, capacity 6002K, committed 6016K, reserved 1048576K
Event: 4.678 GC heap after
Heap after GC invocations=12 (full 2):
 PSYoungGen      total 113664K, used 11747K [0x00000000e0000000, 0x00000000e8280000, 0x0000000100000000)
  eden space 101888K, 0% used [0x00000000e0000000,0x00000000e0000000,0x00000000e6380000)
  from space 11776K, 99% used [0x00000000e7700000,0x00000000e8278cf8,0x00000000e8280000)
  to   space 13312K, 0% used [0x00000000e6880000,0x00000000e6880000,0x00000000e7580000)
 ParOldGen       total 64000K, used 18046K [0x00000000a0000000, 0x00000000a3e80000, 0x00000000e0000000)
  object space 64000K, 28% used [0x00000000a0000000,0x00000000a119f898,0x00000000a3e80000)
 Metaspace       used 41908K, capacity 42844K, committed 43136K, reserved 1087488K
  class space    used 5681K, capacity 6002K, committed 6016K, reserved 1048576K
}
Event: 5.522 GC heap before
{Heap before GC invocations=13 (full 2):
 PSYoungGen      total 113664K, used 113635K [0x00000000e0000000, 0x00000000e8280000, 0x0000000100000000)
  eden space 101888K, 100% used [0x00000000e0000000,0x00000000e6380000,0x00000000e6380000)
  from space 11776K, 99% used [0x00000000e7700000,0x00000000e8278cf8,0x00000000e8280000)
  to   space 13312K, 0% used [0x00000000e6880000,0x00000000e6880000,0x00000000e7580000)
 ParOldGen       total 64000K, used 18046K [0x00000000a0000000, 0x00000000a3e80000, 0x00000000e0000000)
  object space 64000K, 28% used [0x00000000a0000000,0x00000000a119f898,0x00000000a3e80000)
 Metaspace       used 49110K, capacity 50196K, committed 50304K, reserved 1093632K
  class space    used 6647K, capacity 7002K, committed 7040K, reserved 1048576K
Event: 5.534 GC heap after
Heap after GC invocations=13 (full 2):
 PSYoungGen      total 120320K, used 9938K [0x00000000e0000000, 0x00000000e9880000, 0x0000000100000000)
  eden space 107008K, 0% used [0x00000000e0000000,0x00000000e0000000,0x00000000e6880000)
  from space 13312K, 74% used [0x00000000e6880000,0x00000000e7234b70,0x00000000e7580000)
  to   space 13824K, 0% used [0x00000000e8b00000,0x00000000e8b00000,0x00000000e9880000)
 ParOldGen       total 64000K, used 25131K [0x00000000a0000000, 0x00000000a3e80000, 0x00000000e0000000)
  object space 64000K, 39% used [0x00000000a0000000,0x00000000a188afd0,0x00000000a3e80000)
 Metaspace       used 49110K, capacity 50196K, committed 50304K, reserved 1093632K
  class space    used 6647K, capacity 7002K, committed 7040K, reserved 1048576K
}
Event: 6.413 GC heap before
{Heap before GC invocations=14 (full 2):
 PSYoungGen      total 120320K, used 116946K [0x00000000e0000000, 0x00000000e9880000, 0x0000000100000000)
  eden space 107008K, 100% used [0x00000000e0000000,0x00000000e6880000,0x00000000e6880000)
  from space 13312K, 74% used [0x00000000e6880000,0x00000000e7234b70,0x00000000e7580000)
  to   space 13824K, 0% used [0x00000000e8b00000,0x00000000e8b00000,0x00000000e9880000)
 ParOldGen       total 64000K, used 25131K [0x00000000a0000000, 0x00000000a3e80000, 0x00000000e0000000)
  object space 64000K, 39% used [0x00000000a0000000,0x00000000a188afd0,0x00000000a3e80000)
 Metaspace       used 55106K, capacity 56866K, committed 56960K, reserved 1097728K
  class space    used 7537K, capacity 7999K, committed 8064K, reserved 1048576K
Event: 6.429 GC heap after
Heap after GC invocations=14 (full 2):
 PSYoungGen      total 140288K, used 13817K [0x00000000e0000000, 0x00000000ea300000, 0x0000000100000000)
  eden space 126464K, 0% used [0x00000000e0000000,0x00000000e0000000,0x00000000e7b80000)
  from space 13824K, 99% used [0x00000000e8b00000,0x00000000e987e630,0x00000000e9880000)
  to   space 15872K, 0% used [0x00000000e7b80000,0x00000000e7b80000,0x00000000e8b00000)
 ParOldGen       total 64000K, used 26728K [0x00000000a0000000, 0x00000000a3e80000, 0x00000000e0000000)
  object space 64000K, 41% used [0x00000000a0000000,0x00000000a1a1a1d0,0x00000000a3e80000)
 Metaspace       used 55106K, capacity 56866K, committed 56960K, reserved 1097728K
  class space    used 7537K, capacity 7999K, committed 8064K, reserved 1048576K
}

Deoptimization events (10 events):
Event: 5.639 Thread 0x0000000019ed3000 Uncommon trap: reason=unstable_if action=reinterpret pc=0x00000000034c9038 method=java.util.regex.Pattern$BitClass.isSatisfiedBy(I)Z @ 4
Event: 5.639 Thread 0x0000000019ed3000 Uncommon trap: reason=unstable_if action=reinterpret pc=0x0000000002a8facc method=java.util.regex.Pattern$Ctype.isSatisfiedBy(I)Z @ 4
Event: 5.821 Thread 0x0000000019ed3000 Uncommon trap: reason=unstable_if action=reinterpret pc=0x0000000002b16268 method=com.sun.org.apache.xerces.internal.impl.XMLEntityScanner.scanContent(Lcom/sun/org/apache/xerces/internal/xni/XMLString;)I @ 44
Event: 5.822 Thread 0x0000000019ed3000 Uncommon trap: reason=unstable_if action=reinterpret pc=0x00000000034649f4 method=com.sun.org.apache.xerces.internal.impl.XMLEntityScanner.checkBeforeLoad(Lcom/sun/xml/internal/stream/Entity$ScannedEntity;II)I @ 18
Event: 5.885 Thread 0x0000000019ed3000 Uncommon trap: reason=null_check action=make_not_entrant pc=0x00000000034cbdd8 method=java.lang.ThreadLocal$ThreadLocalMap.getEntryAfterMiss(Ljava/lang/ThreadLocal;ILjava/lang/ThreadLocal$ThreadLocalMap$Entry;)Ljava/lang/ThreadLocal$ThreadLocalMap$Entry; 
Event: 6.163 Thread 0x0000000019ed3000 Uncommon trap: reason=unstable_if action=reinterpret pc=0x0000000003866188 method=org.objectweb.asm.Frame.setInputFrameFromDescriptor(Lorg/objectweb/asm/SymbolTable;ILjava/lang/String;I)V @ 22
Event: 6.252 Thread 0x0000000019ed3000 Uncommon trap: reason=unstable_if action=reinterpret pc=0x000000000388d1ac method=org.objectweb.asm.Type.getType(Ljava/lang/Class;)Lorg/objectweb/asm/Type; @ 33
Event: 6.266 Thread 0x0000000019ed3000 Uncommon trap: reason=unstable_if action=reinterpret pc=0x00000000035b6788 method=java.util.TreeMap.put(Ljava/lang/Object;Ljava/lang/Object;)Ljava/lang/Object; @ 163
Event: 6.394 Thread 0x0000000019ed3000 Uncommon trap: reason=unstable_if action=reinterpret pc=0x0000000002b532a8 method=java.util.regex.Pattern$GroupTail.match(Ljava/util/regex/Matcher;ILjava/lang/CharSequence;)Z @ 73
Event: 6.394 Thread 0x0000000019ed3000 Uncommon trap: reason=unstable_if action=reinterpret pc=0x0000000002b532a8 method=java.util.regex.Pattern$GroupTail.match(Ljava/util/regex/Matcher;ILjava/lang/CharSequence;)Z @ 73

Classes redefined (0 events):
No events

Internal exceptions (10 events):
Event: 6.437 Thread 0x0000000019ed3000 Exception <a 'java/lang/ClassNotFoundException': java/util/stream/PipelineHelperCustomizer> (0x00000000e00dd9d8) thrown at [D:\src\AOSP-openjdk-cygwin\jdk8u\hotspot\src\share\vm\classfile\systemDictionary.cpp, line 210]
Event: 6.437 Thread 0x0000000019ed3000 Exception <a 'java/lang/ClassNotFoundException': java/util/stream/AbstractPipelineCustomizer> (0x00000000e00ea978) thrown at [D:\src\AOSP-openjdk-cygwin\jdk8u\hotspot\src\share\vm\classfile\systemDictionary.cpp, line 210]
Event: 6.438 Thread 0x0000000019ed3000 Exception <a 'java/lang/ClassNotFoundException': java/util/stream/IntPipelineCustomizer> (0x00000000e00fdfc8) thrown at [D:\src\AOSP-openjdk-cygwin\jdk8u\hotspot\src\share\vm\classfile\systemDictionary.cpp, line 210]
Event: 6.438 Thread 0x0000000019ed3000 Exception <a 'java/lang/ClassNotFoundException': java/util/stream/IntPipeline$HeadCustomizer> (0x00000000e0127948) thrown at [D:\src\AOSP-openjdk-cygwin\jdk8u\hotspot\src\share\vm\classfile\systemDictionary.cpp, line 210]
Event: 6.444 Thread 0x0000000019ed3000 Exception <a 'java/lang/ClassNotFoundException': java/util/stream/IntPipeline$9BeanInfo> (0x00000000e0207ce8) thrown at [D:\src\AOSP-openjdk-cygwin\jdk8u\hotspot\src\share\vm\classfile\systemDictionary.cpp, line 210]
Event: 6.444 Thread 0x0000000019ed3000 Exception <a 'java/lang/ClassNotFoundException': java/util/stream/IntPipeline$StatelessOpBeanInfo> (0x00000000e0213678) thrown at [D:\src\AOSP-openjdk-cygwin\jdk8u\hotspot\src\share\vm\classfile\systemDictionary.cpp, line 210]
Event: 6.444 Thread 0x0000000019ed3000 Exception <a 'java/lang/ClassNotFoundException': java/util/stream/IntPipeline$StatelessOpCustomizer> (0x00000000e021f038) thrown at [D:\src\AOSP-openjdk-cygwin\jdk8u\hotspot\src\share\vm\classfile\systemDictionary.cpp, line 210]
Event: 6.444 Thread 0x0000000019ed3000 Exception <a 'java/lang/ClassNotFoundException': java/util/stream/IntPipeline$9Customizer> (0x00000000e0236e78) thrown at [D:\src\AOSP-openjdk-cygwin\jdk8u\hotspot\src\share\vm\classfile\systemDictionary.cpp, line 210]
Event: 6.452 Thread 0x0000000019ed3000 Exception <a 'java/lang/ClassNotFoundException': java/lang/SystemBeanInfo> (0x00000000e02a7d18) thrown at [D:\src\AOSP-openjdk-cygwin\jdk8u\hotspot\src\share\vm\classfile\systemDictionary.cpp, line 210]
Event: 6.452 Thread 0x0000000019ed3000 Exception <a 'java/lang/ClassNotFoundException': java/lang/SystemCustomizer> (0x00000000e02afa00) thrown at [D:\src\AOSP-openjdk-cygwin\jdk8u\hotspot\src\share\vm\classfile\systemDictionary.cpp, line 210]

Events (10 events):
Event: 6.451 loading class java/io/Console
Event: 6.452 loading class java/io/Console done
Event: 6.452 loading class java/lang/SystemBeanInfo
Event: 6.452 loading class java/lang/SystemBeanInfo done
Event: 6.452 loading class java/lang/SystemBeanInfo
Event: 6.452 loading class java/lang/SystemBeanInfo done
Event: 6.452 loading class java/lang/SystemCustomizer
Event: 6.452 loading class java/lang/SystemCustomizer done
Event: 6.452 loading class java/lang/SystemCustomizer
Event: 6.452 loading class java/lang/SystemCustomizer done


Dynamic libraries:
0x00007ff7cfbf0000 - 0x00007ff7cfc21000 	C:\Program Files\Android\Android Studio\jre\bin\java.exe
0x00007ff848f20000 - 0x00007ff849101000 	C:\WINDOWS\SYSTEM32\ntdll.dll
0x00007ff8486d0000 - 0x00007ff848782000 	C:\WINDOWS\System32\KERNEL32.DLL
0x00007ff846130000 - 0x00007ff8463a3000 	C:\WINDOWS\System32\KERNELBASE.dll
0x00007ff848040000 - 0x00007ff8480e1000 	C:\WINDOWS\System32\ADVAPI32.dll
0x00007ff8463b0000 - 0x00007ff84644e000 	C:\WINDOWS\System32\msvcrt.dll
0x00007ff848cc0000 - 0x00007ff848d1b000 	C:\WINDOWS\System32\sechost.dll
0x00007ff848150000 - 0x00007ff848274000 	C:\WINDOWS\System32\RPCRT4.dll
0x00007ff847da0000 - 0x00007ff847f30000 	C:\WINDOWS\System32\USER32.dll
0x00007ff845f70000 - 0x00007ff845f90000 	C:\WINDOWS\System32\win32u.dll
0x00007ff848c90000 - 0x00007ff848cb8000 	C:\WINDOWS\System32\GDI32.dll
0x00007ff845f90000 - 0x00007ff846122000 	C:\WINDOWS\System32\gdi32full.dll
0x00007ff845d00000 - 0x00007ff845d9f000 	C:\WINDOWS\System32\msvcp_win.dll
0x00007ff845df0000 - 0x00007ff845eea000 	C:\WINDOWS\System32\ucrtbase.dll
0x00007ff837690000 - 0x00007ff8378f9000 	C:\WINDOWS\WinSxS\amd64_microsoft.windows.common-controls_6595b64144ccf1df_6.0.17134.523_none_fb409dd930672a56\COMCTL32.dll
0x00007ff847a70000 - 0x00007ff847d92000 	C:\WINDOWS\System32\combase.dll
0x00007ff845ef0000 - 0x00007ff845f6a000 	C:\WINDOWS\System32\bcryptPrimitives.dll
0x00007ff848d40000 - 0x00007ff848d6d000 	C:\WINDOWS\System32\IMM32.DLL
0x000000005fde0000 - 0x000000005feb2000 	C:\Program Files\Android\Android Studio\jre\jre\bin\msvcr100.dll
0x000000005f2a0000 - 0x000000005fae1000 	C:\Program Files\Android\Android Studio\jre\jre\bin\server\jvm.dll
0x00007ff848d70000 - 0x00007ff848d78000 	C:\WINDOWS\System32\PSAPI.DLL
0x00007ff8218a0000 - 0x00007ff8218a9000 	C:\WINDOWS\SYSTEM32\WSOCK32.dll
0x00007ff8433a0000 - 0x00007ff8433c3000 	C:\WINDOWS\SYSTEM32\WINMM.dll
0x00007ff838820000 - 0x00007ff83882a000 	C:\WINDOWS\SYSTEM32\VERSION.dll
0x00007ff8489d0000 - 0x00007ff848a3c000 	C:\WINDOWS\System32\WS2_32.dll
0x00007ff843370000 - 0x00007ff84339a000 	C:\WINDOWS\SYSTEM32\winmmbase.dll
0x00007ff845da0000 - 0x00007ff845de9000 	C:\WINDOWS\System32\cfgmgr32.dll
0x00007ff841ed0000 - 0x00007ff841edf000 	C:\Program Files\Android\Android Studio\jre\jre\bin\verify.dll
0x00007ff841d70000 - 0x00007ff841d99000 	C:\Program Files\Android\Android Studio\jre\jre\bin\java.dll
0x00007ff840c10000 - 0x00007ff840c26000 	C:\Program Files\Android\Android Studio\jre\jre\bin\zip.dll
0x00007ff8464b0000 - 0x00007ff8478f0000 	C:\WINDOWS\System32\SHELL32.dll
0x00007ff848a40000 - 0x00007ff848ae9000 	C:\WINDOWS\System32\shcore.dll
0x00007ff8455f0000 - 0x00007ff845cfd000 	C:\WINDOWS\System32\windows.storage.dll
0x00007ff8480f0000 - 0x00007ff848141000 	C:\WINDOWS\System32\shlwapi.dll
0x00007ff8452d0000 - 0x00007ff8452e1000 	C:\WINDOWS\System32\kernel.appcore.dll
0x00007ff8452b0000 - 0x00007ff8452cf000 	C:\WINDOWS\System32\profapi.dll
0x00007ff845240000 - 0x00007ff84528c000 	C:\WINDOWS\System32\powrprof.dll
0x00007ff845230000 - 0x00007ff84523a000 	C:\WINDOWS\System32\FLTLIB.DLL
0x00007ff83ee60000 - 0x00007ff83ee7a000 	C:\Program Files\Android\Android Studio\jre\jre\bin\net.dll
0x00007ff844ab0000 - 0x00007ff844b16000 	C:\WINDOWS\system32\mswsock.dll
0x00007ff83e7b0000 - 0x00007ff83e7c1000 	C:\Program Files\Android\Android Studio\jre\jre\bin\nio.dll
0x00007ff843550000 - 0x00007ff84356e000 	C:\Users\Administrator\.gradle\native\25\windows-amd64\native-platform.dll
0x00007ff841ea0000 - 0x00007ff841ead000 	C:\Program Files\Android\Android Studio\jre\jre\bin\management.dll
0x00007ff844c60000 - 0x00007ff844c77000 	C:\WINDOWS\SYSTEM32\CRYPTSP.dll
0x00007ff844690000 - 0x00007ff8446c3000 	C:\WINDOWS\system32\rsaenh.dll
0x00007ff844d90000 - 0x00007ff844db5000 	C:\WINDOWS\SYSTEM32\bcrypt.dll
0x00007ff845160000 - 0x00007ff845188000 	C:\WINDOWS\SYSTEM32\USERENV.dll
0x00007ff844c80000 - 0x00007ff844c8b000 	C:\WINDOWS\SYSTEM32\CRYPTBASE.dll
0x00007ff844830000 - 0x00007ff844868000 	C:\WINDOWS\SYSTEM32\IPHLPAPI.DLL
0x00007ff848d30000 - 0x00007ff848d38000 	C:\WINDOWS\System32\NSI.dll
0x00007ff83f860000 - 0x00007ff83f876000 	C:\WINDOWS\SYSTEM32\dhcpcsvc6.DLL
0x00007ff83fbf0000 - 0x00007ff83fc0a000 	C:\WINDOWS\SYSTEM32\dhcpcsvc.DLL

VM Arguments:
jvm_args: -Xmx1536m -Dfile.encoding=x-windows-949 -Duser.country=KR -Duser.language=ko -Duser.variant 
java_command: org.gradle.launcher.daemon.bootstrap.GradleDaemon 4.10.1
java_class_path (initial): C:\Users\Administrator\.gradle\wrapper\dists\gradle-4.10.1-all\455itskqi2qtf0v2sja68alqd\gradle-4.10.1\lib\gradle-launcher-4.10.1.jar
Launcher Type: SUN_STANDARD

Environment Variables:
JAVA_HOME=C:\Program Files\Java\jdk-9.0.4
PATH=C:\ProgramData\Oracle\Java\javapath;C:\WINDOWS\system32;C:\WINDOWS;C:\WINDOWS\System32\Wbem;C:\WINDOWS\System32\WindowsPowerShell\v1.0\;C:\Users\Administrator\AppData\Local\Android\Sdk\platform-tools;C:\WINDOWS\System32\OpenSSH\;C:\Program Files (x86)\ePapyrus\Papyrus-PlugIn-ntas;C:\Program Files (x86)\ePapyrus\Papyrus-PlugIn-ntas\Addins;C:\Program Files\Git\cmd;C:\Users\Administrator\AppData\Local\Android\Sdk\platform-tools;C:\Users\Administrator\AppData\Local\Microsoft\WindowsApps;C:\Program Files\Java\jdk-9.0.4\bin;C:\Users\Administrator\AppData\Local\GitHubDesktop\bin;C:\Users\Administrator\AppData\Local\Microsoft\WindowsApps;C:\Users\Administrator\AppData\Local\Android\Sdk\tools;C:\Users\Administrator\AppData\Local\atom\bin
USERNAME=Administrator
OS=Windows_NT
PROCESSOR_IDENTIFIER=Intel64 Family 6 Model 60 Stepping 3, GenuineIntel



---------------  S Y S T E M  ---------------

OS: Windows 10.0 , 64 bit Build 17134 (10.0.17134.1)

CPU:total 8 (initial active 8) (4 cores per cpu, 2 threads per core) family 6 model 60 stepping 3, cmov, cx8, fxsr, mmx, sse, sse2, sse3, ssse3, sse4.1, sse4.2, popcnt, avx, avx2, aes, clmul, erms, lzcnt, ht, tsc, tscinvbit, bmi1, bmi2

Memory: 4k page, physical 8277044k(3106296k free), swap 33442868k(5136k free)

vm_info: OpenJDK 64-Bit Server VM (25.152-b01) for windows-amd64 JRE (1.8.0_152-release-1343-b01), built by "builder" with MS VC++ 10.0 (VS2010)

time: Mon May 13 11:06:32 2019
elapsed time: 6 seconds (0d 0h 0m 6s)

