#
# There is insufficient memory for the Java Runtime Environment to continue.
# Native memory allocation (malloc) failed to allocate 1558416 bytes for Chunk::new
# Possible reasons:
#   The system is out of physical RAM or swap space
#   In 32 bit mode, the process size limit was hit
# Possible solutions:
#   Reduce memory load on the system
#   Increase physical memory or swap space
#   Check if swap backing store is full
#   Use 64 bit Java on a 64 bit OS
#   Decrease Java heap size (-Xmx/-Xms)
#   Decrease number of Java threads
#   Decrease Java thread stack sizes (-Xss)
#   Set larger code cache with -XX:ReservedCodeCacheSize=
# This output file may be truncated or incomplete.
#
#  Out of Memory Error (allocation.cpp:390), pid=13108, tid=0x0000000000004c10
#
# JRE version: OpenJDK Runtime Environment (8.0_152-b01) (build 1.8.0_152-release-1343-b01)
# Java VM: OpenJDK 64-Bit Server VM (25.152-b01 mixed mode windows-amd64 compressed oops)
# Failed to write core dump. Minidumps are not enabled by default on client versions of Windows
#

---------------  T H R E A D  ---------------

Current thread (0x0000000016a7e000):  JavaThread "C2 CompilerThread2" daemon [_thread_in_native, id=19472, stack(0x00000000192d0000,0x00000000193d0000)]

Stack: [0x00000000192d0000,0x00000000193d0000]
[error occurred during error reporting (printing stack bounds), id 0xc0000005]

Native frames: (J=compiled Java code, j=interpreted, Vv=VM code, C=native code)


Current CompileTask:
C2:   4679 3745   !   4       com.sun.beans.TypeResolver::resolve (274 bytes)


---------------  P R O C E S S  ---------------

Java Threads: ( => current thread )
  0x000000001b537000 JavaThread "pool-1-thread-1" [_thread_blocked, id=9632, stack(0x00000000229f0000,0x0000000022af0000)]
  0x000000001b536000 JavaThread "Build operations Thread 8" [_thread_blocked, id=24100, stack(0x00000000228f0000,0x00000000229f0000)]
  0x000000001b535800 JavaThread "Build operations Thread 7" [_thread_blocked, id=15152, stack(0x00000000227f0000,0x00000000228f0000)]
  0x000000001b534800 JavaThread "Build operations Thread 6" [_thread_blocked, id=1080, stack(0x00000000226f0000,0x00000000227f0000)]
  0x000000001b534000 JavaThread "Build operations Thread 5" [_thread_blocked, id=7464, stack(0x00000000225f0000,0x00000000226f0000)]
  0x000000001b532800 JavaThread "Build operations Thread 4" [_thread_blocked, id=5448, stack(0x00000000224f0000,0x00000000225f0000)]
  0x000000001b533000 JavaThread "Build operations Thread 3" [_thread_blocked, id=20952, stack(0x00000000223f0000,0x00000000224f0000)]
  0x000000001b286000 JavaThread "Build operations Thread 2" [_thread_blocked, id=15924, stack(0x00000000210b0000,0x00000000211b0000)]
  0x000000001b289000 JavaThread "Build operations" [_thread_blocked, id=19780, stack(0x0000000020fb0000,0x00000000210b0000)]
  0x000000001b285000 JavaThread "Cache worker for Artifact transforms cache (C:\Users\Administrator\.gradle\caches\transforms-1)" [_thread_blocked, id=20800, stack(0x0000000020cb0000,0x0000000020db0000)]
  0x000000001b283800 JavaThread "Cache worker for cache directory md-rule (C:\Users\Administrator\.gradle\caches\4.10.1\md-rule)" [_thread_blocked, id=23924, stack(0x0000000020bb0000,0x0000000020cb0000)]
  0x000000001b282800 JavaThread "Cache worker for cache directory md-supplier (C:\Users\Administrator\.gradle\caches\4.10.1\md-supplier)" [_thread_blocked, id=18816, stack(0x000000001e260000,0x000000001e360000)]
  0x000000001b284000 JavaThread "Cache worker for journal cache (C:\Users\Administrator\.gradle\caches\journal-1)" [_thread_blocked, id=24532, stack(0x000000001e160000,0x000000001e260000)]
  0x000000001b287800 JavaThread "Cache worker for file hash cache (C:\Users\Administrator\AndroidStudioProjects\Habit2Good2.0\.gradle\4.10.1\fileHashes)" [_thread_blocked, id=19556, stack(0x000000001d090000,0x000000001d190000)]
  0x000000001adb9800 JavaThread "File lock request listener" [_thread_in_native, id=14780, stack(0x000000001cf90000,0x000000001d090000)]
  0x000000001af82000 JavaThread "Cache worker for file hash cache (C:\Users\Administrator\.gradle\caches\4.10.1\fileHashes)" [_thread_blocked, id=21424, stack(0x000000001ce90000,0x000000001cf90000)]
  0x000000001b0b0000 JavaThread "Stdin handler" [_thread_blocked, id=19696, stack(0x000000001cb90000,0x000000001cc90000)]
  0x000000001abcc000 JavaThread "Asynchronous log dispatcher for DefaultDaemonConnection: socket connection from /127.0.0.1:10715 to /127.0.0.1:10716" [_thread_blocked, id=20824, stack(0x000000001c990000,0x000000001ca90000)]
  0x000000001b0b2800 JavaThread "Daemon worker" [_thread_in_native, id=19316, stack(0x000000001c890000,0x000000001c990000)]
  0x000000001b003000 JavaThread "Cancel handler" [_thread_blocked, id=24416, stack(0x000000001c790000,0x000000001c890000)]
  0x000000001a89f800 JavaThread "Handler for socket connection from /127.0.0.1:10715 to /127.0.0.1:10716" [_thread_in_native, id=6748, stack(0x000000001c490000,0x000000001c590000)]
  0x000000001a89e800 JavaThread "Daemon" [_thread_blocked, id=20504, stack(0x000000001c390000,0x000000001c490000)]
  0x000000001b0b5800 JavaThread "Daemon periodic checks" [_thread_blocked, id=23176, stack(0x000000001c290000,0x000000001c390000)]
  0x000000001acb8000 JavaThread "Incoming local TCP Connector on port 10715" [_thread_in_native, id=17464, stack(0x000000001c0b0000,0x000000001c1b0000)]
  0x0000000018a65000 JavaThread "Service Thread" daemon [_thread_blocked, id=18776, stack(0x00000000194d0000,0x00000000195d0000)]
  0x00000000189e6800 JavaThread "C1 CompilerThread3" daemon [_thread_in_vm, id=17248, stack(0x00000000193d0000,0x00000000194d0000)]
=>0x0000000016a7e000 JavaThread "C2 CompilerThread2" daemon [_thread_in_native, id=19472, stack(0x00000000192d0000,0x00000000193d0000)]
  0x0000000016a7c800 JavaThread "C2 CompilerThread1" daemon [_thread_blocked, id=18720, stack(0x00000000191d0000,0x00000000192d0000)]
  0x0000000016a7a000 JavaThread "C2 CompilerThread0" daemon [_thread_in_native, id=15348, stack(0x00000000190d0000,0x00000000191d0000)]
  0x00000000189d0000 JavaThread "Attach Listener" daemon [_thread_blocked, id=17612, stack(0x0000000018fd0000,0x00000000190d0000)]
  0x000000001897d800 JavaThread "Signal Dispatcher" daemon [_thread_blocked, id=18376, stack(0x0000000018ed0000,0x0000000018fd0000)]
  0x0000000002cae800 JavaThread "Finalizer" daemon [_thread_blocked, id=24464, stack(0x0000000018d40000,0x0000000018e40000)]
  0x0000000002ca5000 JavaThread "Reference Handler" daemon [_thread_blocked, id=17884, stack(0x0000000018840000,0x0000000018940000)]
  0x0000000000e8e800 JavaThread "main" [_thread_blocked, id=23828, stack(0x0000000002ab0000,0x0000000002bb0000)]

Other Threads:
  0x0000000016a67000 VMThread [stack: 0x0000000018740000,0x0000000018840000] [id=19264]
  0x0000000018a65800 WatcherThread [stack: 0x00000000195d0000,0x00000000196d0000] [id=23276]

VM state:not at safepoint (normal execution)

VM Mutex/Monitor currently owned by a thread: None

Heap:
 PSYoungGen      total 113664K, used 44056K [0x00000000e0000000, 0x00000000e8180000, 0x0000000100000000)
  eden space 101888K, 31% used [0x00000000e0000000,0x00000000e1f87888,0x00000000e6380000)
  from space 11776K, 99% used [0x00000000e7600000,0x00000000e817ea78,0x00000000e8180000)
  to   space 13312K, 0% used [0x00000000e6780000,0x00000000e6780000,0x00000000e7480000)
 ParOldGen       total 96256K, used 17777K [0x00000000a0000000, 0x00000000a5e00000, 0x00000000e0000000)
  object space 96256K, 18% used [0x00000000a0000000,0x00000000a115c510,0x00000000a5e00000)
 Metaspace       used 42269K, capacity 43298K, committed 43520K, reserved 1087488K
  class space    used 5742K, capacity 6108K, committed 6144K, reserved 1048576K

Card table byte_map: [0x0000000012070000,0x0000000012380000] byte_map_base: 0x0000000011b70000

Marking Bits: (ParMarkBitMap*) 0x000000005fa65aa0
 Begin Bits: [0x0000000012d80000, 0x0000000014580000)
 End Bits:   [0x0000000014580000, 0x0000000015d80000)

Polling page: 0x0000000000920000

CodeCache: size=245760Kb used=14033Kb max_used=14089Kb free=231726Kb
 bounds [0x0000000002cb0000, 0x0000000003a80000, 0x0000000011cb0000]
 total_blobs=4588 nmethods=3843 adapters=658
 compilation: enabled

Compilation events (10 events):
Event: 4.672 Thread 0x0000000016a7c800 3836       4       java.util.HashMap::<init> (11 bytes)
Event: 4.673 Thread 0x0000000016a7c800 nmethod 3836 0x00000000039bb290 code [0x00000000039bb3c0, 0x00000000039bb418]
Event: 4.673 Thread 0x0000000016a7c800 3828       4       java.lang.Class$MethodArray::<init> (38 bytes)
Event: 4.673 Thread 0x00000000189e6800 3870       3       org.codehaus.groovy.runtime.metaclass.MetaMethodIndex::addMethodToList (298 bytes)
Event: 4.673 Thread 0x0000000016a7c800 nmethod 3828 0x0000000003a695d0 code [0x0000000003a69720, 0x0000000003a69878]
Event: 4.674 Thread 0x00000000189e6800 nmethod 3870 0x0000000003a77ed0 code [0x0000000003a782a0, 0x0000000003a7a708]
Event: 4.674 Thread 0x00000000189e6800 3871       3       groovy.lang.MetaClassImpl$1MOPIter::methodNameAction (479 bytes)
Event: 4.675 Thread 0x00000000189e6800 nmethod 3871 0x0000000003a7b490 code [0x0000000003a7b8e0, 0x0000000003a7e2f8]
Event: 4.675 Thread 0x00000000189e6800 3872       3       org.codehaus.groovy.reflection.CachedClass$1::initValue (53 bytes)
Event: 4.675 Thread 0x00000000189e6800 nmethod 3872 0x0000000003a68710 code [0x0000000003a688e0, 0x0000000003a69208]

GC Heap History (10 events):
Event: 3.034 GC heap before
{Heap before GC invocations=8 (full 1):
 PSYoungGen      total 55808K, used 55723K [0x00000000e0000000, 0x00000000e5000000, 0x0000000100000000)
  eden space 51712K, 100% used [0x00000000e0000000,0x00000000e3280000,0x00000000e3280000)
  from space 4096K, 97% used [0x00000000e4c00000,0x00000000e4feaf78,0x00000000e5000000)
  to   space 11264K, 0% used [0x00000000e3a00000,0x00000000e3a00000,0x00000000e4500000)
 ParOldGen       total 64512K, used 9927K [0x00000000a0000000, 0x00000000a3f00000, 0x00000000e0000000)
  object space 64512K, 15% used [0x00000000a0000000,0x00000000a09b1ef0,0x00000000a3f00000)
 Metaspace       used 27925K, capacity 28502K, committed 28672K, reserved 1073152K
  class space    used 3846K, capacity 4070K, committed 4096K, reserved 1048576K
Event: 3.039 GC heap after
Heap after GC invocations=8 (full 1):
 PSYoungGen      total 70656K, used 6474K [0x00000000e0000000, 0x00000000e6300000, 0x0000000100000000)
  eden space 59392K, 0% used [0x00000000e0000000,0x00000000e0000000,0x00000000e3a00000)
  from space 11264K, 57% used [0x00000000e3a00000,0x00000000e40529b8,0x00000000e4500000)
  to   space 10752K, 0% used [0x00000000e5880000,0x00000000e5880000,0x00000000e6300000)
 ParOldGen       total 64512K, used 9935K [0x00000000a0000000, 0x00000000a3f00000, 0x00000000e0000000)
  object space 64512K, 15% used [0x00000000a0000000,0x00000000a09b3ef0,0x00000000a3f00000)
 Metaspace       used 27925K, capacity 28502K, committed 28672K, reserved 1073152K
  class space    used 3846K, capacity 4070K, committed 4096K, reserved 1048576K
}
Event: 3.574 GC heap before
{Heap before GC invocations=9 (full 1):
 PSYoungGen      total 70656K, used 65866K [0x00000000e0000000, 0x00000000e6300000, 0x0000000100000000)
  eden space 59392K, 100% used [0x00000000e0000000,0x00000000e3a00000,0x00000000e3a00000)
  from space 11264K, 57% used [0x00000000e3a00000,0x00000000e40529b8,0x00000000e4500000)
  to   space 10752K, 0% used [0x00000000e5880000,0x00000000e5880000,0x00000000e6300000)
 ParOldGen       total 64512K, used 9935K [0x00000000a0000000, 0x00000000a3f00000, 0x00000000e0000000)
  object space 64512K, 15% used [0x00000000a0000000,0x00000000a09b3ef0,0x00000000a3f00000)
 Metaspace       used 30842K, capacity 31464K, committed 31744K, reserved 1077248K
  class space    used 4289K, capacity 4523K, committed 4608K, reserved 1048576K
Event: 3.584 GC heap after
Heap after GC invocations=9 (full 1):
 PSYoungGen      total 89600K, used 9904K [0x00000000e0000000, 0x00000000e7200000, 0x0000000100000000)
  eden space 78848K, 0% used [0x00000000e0000000,0x00000000e0000000,0x00000000e4d00000)
  from space 10752K, 92% used [0x00000000e5880000,0x00000000e622c3f8,0x00000000e6300000)
  to   space 11776K, 0% used [0x00000000e4d00000,0x00000000e4d00000,0x00000000e5880000)
 ParOldGen       total 64512K, used 9943K [0x00000000a0000000, 0x00000000a3f00000, 0x00000000e0000000)
  object space 64512K, 15% used [0x00000000a0000000,0x00000000a09b5ef0,0x00000000a3f00000)
 Metaspace       used 30842K, capacity 31464K, committed 31744K, reserved 1077248K
  class space    used 4289K, capacity 4523K, committed 4608K, reserved 1048576K
}
Event: 3.858 GC heap before
{Heap before GC invocations=10 (full 1):
 PSYoungGen      total 89600K, used 34382K [0x00000000e0000000, 0x00000000e7200000, 0x0000000100000000)
  eden space 78848K, 31% used [0x00000000e0000000,0x00000000e17e77f0,0x00000000e4d00000)
  from space 10752K, 92% used [0x00000000e5880000,0x00000000e622c3f8,0x00000000e6300000)
  to   space 11776K, 0% used [0x00000000e4d00000,0x00000000e4d00000,0x00000000e5880000)
 ParOldGen       total 64512K, used 9943K [0x00000000a0000000, 0x00000000a3f00000, 0x00000000e0000000)
  object space 64512K, 15% used [0x00000000a0000000,0x00000000a09b5ef0,0x00000000a3f00000)
 Metaspace       used 34577K, capacity 35302K, committed 35416K, reserved 1079296K
  class space    used 4829K, capacity 5099K, committed 5120K, reserved 1048576K
Event: 3.867 GC heap after
Heap after GC invocations=10 (full 1):
 PSYoungGen      total 90624K, used 8432K [0x00000000e0000000, 0x00000000e8180000, 0x0000000100000000)
  eden space 78848K, 0% used [0x00000000e0000000,0x00000000e0000000,0x00000000e4d00000)
  from space 11776K, 71% used [0x00000000e4d00000,0x00000000e553c3f0,0x00000000e5880000)
  to   space 11776K, 0% used [0x00000000e7600000,0x00000000e7600000,0x00000000e8180000)
 ParOldGen       total 64512K, used 11835K [0x00000000a0000000, 0x00000000a3f00000, 0x00000000e0000000)
  object space 64512K, 18% used [0x00000000a0000000,0x00000000a0b8ef30,0x00000000a3f00000)
 Metaspace       used 34577K, capacity 35302K, committed 35416K, reserved 1079296K
  class space    used 4829K, capacity 5099K, committed 5120K, reserved 1048576K
}
Event: 3.867 GC heap before
{Heap before GC invocations=11 (full 2):
 PSYoungGen      total 90624K, used 8432K [0x00000000e0000000, 0x00000000e8180000, 0x0000000100000000)
  eden space 78848K, 0% used [0x00000000e0000000,0x00000000e0000000,0x00000000e4d00000)
  from space 11776K, 71% used [0x00000000e4d00000,0x00000000e553c3f0,0x00000000e5880000)
  to   space 11776K, 0% used [0x00000000e7600000,0x00000000e7600000,0x00000000e8180000)
 ParOldGen       total 64512K, used 11835K [0x00000000a0000000, 0x00000000a3f00000, 0x00000000e0000000)
  object space 64512K, 18% used [0x00000000a0000000,0x00000000a0b8ef30,0x00000000a3f00000)
 Metaspace       used 34577K, capacity 35302K, committed 35416K, reserved 1079296K
  class space    used 4829K, capacity 5099K, committed 5120K, reserved 1048576K
Event: 3.913 GC heap after
Heap after GC invocations=11 (full 2):
 PSYoungGen      total 90624K, used 0K [0x00000000e0000000, 0x00000000e8180000, 0x0000000100000000)
  eden space 78848K, 0% used [0x00000000e0000000,0x00000000e0000000,0x00000000e4d00000)
  from space 11776K, 0% used [0x00000000e4d00000,0x00000000e4d00000,0x00000000e5880000)
  to   space 11776K, 0% used [0x00000000e7600000,0x00000000e7600000,0x00000000e8180000)
 ParOldGen       total 96256K, used 17300K [0x00000000a0000000, 0x00000000a5e00000, 0x00000000e0000000)
  object space 96256K, 17% used [0x00000000a0000000,0x00000000a10e53e8,0x00000000a5e00000)
 Metaspace       used 34577K, capacity 35302K, committed 35416K, reserved 1079296K
  class space    used 4829K, capacity 5099K, committed 5120K, reserved 1048576K
}
Event: 4.498 GC heap before
{Heap before GC invocations=12 (full 2):
 PSYoungGen      total 90624K, used 78848K [0x00000000e0000000, 0x00000000e8180000, 0x0000000100000000)
  eden space 78848K, 100% used [0x00000000e0000000,0x00000000e4d00000,0x00000000e4d00000)
  from space 11776K, 0% used [0x00000000e4d00000,0x00000000e4d00000,0x00000000e5880000)
  to   space 11776K, 0% used [0x00000000e7600000,0x00000000e7600000,0x00000000e8180000)
 ParOldGen       total 96256K, used 17300K [0x00000000a0000000, 0x00000000a5e00000, 0x00000000e0000000)
  object space 96256K, 17% used [0x00000000a0000000,0x00000000a10e53e8,0x00000000a5e00000)
 Metaspace       used 41905K, capacity 42844K, committed 43136K, reserved 1087488K
  class space    used 5682K, capacity 6002K, committed 6016K, reserved 1048576K
Event: 4.510 GC heap after
Heap after GC invocations=12 (full 2):
 PSYoungGen      total 113664K, used 11770K [0x00000000e0000000, 0x00000000e8180000, 0x0000000100000000)
  eden space 101888K, 0% used [0x00000000e0000000,0x00000000e0000000,0x00000000e6380000)
  from space 11776K, 99% used [0x00000000e7600000,0x00000000e817ea78,0x00000000e8180000)
  to   space 13312K, 0% used [0x00000000e6780000,0x00000000e6780000,0x00000000e7480000)
 ParOldGen       total 96256K, used 17777K [0x00000000a0000000, 0x00000000a5e00000, 0x00000000e0000000)
  object space 96256K, 18% used [0x00000000a0000000,0x00000000a115c510,0x00000000a5e00000)
 Metaspace       used 41905K, capacity 42844K, committed 43136K, reserved 1087488K
  class space    used 5682K, capacity 6002K, committed 6016K, reserved 1048576K
}

Deoptimization events (10 events):
Event: 4.126 Thread 0x000000001b0b2800 Uncommon trap: reason=unstable_if action=reinterpret pc=0x000000000313b0fc method=java.lang.CharacterDataLatin1.isWhitespace(I)Z @ 14
Event: 4.152 Thread 0x000000001b0b2800 Uncommon trap: reason=unstable_if action=reinterpret pc=0x00000000038344a8 method=java.util.jar.JarFile.getInputStream(Ljava/util/zip/ZipEntry;)Ljava/io/InputStream; @ 37
Event: 4.153 Thread 0x000000001b0b2800 Uncommon trap: reason=unstable_if action=reinterpret pc=0x000000000383b788 method=java.util.jar.JarFile$JarFileEntry.getCodeSigners()[Ljava/security/CodeSigner; @ 24
Event: 4.154 Thread 0x000000001b0b2800 Uncommon trap: reason=unstable_if action=reinterpret pc=0x0000000003214bac method=java.security.CodeSource.getCertificates()[Ljava/security/cert/Certificate; @ 22
Event: 4.155 Thread 0x000000001b0b2800 Uncommon trap: reason=unstable_if action=reinterpret pc=0x000000000381b2fc method=java.security.CodeSource.matchCerts(Ljava/security/CodeSource;Z)Z @ 11
Event: 4.170 Thread 0x000000001b0b2800 Uncommon trap: reason=unstable_if action=reinterpret pc=0x00000000036c62d0 method=java.util.LinkedHashMap.get(Ljava/lang/Object;)Ljava/lang/Object; @ 20
Event: 4.214 Thread 0x000000001b0b2800 Uncommon trap: reason=unstable_if action=reinterpret pc=0x00000000035b3e30 method=org.objectweb.asm.ByteVector.putUTF8(Ljava/lang/String;)Lorg/objectweb/asm/ByteVector; @ 91
Event: 4.648 Thread 0x000000001b0b2800 Uncommon trap: reason=unstable_if action=reinterpret pc=0x0000000003a4896c method=groovy.lang.MetaClassImpl.checkIfStdMethod(Lgroovy/lang/MetaMethod;)V @ 55
Event: 4.673 Thread 0x000000001b0b2800 Uncommon trap: reason=unstable_if action=reinterpret pc=0x00000000035edc0c method=org.codehaus.groovy.runtime.metaclass.MetaMethodIndex.isNonRealMethod(Lgroovy/lang/MetaMethod;)Z @ 4
Event: 4.673 Thread 0x000000001b0b2800 Uncommon trap: reason=unstable_if action=reinterpret pc=0x00000000037bec50 method=groovy.lang.MetaClassImpl$1MOPIter.methodNameAction(Ljava/lang/Class;Lorg/codehaus/groovy/runtime/metaclass/MetaMethodIndex$Entry;)V @ 259

Classes redefined (0 events):
No events

Internal exceptions (10 events):
Event: 4.658 Thread 0x000000001b0b2800 Exception <a 'java/lang/ClassNotFoundException': groovy/lang/ReferenceBeanInfo> (0x00000000e1aeda50) thrown at [D:\src\AOSP-openjdk-cygwin\jdk8u\hotspot\src\share\vm\classfile\systemDictionary.cpp, line 210]
Event: 4.658 Thread 0x000000001b0b2800 Exception <a 'java/lang/ClassNotFoundException': groovy/lang/ReferenceCustomizer> (0x00000000e1b18dd0) thrown at [D:\src\AOSP-openjdk-cygwin\jdk8u\hotspot\src\share\vm\classfile\systemDictionary.cpp, line 210]
Event: 4.661 Thread 0x000000001b0b2800 Exception <a 'java/lang/ClassNotFoundException': org/gradle/api/internal/plugins/DefaultConventionBeanInfo> (0x00000000e1b7e5b0) thrown at [D:\src\AOSP-openjdk-cygwin\jdk8u\hotspot\src\share\vm\classfile\systemDictionary.cpp, line 210]
Event: 4.661 Thread 0x000000001b0b2800 Exception <a 'java/lang/ClassNotFoundException': org/gradle/api/internal/plugins/DefaultConventionCustomizer> (0x00000000e1bb4898) thrown at [D:\src\AOSP-openjdk-cygwin\jdk8u\hotspot\src\share\vm\classfile\systemDictionary.cpp, line 210]
Event: 4.665 Thread 0x000000001b0b2800 Exception <a 'java/lang/ClassNotFoundException': com/google/gms/googleservices/GoogleServicesPlugin$GoogleServicesPluginConfig_DecoratedBeanInfo> (0x00000000e1c4cb90) thrown at [D:\src\AOSP-openjdk-cygwin\jdk8u\hotspot\src\share\vm\classfile\systemDiction
Event: 4.665 Thread 0x000000001b0b2800 Exception <a 'java/lang/ClassNotFoundException': com/google/gms/googleservices/GoogleServicesPlugin$GoogleServicesPluginConfig_DecoratedCustomizer> (0x00000000e1c6e5f0) thrown at [D:\src\AOSP-openjdk-cygwin\jdk8u\hotspot\src\share\vm\classfile\systemDicti
Event: 4.670 Thread 0x000000001b0b2800 Exception <a 'java/lang/ClassNotFoundException': org/gradle/configuration/internal/DefaultListenerBuildOperationDecorator$BuildOperationEmittingClosureBeanInfo> (0x00000000e1d29710) thrown at [D:\src\AOSP-openjdk-cygwin\jdk8u\hotspot\src\share\vm\classfil
Event: 4.671 Thread 0x000000001b0b2800 Exception <a 'java/lang/ClassNotFoundException': org/gradle/configuration/internal/DefaultListenerBuildOperationDecorator$BuildOperationEmittingClosureCustomizer> (0x00000000e1d7f308) thrown at [D:\src\AOSP-openjdk-cygwin\jdk8u\hotspot\src\share\vm\classf
Event: 4.673 Thread 0x000000001b0b2800 Exception <a 'java/lang/ClassNotFoundException': com/google/gms/googleservices/GoogleServicesPlugin$PluginTypeBeanInfo> (0x00000000e1dcedd0) thrown at [D:\src\AOSP-openjdk-cygwin\jdk8u\hotspot\src\share\vm\classfile\systemDictionary.cpp, line 210]
Event: 4.674 Thread 0x000000001b0b2800 Exception <a 'java/lang/ClassNotFoundException': com/google/gms/googleservices/GoogleServicesPlugin$PluginTypeCustomizer> (0x00000000e1dea108) thrown at [D:\src\AOSP-openjdk-cygwin\jdk8u\hotspot\src\share\vm\classfile\systemDictionary.cpp, line 210]

Events (10 events):
Event: 4.675 loading class org/codehaus/groovy/runtime/callsite/StaticMetaMethodSite
Event: 4.675 loading class org/codehaus/groovy/runtime/callsite/StaticMetaMethodSite done
Event: 4.675 loading class org/codehaus/groovy/runtime/typehandling/ShortTypeHandling
Event: 4.675 loading class org/codehaus/groovy/runtime/typehandling/ShortTypeHandling done
Event: 4.676 loading class org/codehaus/groovy/runtime/typehandling/ShortTypeHandling
Event: 4.676 loading class org/codehaus/groovy/runtime/typehandling/ShortTypeHandling done
Event: 4.676 loading class org/codehaus/groovy/runtime/typehandling/DefaultTypeTransformation
Event: 4.676 loading class org/codehaus/groovy/runtime/typehandling/DefaultTypeTransformation done
Event: 4.676 loading class org/codehaus/groovy/runtime/callsite/StaticMetaMethodSite$StaticMetaMethodSiteNoUnwrapNoCoerce
Event: 4.676 loading class org/codehaus/groovy/runtime/callsite/StaticMetaMethodSite$StaticMetaMethodSiteNoUnwrapNoCoerce done


Dynamic libraries:
0x00007ff7cfbf0000 - 0x00007ff7cfc21000 	C:\Program Files\Android\Android Studio\jre\bin\java.exe
0x00007ff848f20000 - 0x00007ff849101000 	C:\WINDOWS\SYSTEM32\ntdll.dll
0x00007ff8486d0000 - 0x00007ff848782000 	C:\WINDOWS\System32\KERNEL32.DLL
0x00007ff846130000 - 0x00007ff8463a3000 	C:\WINDOWS\System32\KERNELBASE.dll
0x00007ff848040000 - 0x00007ff8480e1000 	C:\WINDOWS\System32\ADVAPI32.dll
0x00007ff8463b0000 - 0x00007ff84644e000 	C:\WINDOWS\System32\msvcrt.dll
0x00007ff848cc0000 - 0x00007ff848d1b000 	C:\WINDOWS\System32\sechost.dll
0x00007ff848150000 - 0x00007ff848274000 	C:\WINDOWS\System32\RPCRT4.dll
0x00007ff847da0000 - 0x00007ff847f30000 	C:\WINDOWS\System32\USER32.dll
0x00007ff845f70000 - 0x00007ff845f90000 	C:\WINDOWS\System32\win32u.dll
0x00007ff848c90000 - 0x00007ff848cb8000 	C:\WINDOWS\System32\GDI32.dll
0x00007ff845f90000 - 0x00007ff846122000 	C:\WINDOWS\System32\gdi32full.dll
0x00007ff845d00000 - 0x00007ff845d9f000 	C:\WINDOWS\System32\msvcp_win.dll
0x00007ff845df0000 - 0x00007ff845eea000 	C:\WINDOWS\System32\ucrtbase.dll
0x00007ff837690000 - 0x00007ff8378f9000 	C:\WINDOWS\WinSxS\amd64_microsoft.windows.common-controls_6595b64144ccf1df_6.0.17134.523_none_fb409dd930672a56\COMCTL32.dll
0x00007ff847a70000 - 0x00007ff847d92000 	C:\WINDOWS\System32\combase.dll
0x00007ff845ef0000 - 0x00007ff845f6a000 	C:\WINDOWS\System32\bcryptPrimitives.dll
0x00007ff848d40000 - 0x00007ff848d6d000 	C:\WINDOWS\System32\IMM32.DLL
0x000000005fde0000 - 0x000000005feb2000 	C:\Program Files\Android\Android Studio\jre\jre\bin\msvcr100.dll
0x000000005f2a0000 - 0x000000005fae1000 	C:\Program Files\Android\Android Studio\jre\jre\bin\server\jvm.dll
0x00007ff848d70000 - 0x00007ff848d78000 	C:\WINDOWS\System32\PSAPI.DLL
0x00007ff8218a0000 - 0x00007ff8218a9000 	C:\WINDOWS\SYSTEM32\WSOCK32.dll
0x00007ff8433a0000 - 0x00007ff8433c3000 	C:\WINDOWS\SYSTEM32\WINMM.dll
0x00007ff8489d0000 - 0x00007ff848a3c000 	C:\WINDOWS\System32\WS2_32.dll
0x00007ff838820000 - 0x00007ff83882a000 	C:\WINDOWS\SYSTEM32\VERSION.dll
0x00007ff843370000 - 0x00007ff84339a000 	C:\WINDOWS\SYSTEM32\WINMMBASE.dll
0x00007ff845da0000 - 0x00007ff845de9000 	C:\WINDOWS\System32\cfgmgr32.dll
0x00007ff841ed0000 - 0x00007ff841edf000 	C:\Program Files\Android\Android Studio\jre\jre\bin\verify.dll
0x00007ff841d70000 - 0x00007ff841d99000 	C:\Program Files\Android\Android Studio\jre\jre\bin\java.dll
0x00007ff840c10000 - 0x00007ff840c26000 	C:\Program Files\Android\Android Studio\jre\jre\bin\zip.dll
0x00007ff8464b0000 - 0x00007ff8478f0000 	C:\WINDOWS\System32\SHELL32.dll
0x00007ff848a40000 - 0x00007ff848ae9000 	C:\WINDOWS\System32\shcore.dll
0x00007ff8455f0000 - 0x00007ff845cfd000 	C:\WINDOWS\System32\windows.storage.dll
0x00007ff8480f0000 - 0x00007ff848141000 	C:\WINDOWS\System32\shlwapi.dll
0x00007ff8452d0000 - 0x00007ff8452e1000 	C:\WINDOWS\System32\kernel.appcore.dll
0x00007ff8452b0000 - 0x00007ff8452cf000 	C:\WINDOWS\System32\profapi.dll
0x00007ff845240000 - 0x00007ff84528c000 	C:\WINDOWS\System32\powrprof.dll
0x00007ff845230000 - 0x00007ff84523a000 	C:\WINDOWS\System32\FLTLIB.DLL
0x00007ff83ee60000 - 0x00007ff83ee7a000 	C:\Program Files\Android\Android Studio\jre\jre\bin\net.dll
0x00007ff844ab0000 - 0x00007ff844b16000 	C:\WINDOWS\system32\mswsock.dll
0x00007ff83e7b0000 - 0x00007ff83e7c1000 	C:\Program Files\Android\Android Studio\jre\jre\bin\nio.dll
0x00007ff843550000 - 0x00007ff84356e000 	C:\Users\Administrator\.gradle\native\25\windows-amd64\native-platform.dll
0x00007ff841ea0000 - 0x00007ff841ead000 	C:\Program Files\Android\Android Studio\jre\jre\bin\management.dll
0x00007ff844c60000 - 0x00007ff844c77000 	C:\WINDOWS\SYSTEM32\CRYPTSP.dll
0x00007ff844690000 - 0x00007ff8446c3000 	C:\WINDOWS\system32\rsaenh.dll
0x00007ff844d90000 - 0x00007ff844db5000 	C:\WINDOWS\SYSTEM32\bcrypt.dll
0x00007ff845160000 - 0x00007ff845188000 	C:\WINDOWS\SYSTEM32\USERENV.dll
0x00007ff844c80000 - 0x00007ff844c8b000 	C:\WINDOWS\SYSTEM32\CRYPTBASE.dll
0x00007ff844830000 - 0x00007ff844868000 	C:\WINDOWS\SYSTEM32\IPHLPAPI.DLL
0x00007ff848d30000 - 0x00007ff848d38000 	C:\WINDOWS\System32\NSI.dll
0x00007ff83f860000 - 0x00007ff83f876000 	C:\WINDOWS\SYSTEM32\dhcpcsvc6.DLL
0x00007ff83fbf0000 - 0x00007ff83fc0a000 	C:\WINDOWS\SYSTEM32\dhcpcsvc.DLL

VM Arguments:
jvm_args: -Xmx1536m -Dfile.encoding=x-windows-949 -Duser.country=KR -Duser.language=ko -Duser.variant 
java_command: org.gradle.launcher.daemon.bootstrap.GradleDaemon 4.10.1
java_class_path (initial): C:\Users\Administrator\.gradle\wrapper\dists\gradle-4.10.1-all\455itskqi2qtf0v2sja68alqd\gradle-4.10.1\lib\gradle-launcher-4.10.1.jar
Launcher Type: SUN_STANDARD

Environment Variables:
JAVA_HOME=C:\Program Files\Java\jdk-9.0.4
PATH=C:\ProgramData\Oracle\Java\javapath;C:\WINDOWS\system32;C:\WINDOWS;C:\WINDOWS\System32\Wbem;C:\WINDOWS\System32\WindowsPowerShell\v1.0\;C:\Users\Administrator\AppData\Local\Android\Sdk\platform-tools;C:\WINDOWS\System32\OpenSSH\;C:\Program Files (x86)\ePapyrus\Papyrus-PlugIn-ntas;C:\Program Files (x86)\ePapyrus\Papyrus-PlugIn-ntas\Addins;C:\Program Files\Git\cmd;C:\Users\Administrator\AppData\Local\Android\Sdk\platform-tools;C:\Users\Administrator\AppData\Local\Microsoft\WindowsApps;C:\Program Files\Java\jdk-9.0.4\bin;C:\Users\Administrator\AppData\Local\GitHubDesktop\bin;C:\Users\Administrator\AppData\Local\Microsoft\WindowsApps;C:\Users\Administrator\AppData\Local\Android\Sdk\tools;C:\Users\Administrator\AppData\Local\atom\bin
USERNAME=Administrator
OS=Windows_NT
PROCESSOR_IDENTIFIER=Intel64 Family 6 Model 60 Stepping 3, GenuineIntel



---------------  S Y S T E M  ---------------

OS: Windows 10.0 , 64 bit Build 17134 (10.0.17134.1)

CPU:total 8 (initial active 8) (4 cores per cpu, 2 threads per core) family 6 model 60 stepping 3, cmov, cx8, fxsr, mmx, sse, sse2, sse3, ssse3, sse4.1, sse4.2, popcnt, avx, avx2, aes, clmul, erms, lzcnt, ht, tsc, tscinvbit, bmi1, bmi2

Memory: 4k page, physical 8277044k(3182024k free), swap 33442868k(6244k free)

vm_info: OpenJDK 64-Bit Server VM (25.152-b01) for windows-amd64 JRE (1.8.0_152-release-1343-b01), built by "builder" with MS VC++ 10.0 (VS2010)

time: Mon May 13 11:12:29 2019
elapsed time: 4 seconds (0d 0h 0m 4s)

