#
# There is insufficient memory for the Java Runtime Environment to continue.
# Native memory allocation (malloc) failed to allocate 1177136 bytes for Chunk::new
# Possible reasons:
#   The system is out of physical RAM or swap space
#   In 32 bit mode, the process size limit was hit
# Possible solutions:
#   Reduce memory load on the system
#   Increase physical memory or swap space
#   Check if swap backing store is full
#   Use 64 bit Java on a 64 bit OS
#   Decrease Java heap size (-Xmx/-Xms)
#   Decrease number of Java threads
#   Decrease Java thread stack sizes (-Xss)
#   Set larger code cache with -XX:ReservedCodeCacheSize=
# This output file may be truncated or incomplete.
#
#  Out of Memory Error (allocation.cpp:390), pid=17272, tid=0x00000000000057e4
#
# JRE version: OpenJDK Runtime Environment (8.0_152-b06) (build 1.8.0_152-release-1136-b06)
# Java VM: OpenJDK 64-Bit Server VM (25.152-b06 mixed mode windows-amd64 compressed oops)
# Failed to write core dump. Minidumps are not enabled by default on client versions of Windows
#

---------------  T H R E A D  ---------------

Current thread (0x0000000018803000):  JavaThread "C2 CompilerThread0" daemon [_thread_in_native, id=22500, stack(0x0000000018f00000,0x0000000019000000)]

Stack: [0x0000000018f00000,0x0000000019000000]
[error occurred during error reporting (printing stack bounds), id 0xc0000005]

Native frames: (J=compiled Java code, j=interpreted, Vv=VM code, C=native code)


Current CompileTask:
C2: 628151 21136       4       org.gradle.internal.graph.CachingDirectedGraphWalker::doSearch (659 bytes)


---------------  P R O C E S S  ---------------

Java Threads: ( => current thread )
  0x0000000020ec6000 JavaThread "Task worker for ':' Thread 7" [_thread_blocked, id=20752, stack(0x000000002fe60000,0x000000002ff60000)]
  0x0000000020ec5000 JavaThread "Task worker for ':' Thread 6" [_thread_blocked, id=3668, stack(0x000000002fd60000,0x000000002fe60000)]
  0x0000000020ec4000 JavaThread "Task worker for ':' Thread 5" [_thread_blocked, id=18676, stack(0x000000002fc60000,0x000000002fd60000)]
  0x0000000020ec0800 JavaThread "Task worker for ':' Thread 4" [_thread_blocked, id=12144, stack(0x000000002fb60000,0x000000002fc60000)]
  0x0000000020ec3800 JavaThread "Task worker for ':' Thread 3" [_thread_blocked, id=24808, stack(0x000000002fa60000,0x000000002fb60000)]
  0x0000000020ebb000 JavaThread "Task worker for ':' Thread 2" [_thread_blocked, id=8292, stack(0x000000002f960000,0x000000002fa60000)]
  0x0000000020ec2000 JavaThread "Task worker for ':'" [_thread_blocked, id=29396, stack(0x000000002f860000,0x000000002f960000)]
  0x0000000020ebd800 JavaThread "Cache worker for Build Output Cleanup Cache (C:\Users\Administrator\AndroidStudioProjects\Habit2Good\.gradle\buildOutputCleanup)" [_thread_blocked, id=4088, stack(0x000000002f760000,0x000000002f860000)]
  0x0000000020ebc800 JavaThread "Cache worker for task history cache (C:\Users\Administrator\AndroidStudioProjects\Habit2Good\.gradle\4.6\taskHistory)" [_thread_blocked, id=8308, stack(0x000000002f660000,0x000000002f760000)]
  0x0000000020ec1000 JavaThread "Cache worker for file content cache (C:\Users\Administrator\AndroidStudioProjects\Habit2Good\.gradle\4.6\fileContent)" [_thread_blocked, id=22232, stack(0x000000002f560000,0x000000002f660000)]
  0x000000001c85e000 JavaThread "Build operations Thread 8" [_thread_in_Java, id=24088, stack(0x000000002f460000,0x000000002f560000)]
  0x000000001c85d000 JavaThread "Build operations Thread 7" [_thread_blocked, id=15860, stack(0x000000002f360000,0x000000002f460000)]
  0x000000001c857800 JavaThread "Build operations Thread 6" [_thread_in_vm, id=10184, stack(0x000000002f260000,0x000000002f360000)]
  0x000000001c858800 JavaThread "Build operations Thread 5" [_thread_in_native, id=16984, stack(0x000000002f160000,0x000000002f260000)]
  0x000000001c855800 JavaThread "Build operations Thread 4" [_thread_blocked, id=24404, stack(0x000000002f060000,0x000000002f160000)]
  0x000000001c85a000 JavaThread "Build operations Thread 3" [_thread_blocked, id=9820, stack(0x000000002ef60000,0x000000002f060000)]
  0x000000001c85c000 JavaThread "Build operations Thread 2" [_thread_in_native, id=27016, stack(0x000000002ee60000,0x000000002ef60000)]
  0x000000001c85b800 JavaThread "Build operations" [_thread_blocked, id=13664, stack(0x000000002ed60000,0x000000002ee60000)]
  0x000000001c854800 JavaThread "Cache worker for Artifact transforms cache (C:\Users\Administrator\.gradle\caches\transforms-1)" [_thread_blocked, id=12944, stack(0x000000002ec60000,0x000000002ed60000)]
  0x000000001c857000 JavaThread "Cache worker for file hash cache (C:\Users\Administrator\AndroidStudioProjects\Habit2Good\.gradle\4.6\fileHashes)" [_thread_blocked, id=14720, stack(0x000000002eb60000,0x000000002ec60000)]
  0x000000001c854000 JavaThread "Stdin handler" [_thread_blocked, id=19324, stack(0x000000002ea60000,0x000000002eb60000)]
  0x000000001c85a800 JavaThread "Asynchronous log dispatcher for DefaultDaemonConnection: socket connection from /127.0.0.1:14126 to /127.0.0.1:14328" [_thread_in_native, id=29408, stack(0x000000002e960000,0x000000002ea60000)]
  0x000000001c852800 JavaThread "Cancel handler" [_thread_blocked, id=17824, stack(0x000000002e860000,0x000000002e960000)]
  0x000000001c856000 JavaThread "Handler for socket connection from /127.0.0.1:14126 to /127.0.0.1:14328" [_thread_in_native, id=29176, stack(0x000000002e760000,0x000000002e860000)]
  0x0000000020ec2800 JavaThread "Daemon worker Thread 3" [_thread_blocked, id=22372, stack(0x000000002c860000,0x000000002c960000)]
  0x0000000020ebe000 JavaThread "Daemon Thread 3" [_thread_blocked, id=28324, stack(0x000000002c560000,0x000000002c660000)]
  0x000000001c851800 JavaThread "Memory manager" [_thread_blocked, id=23108, stack(0x00000000229f0000,0x0000000022af0000)]
  0x000000001c853000 JavaThread "pool-1-thread-1" [_thread_blocked, id=4372, stack(0x00000000228f0000,0x00000000229f0000)]
  0x000000001a8d8800 JavaThread "File lock request listener" [_thread_in_native, id=25536, stack(0x000000001bda0000,0x000000001bea0000)]
  0x000000001a8ed000 JavaThread "Cache worker for file hash cache (C:\Users\Administrator\.gradle\caches\4.6\fileHashes)" [_thread_blocked, id=15364, stack(0x000000001bca0000,0x000000001bda0000)]
  0x0000000018aff800 JavaThread "Daemon periodic checks" [_thread_blocked, id=27388, stack(0x000000001b0a0000,0x000000001b1a0000)]
  0x000000001a5df800 JavaThread "Incoming local TCP Connector on port 14126" [_thread_in_native, id=24600, stack(0x000000001aed0000,0x000000001afd0000)]
  0x000000001885a000 JavaThread "Service Thread" daemon [_thread_blocked, id=18204, stack(0x0000000019300000,0x0000000019400000)]
  0x000000001880d000 JavaThread "C1 CompilerThread3" daemon [_thread_blocked, id=22772, stack(0x0000000019200000,0x0000000019300000)]
  0x0000000016899800 JavaThread "C2 CompilerThread2" daemon [_thread_blocked, id=29404, stack(0x0000000019100000,0x0000000019200000)]
  0x0000000016898000 JavaThread "C2 CompilerThread1" daemon [_thread_blocked, id=10592, stack(0x0000000019000000,0x0000000019100000)]
=>0x0000000018803000 JavaThread "C2 CompilerThread0" daemon [_thread_in_native, id=22500, stack(0x0000000018f00000,0x0000000019000000)]
  0x00000000187ae800 JavaThread "Attach Listener" daemon [_thread_blocked, id=11424, stack(0x0000000018e00000,0x0000000018f00000)]
  0x00000000187ad800 JavaThread "Signal Dispatcher" daemon [_thread_blocked, id=23156, stack(0x0000000018d00000,0x0000000018e00000)]
  0x0000000018790800 JavaThread "Finalizer" daemon [_thread_blocked, id=12460, stack(0x0000000018b70000,0x0000000018c70000)]
  0x0000000002ac5000 JavaThread "Reference Handler" daemon [_thread_blocked, id=22548, stack(0x0000000018670000,0x0000000018770000)]
  0x00000000029ce800 JavaThread "main" [_thread_blocked, id=27488, stack(0x0000000002890000,0x0000000002990000)]

Other Threads:
  0x0000000016885800 VMThread [stack: 0x0000000018570000,0x0000000018670000] [id=27628]
  0x000000001885a800 WatcherThread [stack: 0x0000000019400000,0x0000000019500000] [id=22244]

VM state:not at safepoint (normal execution)

VM Mutex/Monitor currently owned by a thread: None

Heap:
 PSYoungGen      total 478720K, used 171235K [0x00000000e0000000, 0x00000000ffc80000, 0x0000000100000000)
  eden space 434688K, 36% used [0x00000000e0000000,0x00000000e9bea3f0,0x00000000fa880000)
  from space 44032K, 26% used [0x00000000fa880000,0x00000000fb3ceaf8,0x00000000fd380000)
  to   space 41984K, 0% used [0x00000000fd380000,0x00000000fd380000,0x00000000ffc80000)
 ParOldGen       total 219136K, used 102338K [0x00000000a0000000, 0x00000000ad600000, 0x00000000e0000000)
  object space 219136K, 46% used [0x00000000a0000000,0x00000000a63f0ab0,0x00000000ad600000)
 Metaspace       used 90770K, capacity 95462K, committed 95616K, reserved 1132544K
  class space    used 11616K, capacity 12643K, committed 12672K, reserved 1048576K

Card table byte_map: [0x0000000011e90000,0x00000000121a0000] byte_map_base: 0x0000000011990000

Marking Bits: (ParMarkBitMap*) 0x000000005f4c5aa0
 Begin Bits: [0x0000000012ba0000, 0x00000000143a0000)
 End Bits:   [0x00000000143a0000, 0x0000000015ba0000)

Polling page: 0x0000000002490000

CodeCache: size=245760Kb used=57146Kb max_used=57538Kb free=188613Kb
 bounds [0x0000000002ad0000, 0x0000000006360000, 0x0000000011ad0000]
 total_blobs=17506 nmethods=16616 adapters=800
 compilation: enabled

Compilation events (10 events):
Event: 627.870 Thread 0x000000001880d000 21188       3       org.gradle.api.internal.artifacts.ivyservice.projectmodule.ProjectDependencyResolver::resolveArtifact (58 bytes)
Event: 627.871 Thread 0x000000001880d000 nmethod 21188 0x00000000039ace50 code [0x00000000039ad040, 0x00000000039adb58]
Event: 627.881 Thread 0x0000000016899800 21189       4       sun.nio.fs.WindowsFileAttributes::fromFileAttributeData (104 bytes)
Event: 627.882 Thread 0x0000000016899800 nmethod 21189 0x00000000049c0bd0 code [0x00000000049c0d20, 0x00000000049c0e38]
Event: 627.889 Thread 0x000000001880d000 21190       3       java.util.concurrent.locks.AbstractQueuedSynchronizer::compareAndSetHead (13 bytes)
Event: 627.890 Thread 0x000000001880d000 nmethod 21190 0x000000000566da50 code [0x000000000566dba0, 0x000000000566dd30]
Event: 627.924 Thread 0x000000001880d000 21191       3       java.lang.ThreadLocal$ThreadLocalMap::getEntryAfterMiss (63 bytes)
Event: 627.924 Thread 0x000000001880d000 nmethod 21191 0x00000000042aedd0 code [0x00000000042aef60, 0x00000000042af4c8]
Event: 627.927 Thread 0x0000000016898000 21192   !   4       java.nio.file.FileTreeWalker::visit (204 bytes)
Event: 628.040 Thread 0x0000000016898000 nmethod 21192 0x00000000061bacd0 code [0x00000000061bb1a0, 0x00000000061bea68]

GC Heap History (10 events):
Event: 108.129 GC heap before
{Heap before GC invocations=21 (full 4):
 PSYoungGen      total 420352K, used 10868K [0x00000000e0000000, 0x00000000fff00000, 0x0000000100000000)
  eden space 372224K, 0% used [0x00000000e0000000,0x00000000e0000000,0x00000000f6b80000)
  from space 48128K, 22% used [0x00000000f6b80000,0x00000000f761d308,0x00000000f9a80000)
  to   space 47104K, 0% used [0x00000000fd100000,0x00000000fd100000,0x00000000fff00000)
 ParOldGen       total 142848K, used 119161K [0x00000000a0000000, 0x00000000a8b80000, 0x00000000e0000000)
  object space 142848K, 83% used [0x00000000a0000000,0x00000000a745e450,0x00000000a8b80000)
 Metaspace       used 78238K, capacity 81084K, committed 81280K, reserved 1120256K
  class space    used 10045K, capacity 10802K, committed 10880K, reserved 1048576K
Event: 108.288 GC heap after
Heap after GC invocations=21 (full 4):
 PSYoungGen      total 420352K, used 0K [0x00000000e0000000, 0x00000000fff00000, 0x0000000100000000)
  eden space 372224K, 0% used [0x00000000e0000000,0x00000000e0000000,0x00000000f6b80000)
  from space 48128K, 0% used [0x00000000f6b80000,0x00000000f6b80000,0x00000000f9a80000)
  to   space 47104K, 0% used [0x00000000fd100000,0x00000000fd100000,0x00000000fff00000)
 ParOldGen       total 219136K, used 83565K [0x00000000a0000000, 0x00000000ad600000, 0x00000000e0000000)
  object space 219136K, 38% used [0x00000000a0000000,0x00000000a519b560,0x00000000ad600000)
 Metaspace       used 78075K, capacity 80814K, committed 81280K, reserved 1120256K
  class space    used 10024K, capacity 10747K, committed 10880K, reserved 1048576K
}
Event: 110.109 GC heap before
{Heap before GC invocations=22 (full 4):
 PSYoungGen      total 420352K, used 372224K [0x00000000e0000000, 0x00000000fff00000, 0x0000000100000000)
  eden space 372224K, 100% used [0x00000000e0000000,0x00000000f6b80000,0x00000000f6b80000)
  from space 48128K, 0% used [0x00000000f6b80000,0x00000000f6b80000,0x00000000f9a80000)
  to   space 47104K, 0% used [0x00000000fd100000,0x00000000fd100000,0x00000000fff00000)
 ParOldGen       total 219136K, used 83565K [0x00000000a0000000, 0x00000000ad600000, 0x00000000e0000000)
  object space 219136K, 38% used [0x00000000a0000000,0x00000000a519b560,0x00000000ad600000)
 Metaspace       used 87147K, capacity 91308K, committed 91648K, reserved 1128448K
  class space    used 11235K, capacity 12172K, committed 12288K, reserved 1048576K
Event: 110.124 GC heap after
Heap after GC invocations=22 (full 4):
 PSYoungGen      total 471040K, used 18076K [0x00000000e0000000, 0x00000000ffa00000, 0x0000000100000000)
  eden space 429056K, 0% used [0x00000000e0000000,0x00000000e0000000,0x00000000fa300000)
  from space 41984K, 43% used [0x00000000fd100000,0x00000000fe2a7398,0x00000000ffa00000)
  to   space 44544K, 0% used [0x00000000fa300000,0x00000000fa300000,0x00000000fce80000)
 ParOldGen       total 219136K, used 83573K [0x00000000a0000000, 0x00000000ad600000, 0x00000000e0000000)
  object space 219136K, 38% used [0x00000000a0000000,0x00000000a519d560,0x00000000ad600000)
 Metaspace       used 87147K, capacity 91308K, committed 91648K, reserved 1128448K
  class space    used 11235K, capacity 12172K, committed 12288K, reserved 1048576K
}
Event: 111.212 GC heap before
{Heap before GC invocations=23 (full 4):
 PSYoungGen      total 471040K, used 447132K [0x00000000e0000000, 0x00000000ffa00000, 0x0000000100000000)
  eden space 429056K, 100% used [0x00000000e0000000,0x00000000fa300000,0x00000000fa300000)
  from space 41984K, 43% used [0x00000000fd100000,0x00000000fe2a7398,0x00000000ffa00000)
  to   space 44544K, 0% used [0x00000000fa300000,0x00000000fa300000,0x00000000fce80000)
 ParOldGen       total 219136K, used 83573K [0x00000000a0000000, 0x00000000ad600000, 0x00000000e0000000)
  object space 219136K, 38% used [0x00000000a0000000,0x00000000a519d560,0x00000000ad600000)
 Metaspace       used 87574K, capacity 91772K, committed 91904K, reserved 1128448K
  class space    used 11266K, capacity 12206K, committed 12288K, reserved 1048576K
Event: 111.223 GC heap after
Heap after GC invocations=23 (full 4):
 PSYoungGen      total 473600K, used 2821K [0x00000000e0000000, 0x0000000100000000, 0x0000000100000000)
  eden space 429056K, 0% used [0x00000000e0000000,0x00000000e0000000,0x00000000fa300000)
  from space 44544K, 6% used [0x00000000fa300000,0x00000000fa5c16d0,0x00000000fce80000)
  to   space 45056K, 0% used [0x00000000fd400000,0x00000000fd400000,0x0000000100000000)
 ParOldGen       total 219136K, used 93326K [0x00000000a0000000, 0x00000000ad600000, 0x00000000e0000000)
  object space 219136K, 42% used [0x00000000a0000000,0x00000000a5b23ab8,0x00000000ad600000)
 Metaspace       used 87574K, capacity 91772K, committed 91904K, reserved 1128448K
  class space    used 11266K, capacity 12206K, committed 12288K, reserved 1048576K
}
Event: 112.395 GC heap before
{Heap before GC invocations=24 (full 4):
 PSYoungGen      total 473600K, used 431877K [0x00000000e0000000, 0x0000000100000000, 0x0000000100000000)
  eden space 429056K, 100% used [0x00000000e0000000,0x00000000fa300000,0x00000000fa300000)
  from space 44544K, 6% used [0x00000000fa300000,0x00000000fa5c16d0,0x00000000fce80000)
  to   space 45056K, 0% used [0x00000000fd400000,0x00000000fd400000,0x0000000100000000)
 ParOldGen       total 219136K, used 93326K [0x00000000a0000000, 0x00000000ad600000, 0x00000000e0000000)
  object space 219136K, 42% used [0x00000000a0000000,0x00000000a5b23ab8,0x00000000ad600000)
 Metaspace       used 87632K, capacity 91836K, committed 92160K, reserved 1128448K
  class space    used 11267K, capacity 12206K, committed 12288K, reserved 1048576K
Event: 112.404 GC heap after
Heap after GC invocations=24 (full 4):
 PSYoungGen      total 478208K, used 9501K [0x00000000e0000000, 0x00000000ffe80000, 0x0000000100000000)
  eden space 434688K, 0% used [0x00000000e0000000,0x00000000e0000000,0x00000000fa880000)
  from space 43520K, 21% used [0x00000000fd400000,0x00000000fdd47458,0x00000000ffe80000)
  to   space 44032K, 0% used [0x00000000fa880000,0x00000000fa880000,0x00000000fd380000)
 ParOldGen       total 219136K, used 95883K [0x00000000a0000000, 0x00000000ad600000, 0x00000000e0000000)
  object space 219136K, 43% used [0x00000000a0000000,0x00000000a5da2c80,0x00000000ad600000)
 Metaspace       used 87632K, capacity 91836K, committed 92160K, reserved 1128448K
  class space    used 11267K, capacity 12206K, committed 12288K, reserved 1048576K
}
Event: 573.164 GC heap before
{Heap before GC invocations=25 (full 4):
 PSYoungGen      total 478208K, used 444189K [0x00000000e0000000, 0x00000000ffe80000, 0x0000000100000000)
  eden space 434688K, 100% used [0x00000000e0000000,0x00000000fa880000,0x00000000fa880000)
  from space 43520K, 21% used [0x00000000fd400000,0x00000000fdd47458,0x00000000ffe80000)
  to   space 44032K, 0% used [0x00000000fa880000,0x00000000fa880000,0x00000000fd380000)
 ParOldGen       total 219136K, used 95883K [0x00000000a0000000, 0x00000000ad600000, 0x00000000e0000000)
  object space 219136K, 43% used [0x00000000a0000000,0x00000000a5da2c80,0x00000000ad600000)
 Metaspace       used 90457K, capacity 95056K, committed 95360K, reserved 1132544K
  class space    used 11601K, capacity 12618K, committed 12672K, reserved 1048576K
Event: 573.177 GC heap after
Heap after GC invocations=25 (full 4):
 PSYoungGen      total 478720K, used 11578K [0x00000000e0000000, 0x00000000ffc80000, 0x0000000100000000)
  eden space 434688K, 0% used [0x00000000e0000000,0x00000000e0000000,0x00000000fa880000)
  from space 44032K, 26% used [0x00000000fa880000,0x00000000fb3ceaf8,0x00000000fd380000)
  to   space 41984K, 0% used [0x00000000fd380000,0x00000000fd380000,0x00000000ffc80000)
 ParOldGen       total 219136K, used 102338K [0x00000000a0000000, 0x00000000ad600000, 0x00000000e0000000)
  object space 219136K, 46% used [0x00000000a0000000,0x00000000a63f0ab0,0x00000000ad600000)
 Metaspace       used 90457K, capacity 95056K, committed 95360K, reserved 1132544K
  class space    used 11601K, capacity 12618K, committed 12672K, reserved 1048576K
}

Deoptimization events (10 events):
Event: 573.434 Thread 0x000000001c59b800 Uncommon trap: reason=class_check action=maybe_recompile pc=0x00000000050af9a0 method=java.io.BufferedWriter.flushBuffer()V @ 34
Event: 573.434 Thread 0x000000001c59b800 Uncommon trap: reason=class_check action=maybe_recompile pc=0x00000000050af9a0 method=java.io.BufferedWriter.flushBuffer()V @ 34
Event: 573.790 Thread 0x000000001c59b800 Uncommon trap: reason=array_check action=maybe_recompile pc=0x00000000061db3d0 method=java.util.TimSort.reverseRange([Ljava/lang/Object;II)V @ 27
Event: 579.515 Thread 0x000000001c5a1800 Uncommon trap: reason=unstable_if action=reinterpret pc=0x000000000545353c method=java.util.concurrent.locks.AbstractQueuedSynchronizer$ConditionObject.awaitNanos(J)J @ 89
Event: 604.276 Thread 0x000000001c853000 Uncommon trap: reason=unstable_if action=reinterpret pc=0x00000000049af538 method=java.util.concurrent.FutureTask.run()V @ 4
Event: 627.501 Thread 0x0000000020ec2800 Uncommon trap: reason=array_check action=maybe_recompile pc=0x0000000005f4df7c method=com.google.common.collect.ImmutableSet.construct(I[Ljava/lang/Object;)Lcom/google/common/collect/ImmutableSet; @ 122
Event: 627.502 Thread 0x0000000020ec2800 Uncommon trap: reason=array_check action=maybe_recompile pc=0x0000000005f4df7c method=com.google.common.collect.ImmutableSet.construct(I[Ljava/lang/Object;)Lcom/google/common/collect/ImmutableSet; @ 122
Event: 627.502 Thread 0x0000000020ec2800 Uncommon trap: reason=array_check action=maybe_recompile pc=0x0000000005f4df7c method=com.google.common.collect.ImmutableSet.construct(I[Ljava/lang/Object;)Lcom/google/common/collect/ImmutableSet; @ 122
Event: 627.502 Thread 0x0000000020ec2800 Uncommon trap: reason=array_check action=maybe_recompile pc=0x0000000005f4df7c method=com.google.common.collect.ImmutableSet.construct(I[Ljava/lang/Object;)Lcom/google/common/collect/ImmutableSet; @ 122
Event: 627.652 Thread 0x0000000020ec2800 Uncommon trap: reason=class_check action=maybe_recompile pc=0x0000000004633e64 method=com.google.common.collect.AbstractMapBasedMultimap$WrappedCollection.refreshIfEmpty()V @ 40

Classes redefined (0 events):
No events

Internal exceptions (10 events):
Event: 571.701 Thread 0x0000000020ec2800 Exception <a 'sun/nio/fs/WindowsException'> (0x00000000f5d8f0f8) thrown at [D:\src\AOSP-openjdk-cygwin\jdk8u\hotspot\src\share\vm\prims\jni.cpp, line 709]
Event: 571.763 Thread 0x0000000020ec2800 Exception <a 'java/lang/reflect/InvocationTargetException'> (0x00000000f647b188) thrown at [D:\src\AOSP-openjdk-cygwin\jdk8u\hotspot\src\share\vm\runtime\reflection.cpp, line 1092]
Event: 573.371 Thread 0x000000001c59b800 Implicit null exception at 0x0000000004808657 to 0x000000000480b901
Event: 573.371 Thread 0x000000001c59b800 Implicit null exception at 0x00000000047c3d3b to 0x00000000047c4685
Event: 579.486 Thread 0x000000001c59b800 Exception <a 'java/io/IOException'> (0x00000000e613f658) thrown at [D:\src\AOSP-openjdk-cygwin\jdk8u\hotspot\src\share\vm\prims\jni.cpp, line 709]
Event: 579.486 Thread 0x000000001c59b800 Exception <a 'java/lang/reflect/InvocationTargetException'> (0x00000000e613fc40) thrown at [D:\src\AOSP-openjdk-cygwin\jdk8u\hotspot\src\share\vm\runtime\reflection.cpp, line 1092]
Event: 579.574 Thread 0x0000000020ebe000 Exception <a 'java/lang/NoSuchMethodError': <clinit>> (0x00000000e67f83c8) thrown at [D:\src\AOSP-openjdk-cygwin\jdk8u\hotspot\src\share\vm\prims\jni.cpp, line 1613]
Event: 627.624 Thread 0x0000000020ec2800 Exception <a 'sun/nio/fs/WindowsException'> (0x00000000e7685750) thrown at [D:\src\AOSP-openjdk-cygwin\jdk8u\hotspot\src\share\vm\prims\jni.cpp, line 709]
Event: 627.626 Thread 0x0000000020ec2800 Exception <a 'sun/nio/fs/WindowsException'> (0x00000000e7691818) thrown at [D:\src\AOSP-openjdk-cygwin\jdk8u\hotspot\src\share\vm\prims\jni.cpp, line 709]
Event: 627.681 Thread 0x0000000020ec2800 Exception <a 'java/lang/reflect/InvocationTargetException'> (0x00000000e7d79218) thrown at [D:\src\AOSP-openjdk-cygwin\jdk8u\hotspot\src\share\vm\runtime\reflection.cpp, line 1092]

Events (10 events):
Event: 627.755 Thread 0x000000001880d000 flushing nmethod 0x00000000049c0ad0
Event: 627.756 Thread 0x000000001880d000 flushing nmethod 0x0000000004bfce50
Event: 627.757 Thread 0x000000001880d000 flushing nmethod 0x0000000004d47f90
Event: 627.762 Thread 0x000000001880d000 flushing nmethod 0x000000000566d950
Event: 627.762 Thread 0x000000001880d000 flushing nmethod 0x00000000056a3210
Event: 627.763 Thread 0x000000001880d000 flushing nmethod 0x0000000005716d50
Event: 627.764 Thread 0x000000001880d000 flushing nmethod 0x000000000598c010
Event: 627.765 Thread 0x000000001880d000 flushing nmethod 0x00000000059e3550
Event: 627.767 Thread 0x000000001880d000 flushing nmethod 0x00000000060fb5d0
Event: 627.767 Thread 0x000000001880d000 flushing nmethod 0x00000000061b9750


Dynamic libraries:
0x00007ff6b9bb0000 - 0x00007ff6b9be1000 	C:\Program Files\Android\Android Studio\jre\bin\java.exe
0x00007ffcef990000 - 0x00007ffcefb71000 	C:\WINDOWS\SYSTEM32\ntdll.dll
0x00007ffcef840000 - 0x00007ffcef8f2000 	C:\WINDOWS\System32\KERNEL32.DLL
0x00007ffcebeb0000 - 0x00007ffcec123000 	C:\WINDOWS\System32\KERNELBASE.dll
0x00007ffcede40000 - 0x00007ffcedee1000 	C:\WINDOWS\System32\ADVAPI32.dll
0x00007ffcedef0000 - 0x00007ffcedf8e000 	C:\WINDOWS\System32\msvcrt.dll
0x00007ffcee350000 - 0x00007ffcee3ab000 	C:\WINDOWS\System32\sechost.dll
0x00007ffcecfd0000 - 0x00007ffced0f4000 	C:\WINDOWS\System32\RPCRT4.dll
0x00007ffceda00000 - 0x00007ffcedb90000 	C:\WINDOWS\System32\USER32.dll
0x00007ffcec1b0000 - 0x00007ffcec1d0000 	C:\WINDOWS\System32\win32u.dll
0x00007ffced160000 - 0x00007ffced188000 	C:\WINDOWS\System32\GDI32.dll
0x00007ffcec2e0000 - 0x00007ffcec472000 	C:\WINDOWS\System32\gdi32full.dll
0x00007ffcec480000 - 0x00007ffcec51f000 	C:\WINDOWS\System32\msvcp_win.dll
0x00007ffcebdb0000 - 0x00007ffcebeaa000 	C:\WINDOWS\System32\ucrtbase.dll
0x00007ffcdcaf0000 - 0x00007ffcdcd59000 	C:\WINDOWS\WinSxS\amd64_microsoft.windows.common-controls_6595b64144ccf1df_6.0.17134.345_none_fb429a5930656358\COMCTL32.dll
0x00007ffced6d0000 - 0x00007ffced9f3000 	C:\WINDOWS\System32\combase.dll
0x00007ffcec130000 - 0x00007ffcec1aa000 	C:\WINDOWS\System32\bcryptPrimitives.dll
0x00007ffcee3b0000 - 0x00007ffcee3dd000 	C:\WINDOWS\System32\IMM32.DLL
0x000000005ec20000 - 0x000000005ecf2000 	C:\Program Files\Android\Android Studio\jre\jre\bin\msvcr100.dll
0x000000005ed00000 - 0x000000005f541000 	C:\Program Files\Android\Android Studio\jre\jre\bin\server\jvm.dll
0x00007ffcedda0000 - 0x00007ffcedda8000 	C:\WINDOWS\System32\PSAPI.DLL
0x00007ffcdf0c0000 - 0x00007ffcdf0ca000 	C:\WINDOWS\SYSTEM32\VERSION.dll
0x00007ffcccad0000 - 0x00007ffcccad9000 	C:\WINDOWS\SYSTEM32\WSOCK32.dll
0x00007ffce9e40000 - 0x00007ffce9e63000 	C:\WINDOWS\SYSTEM32\WINMM.dll
0x00007ffceddc0000 - 0x00007ffcede2c000 	C:\WINDOWS\System32\WS2_32.dll
0x00007ffce99d0000 - 0x00007ffce99fa000 	C:\WINDOWS\SYSTEM32\WINMMBASE.dll
0x00007ffcebd60000 - 0x00007ffcebda9000 	C:\WINDOWS\System32\cfgmgr32.dll
0x00007ffce8980000 - 0x00007ffce898f000 	C:\Program Files\Android\Android Studio\jre\jre\bin\verify.dll
0x00007ffce8010000 - 0x00007ffce8039000 	C:\Program Files\Android\Android Studio\jre\jre\bin\java.dll
0x00007ffce8960000 - 0x00007ffce8976000 	C:\Program Files\Android\Android Studio\jre\jre\bin\zip.dll
0x00007ffcee400000 - 0x00007ffcef83f000 	C:\WINDOWS\System32\SHELL32.dll
0x00007ffcedcf0000 - 0x00007ffcedd99000 	C:\WINDOWS\System32\shcore.dll
0x00007ffcec710000 - 0x00007ffcece1d000 	C:\WINDOWS\System32\windows.storage.dll
0x00007ffced100000 - 0x00007ffced151000 	C:\WINDOWS\System32\shlwapi.dll
0x00007ffcebcc0000 - 0x00007ffcebcd1000 	C:\WINDOWS\System32\kernel.appcore.dll
0x00007ffcebce0000 - 0x00007ffcebcff000 	C:\WINDOWS\System32\profapi.dll
0x00007ffcebd00000 - 0x00007ffcebd4c000 	C:\WINDOWS\System32\powrprof.dll
0x00007ffcebd50000 - 0x00007ffcebd5a000 	C:\WINDOWS\System32\FLTLIB.DLL
0x00007ffce86d0000 - 0x00007ffce86ea000 	C:\Program Files\Android\Android Studio\jre\jre\bin\net.dll
0x00007ffceb520000 - 0x00007ffceb586000 	C:\WINDOWS\system32\mswsock.dll
0x00007ffce8690000 - 0x00007ffce86a1000 	C:\Program Files\Android\Android Studio\jre\jre\bin\nio.dll
0x00007ffce5cf0000 - 0x00007ffce5d0e000 	C:\Users\Administrator\.gradle\native\25\windows-amd64\native-platform.dll
0x00007ffce8730000 - 0x00007ffce873d000 	C:\Program Files\Android\Android Studio\jre\jre\bin\management.dll
0x00007ffceb6d0000 - 0x00007ffceb6e7000 	C:\WINDOWS\SYSTEM32\CRYPTSP.dll
0x00007ffceb100000 - 0x00007ffceb133000 	C:\WINDOWS\system32\rsaenh.dll
0x00007ffceb800000 - 0x00007ffceb825000 	C:\WINDOWS\SYSTEM32\bcrypt.dll
0x00007ffcebba0000 - 0x00007ffcebbc8000 	C:\WINDOWS\SYSTEM32\USERENV.dll
0x00007ffceb6f0000 - 0x00007ffceb6fb000 	C:\WINDOWS\SYSTEM32\CRYPTBASE.dll
0x00007ffceb2a0000 - 0x00007ffceb2d8000 	C:\WINDOWS\SYSTEM32\IPHLPAPI.DLL
0x00007ffceddb0000 - 0x00007ffceddb8000 	C:\WINDOWS\System32\NSI.dll
0x00007ffce6a50000 - 0x00007ffce6a66000 	C:\WINDOWS\SYSTEM32\dhcpcsvc6.DLL
0x00007ffce6b00000 - 0x00007ffce6b1a000 	C:\WINDOWS\SYSTEM32\dhcpcsvc.DLL
0x00007ffce5a90000 - 0x00007ffce5ab4000 	C:\Program Files\Android\Android Studio\jre\jre\bin\sunec.dll
0x00007ffceb2e0000 - 0x00007ffceb39e000 	C:\WINDOWS\SYSTEM32\DNSAPI.dll
0x00007ffce2230000 - 0x00007ffce223a000 	C:\Windows\System32\rasadhlp.dll
0x00007ffce3a00000 - 0x00007ffce3a72000 	C:\WINDOWS\System32\fwpuclnt.dll
0x00007ffce8040000 - 0x00007ffce804b000 	C:\Program Files\Android\Android Studio\jre\jre\bin\sunmscapi.dll
0x00007ffcec520000 - 0x00007ffcec702000 	C:\WINDOWS\System32\CRYPT32.dll
0x00007ffcebca0000 - 0x00007ffcebcb2000 	C:\WINDOWS\System32\MSASN1.dll

VM Arguments:
jvm_args: -Xmx1536m -Dfile.encoding=x-windows-949 -Duser.country=KR -Duser.language=ko -Duser.variant 
java_command: org.gradle.launcher.daemon.bootstrap.GradleDaemon 4.6
java_class_path (initial): C:\Users\Administrator\.gradle\wrapper\dists\gradle-4.6-all\bcst21l2brirad8k2ben1letg\gradle-4.6\lib\gradle-launcher-4.6.jar
Launcher Type: SUN_STANDARD

Environment Variables:
JAVA_HOME=C:\Program Files\Java\jdk-9.0.4
PATH=C:\ProgramData\Oracle\Java\javapath;C:\WINDOWS\system32;C:\WINDOWS;C:\WINDOWS\System32\Wbem;C:\WINDOWS\System32\WindowsPowerShell\v1.0\;C:\Users\Administrator\AppData\Local\Android\Sdk\platform-tools;C:\WINDOWS\System32\OpenSSH\;C:\Program Files (x86)\ePapyrus\Papyrus-PlugIn-ntas;C:\Program Files (x86)\ePapyrus\Papyrus-PlugIn-ntas\Addins;C:\Program Files\Git\cmd;C:\Users\Administrator\AppData\Local\Android\Sdk\platform-tools;C:\Users\Administrator\AppData\Local\Microsoft\WindowsApps;C:\Program Files\Java\jdk-9.0.4\bin;C:\Users\Administrator\AppData\Local\GitHubDesktop\bin;C:\Users\Administrator\AppData\Local\Microsoft\WindowsApps;C:\Users\Administrator\AppData\Local\Android\Sdk\tools;C:\Users\Administrator\AppData\Local\atom\bin
USERNAME=Administrator
OS=Windows_NT
PROCESSOR_IDENTIFIER=Intel64 Family 6 Model 60 Stepping 3, GenuineIntel



---------------  S Y S T E M  ---------------

OS: Windows 10.0 , 64 bit Build 17134 (10.0.17134.1)

CPU:total 8 (initial active 8) (4 cores per cpu, 2 threads per core) family 6 model 60 stepping 3, cmov, cx8, fxsr, mmx, sse, sse2, sse3, ssse3, sse4.1, sse4.2, popcnt, avx, avx2, aes, clmul, erms, lzcnt, ht, tsc, tscinvbit, bmi1, bmi2

Memory: 4k page, physical 8277268k(578032k free), swap 33443092k(5524k free)

vm_info: OpenJDK 64-Bit Server VM (25.152-b06) for windows-amd64 JRE (1.8.0_152-release-1136-b06), built by "builder" with MS VC++ 10.0 (VS2010)

time: Wed Nov 07 10:16:01 2018
elapsed time: 628 seconds (0d 0h 10m 28s)

