#
# There is insufficient memory for the Java Runtime Environment to continue.
# Native memory allocation (malloc) failed to allocate 1379744 bytes for Chunk::new
# Possible reasons:
#   The system is out of physical RAM or swap space
#   In 32 bit mode, the process size limit was hit
# Possible solutions:
#   Reduce memory load on the system
#   Increase physical memory or swap space
#   Check if swap backing store is full
#   Use 64 bit Java on a 64 bit OS
#   Decrease Java heap size (-Xmx/-Xms)
#   Decrease number of Java threads
#   Decrease Java thread stack sizes (-Xss)
#   Set larger code cache with -XX:ReservedCodeCacheSize=
# This output file may be truncated or incomplete.
#
#  Out of Memory Error (allocation.cpp:390), pid=16024, tid=0x0000000000004cbc
#
# JRE version: OpenJDK Runtime Environment (8.0_152-b06) (build 1.8.0_152-release-1136-b06)
# Java VM: OpenJDK 64-Bit Server VM (25.152-b06 mixed mode windows-amd64 compressed oops)
# Failed to write core dump. Minidumps are not enabled by default on client versions of Windows
#

---------------  T H R E A D  ---------------

Current thread (0x0000000018bb1800):  JavaThread "C2 CompilerThread0" daemon [_thread_in_native, id=19644, stack(0x0000000019220000,0x0000000019320000)]

Stack: [0x0000000019220000,0x0000000019320000]
[error occurred during error reporting (printing stack bounds), id 0xc0000005]

Native frames: (J=compiled Java code, j=interpreted, Vv=VM code, C=native code)


Current CompileTask:
C2:  10152 6815   !   4       java.io.ObjectOutputStream::writeObject0 (619 bytes)


---------------  P R O C E S S  ---------------

Java Threads: ( => current thread )
  0x000000001c382800 JavaThread "Task worker for ':' Thread 7" [_thread_blocked, id=13276, stack(0x0000000025e00000,0x0000000025f00000)]
  0x000000001c385000 JavaThread "Task worker for ':' Thread 6" [_thread_blocked, id=29592, stack(0x0000000025d00000,0x0000000025e00000)]
  0x000000001c384000 JavaThread "Task worker for ':' Thread 5" [_thread_blocked, id=7272, stack(0x0000000025c00000,0x0000000025d00000)]
  0x000000001c386800 JavaThread "Task worker for ':' Thread 4" [_thread_blocked, id=27744, stack(0x0000000025b00000,0x0000000025c00000)]
  0x000000001c385800 JavaThread "Task worker for ':' Thread 3" [_thread_blocked, id=21212, stack(0x0000000025a00000,0x0000000025b00000)]
  0x0000000019b99800 JavaThread "Task worker for ':' Thread 2" [_thread_blocked, id=29612, stack(0x0000000025900000,0x0000000025a00000)]
  0x0000000019b9d800 JavaThread "Task worker for ':'" [_thread_blocked, id=24544, stack(0x0000000025800000,0x0000000025900000)]
  0x0000000019b99000 JavaThread "Cache worker for Build Output Cleanup Cache (C:\Users\Administrator\AndroidStudioProjects\Habit2Good\.gradle\buildOutputCleanup)" [_thread_blocked, id=3088, stack(0x0000000025700000,0x0000000025800000)]
  0x0000000019b9d000 JavaThread "Cache worker for task history cache (C:\Users\Administrator\AndroidStudioProjects\Habit2Good\.gradle\4.6\taskHistory)" [_thread_blocked, id=28744, stack(0x00000000253b0000,0x00000000254b0000)]
  0x0000000019b9c000 JavaThread "Cache worker for file content cache (C:\Users\Administrator\AndroidStudioProjects\Habit2Good\.gradle\4.6\fileContent)" [_thread_blocked, id=10136, stack(0x00000000233a0000,0x00000000234a0000)]
  0x000000001eabe800 JavaThread "Memory manager" [_thread_blocked, id=10536, stack(0x0000000023020000,0x0000000023120000)]
  0x000000001eac1800 JavaThread "pool-1-thread-1" [_thread_blocked, id=6308, stack(0x00000000228c0000,0x00000000229c0000)]
  0x000000001eac2000 JavaThread "Build operations Thread 8" [_thread_blocked, id=684, stack(0x00000000227c0000,0x00000000228c0000)]
  0x000000001eac0800 JavaThread "Build operations Thread 7" [_thread_blocked, id=23164, stack(0x00000000226c0000,0x00000000227c0000)]
  0x000000001d04d000 JavaThread "Build operations Thread 6" [_thread_in_native, id=26156, stack(0x00000000225c0000,0x00000000226c0000)]
  0x000000001d053800 JavaThread "Build operations Thread 5" [_thread_blocked, id=24108, stack(0x00000000224c0000,0x00000000225c0000)]
  0x000000001d051800 JavaThread "Build operations Thread 4" [_thread_in_Java, id=28004, stack(0x00000000223c0000,0x00000000224c0000)]
  0x000000001d050800 JavaThread "Build operations Thread 3" [_thread_blocked, id=18556, stack(0x0000000020e40000,0x0000000020f40000)]
  0x000000001d050000 JavaThread "Build operations Thread 2" [_thread_blocked, id=10884, stack(0x0000000020aa0000,0x0000000020ba0000)]
  0x000000001d04f000 JavaThread "Build operations" [_thread_blocked, id=17160, stack(0x00000000209a0000,0x0000000020aa0000)]
  0x000000001d053000 JavaThread "Cache worker for Artifact transforms cache (C:\Users\Administrator\.gradle\caches\transforms-1)" [_thread_blocked, id=12140, stack(0x00000000208a0000,0x00000000209a0000)]
  0x000000001c5e9800 JavaThread "Cache worker for file hash cache (C:\Users\Administrator\AndroidStudioProjects\Habit2Good\.gradle\4.6\fileHashes)" [_thread_blocked, id=18004, stack(0x000000001d1e0000,0x000000001d2e0000)]
  0x000000001ae84800 JavaThread "File lock request listener" [_thread_in_native, id=25644, stack(0x000000001c110000,0x000000001c210000)]
  0x000000001abd2000 JavaThread "Cache worker for file hash cache (C:\Users\Administrator\.gradle\caches\4.6\fileHashes)" [_thread_blocked, id=14112, stack(0x000000001c010000,0x000000001c110000)]
  0x000000001a9cc000 JavaThread "Stdin handler" [_thread_blocked, id=14500, stack(0x000000001bd10000,0x000000001be10000)]
  0x000000001a9c7000 JavaThread "Asynchronous log dispatcher for DefaultDaemonConnection: socket connection from /127.0.0.1:11993 to /127.0.0.1:11994" [_thread_blocked, id=17248, stack(0x000000001bb10000,0x000000001bc10000)]
  0x000000001ab62000 JavaThread "Daemon worker" [_thread_blocked, id=19512, stack(0x000000001ba10000,0x000000001bb10000)]
  0x000000001a9d6000 JavaThread "Cancel handler" [_thread_blocked, id=4340, stack(0x000000001b910000,0x000000001ba10000)]
  0x000000001a9b6800 JavaThread "Handler for socket connection from /127.0.0.1:11993 to /127.0.0.1:11994" [_thread_in_native, id=15472, stack(0x000000001b610000,0x000000001b710000)]
  0x0000000018e9e000 JavaThread "Daemon" [_thread_blocked, id=3460, stack(0x000000001b510000,0x000000001b610000)]
  0x000000001ab4f000 JavaThread "Daemon periodic checks" [_thread_blocked, id=28828, stack(0x000000001b410000,0x000000001b510000)]
  0x000000001a8fe800 JavaThread "Incoming local TCP Connector on port 11993" [_thread_in_native, id=6336, stack(0x000000001b230000,0x000000001b330000)]
  0x0000000018c40000 JavaThread "Service Thread" daemon [_thread_blocked, id=27488, stack(0x0000000019620000,0x0000000019720000)]
  0x0000000018bc1000 JavaThread "C1 CompilerThread3" daemon [_thread_blocked, id=29236, stack(0x0000000019520000,0x0000000019620000)]
  0x0000000018bb7000 JavaThread "C2 CompilerThread2" daemon [_thread_in_native, id=1752, stack(0x0000000019420000,0x0000000019520000)]
  0x0000000018bb5800 JavaThread "C2 CompilerThread1" daemon [_thread_in_native, id=18300, stack(0x0000000019320000,0x0000000019420000)]
=>0x0000000018bb1800 JavaThread "C2 CompilerThread0" daemon [_thread_in_native, id=19644, stack(0x0000000019220000,0x0000000019320000)]
  0x0000000018b5e000 JavaThread "Attach Listener" daemon [_thread_blocked, id=30680, stack(0x0000000019120000,0x0000000019220000)]
  0x0000000018b5d000 JavaThread "Signal Dispatcher" daemon [_thread_blocked, id=28020, stack(0x0000000019020000,0x0000000019120000)]
  0x0000000018b40800 JavaThread "Finalizer" daemon [_thread_blocked, id=15140, stack(0x0000000018f20000,0x0000000019020000)]
  0x0000000016c5b800 JavaThread "Reference Handler" daemon [_thread_blocked, id=25172, stack(0x0000000018a20000,0x0000000018b20000)]
  0x0000000002d9e800 JavaThread "main" [_thread_blocked, id=12856, stack(0x0000000002bc0000,0x0000000002cc0000)]

Other Threads:
  0x0000000016c55800 VMThread [stack: 0x0000000018920000,0x0000000018a20000] [id=29880]
  0x0000000018c41000 WatcherThread [stack: 0x0000000019720000,0x0000000019820000] [id=14036]

VM state:not at safepoint (normal execution)

VM Mutex/Monitor currently owned by a thread: None

Heap:
 PSYoungGen      total 175616K, used 58117K [0x00000000e0000000, 0x00000000ed380000, 0x0000000100000000)
  eden space 162816K, 35% used [0x00000000e0000000,0x00000000e38c1430,0x00000000e9f00000)
  from space 12800K, 0% used [0x00000000eae00000,0x00000000eae00000,0x00000000eba80000)
  to   space 15360K, 0% used [0x00000000e9f00000,0x00000000e9f00000,0x00000000eae00000)
 ParOldGen       total 99328K, used 39196K [0x00000000a0000000, 0x00000000a6100000, 0x00000000e0000000)
  object space 99328K, 39% used [0x00000000a0000000,0x00000000a2647330,0x00000000a6100000)
 Metaspace       used 57694K, capacity 59878K, committed 60032K, reserved 1101824K
  class space    used 7897K, capacity 8535K, committed 8576K, reserved 1048576K

Card table byte_map: [0x0000000012260000,0x0000000012570000] byte_map_base: 0x0000000011d60000

Marking Bits: (ParMarkBitMap*) 0x00000000776e5aa0
 Begin Bits: [0x0000000012f70000, 0x0000000014770000)
 End Bits:   [0x0000000014770000, 0x0000000015f70000)

Polling page: 0x00000000007f0000

CodeCache: size=245760Kb used=19895Kb max_used=20435Kb free=225864Kb
 bounds [0x0000000002ea0000, 0x00000000042b0000, 0x0000000011ea0000]
 total_blobs=6910 nmethods=6128 adapters=694
 compilation: enabled

Compilation events (10 events):
Event: 10.097 Thread 0x0000000018bc1000 7029       3       org.gradle.internal.hash.HashCode::equals (80 bytes)
Event: 10.098 Thread 0x0000000018bc1000 nmethod 7029 0x0000000003ca7850 code [0x0000000003ca79e0, 0x0000000003ca7f10]
Event: 10.100 Thread 0x0000000018bc1000 7031       3       org.gradle.api.internal.artifacts.transform.DefaultTransformedFileCache::getResult (41 bytes)
Event: 10.101 Thread 0x0000000018bc1000 nmethod 7031 0x00000000035d0e50 code [0x00000000035d1080, 0x00000000035d1df8]
Event: 10.101 Thread 0x0000000018bc1000 7032       3       org.gradle.api.internal.changedetection.state.DefaultFileSystemMirror::getContent (41 bytes)
Event: 10.101 Thread 0x0000000018bc1000 nmethod 7032 0x0000000003ca6f10 code [0x0000000003ca70c0, 0x0000000003ca76c8]
Event: 10.101 Thread 0x0000000018bc1000 7030   !   3       org.gradle.api.internal.artifacts.transform.UserCodeBackedTransformer::transform (46 bytes)
Event: 10.101 Thread 0x0000000018bc1000 nmethod 7030 0x00000000035d01d0 code [0x00000000035d03a0, 0x00000000035d09f8]
Event: 10.104 Thread 0x0000000018bb7000 nmethod 7024 0x00000000030e33d0 code [0x00000000030e3540, 0x00000000030e3a18]
Event: 10.114 Thread 0x0000000018bb7000 7033       4       org.gradle.cache.internal.btree.CachingBlockStore::read (56 bytes)

GC Heap History (10 events):
Event: 4.550 GC heap before
{Heap before GC invocations=9 (full 2):
 PSYoungGen      total 141312K, used 9707K [0x00000000e0000000, 0x00000000eba80000, 0x0000000100000000)
  eden space 131584K, 0% used [0x00000000e0000000,0x00000000e0000000,0x00000000e8080000)
  from space 9728K, 99% used [0x00000000e8080000,0x00000000e89fac30,0x00000000e8a00000)
  to   space 12800K, 0% used [0x00000000eae00000,0x00000000eae00000,0x00000000eba80000)
 ParOldGen       total 59904K, used 11827K [0x00000000a0000000, 0x00000000a3a80000, 0x00000000e0000000)
  object space 59904K, 19% used [0x00000000a0000000,0x00000000a0b8ce58,0x00000000a3a80000)
 Metaspace       used 34489K, capacity 35278K, committed 35416K, reserved 1079296K
  class space    used 4793K, capacity 5057K, committed 5120K, reserved 1048576K
Event: 4.618 GC heap after
Heap after GC invocations=9 (full 2):
 PSYoungGen      total 141312K, used 0K [0x00000000e0000000, 0x00000000eba80000, 0x0000000100000000)
  eden space 131584K, 0% used [0x00000000e0000000,0x00000000e0000000,0x00000000e8080000)
  from space 9728K, 0% used [0x00000000e8080000,0x00000000e8080000,0x00000000e8a00000)
  to   space 12800K, 0% used [0x00000000eae00000,0x00000000eae00000,0x00000000eba80000)
 ParOldGen       total 99328K, used 19538K [0x00000000a0000000, 0x00000000a6100000, 0x00000000e0000000)
  object space 99328K, 19% used [0x00000000a0000000,0x00000000a1314af8,0x00000000a6100000)
 Metaspace       used 34489K, capacity 35278K, committed 35416K, reserved 1079296K
  class space    used 4793K, capacity 5057K, committed 5120K, reserved 1048576K
}
Event: 5.881 GC heap before
{Heap before GC invocations=10 (full 2):
 PSYoungGen      total 141312K, used 131584K [0x00000000e0000000, 0x00000000eba80000, 0x0000000100000000)
  eden space 131584K, 100% used [0x00000000e0000000,0x00000000e8080000,0x00000000e8080000)
  from space 9728K, 0% used [0x00000000e8080000,0x00000000e8080000,0x00000000e8a00000)
  to   space 12800K, 0% used [0x00000000eae00000,0x00000000eae00000,0x00000000eba80000)
 ParOldGen       total 99328K, used 19538K [0x00000000a0000000, 0x00000000a6100000, 0x00000000e0000000)
  object space 99328K, 19% used [0x00000000a0000000,0x00000000a1314af8,0x00000000a6100000)
 Metaspace       used 42052K, capacity 43008K, committed 43136K, reserved 1087488K
  class space    used 5684K, capacity 6001K, committed 6016K, reserved 1048576K
Event: 5.905 GC heap after
Heap after GC invocations=10 (full 2):
 PSYoungGen      total 175616K, used 12798K [0x00000000e0000000, 0x00000000ed380000, 0x0000000100000000)
  eden space 162816K, 0% used [0x00000000e0000000,0x00000000e0000000,0x00000000e9f00000)
  from space 12800K, 99% used [0x00000000eae00000,0x00000000eba7fb30,0x00000000eba80000)
  to   space 15360K, 0% used [0x00000000e9f00000,0x00000000e9f00000,0x00000000eae00000)
 ParOldGen       total 99328K, used 21981K [0x00000000a0000000, 0x00000000a6100000, 0x00000000e0000000)
  object space 99328K, 22% used [0x00000000a0000000,0x00000000a15777a8,0x00000000a6100000)
 Metaspace       used 42052K, capacity 43008K, committed 43136K, reserved 1087488K
  class space    used 5684K, capacity 6001K, committed 6016K, reserved 1048576K
}
Event: 8.312 GC heap before
{Heap before GC invocations=11 (full 2):
 PSYoungGen      total 175616K, used 175614K [0x00000000e0000000, 0x00000000ed380000, 0x0000000100000000)
  eden space 162816K, 100% used [0x00000000e0000000,0x00000000e9f00000,0x00000000e9f00000)
  from space 12800K, 99% used [0x00000000eae00000,0x00000000eba7fb30,0x00000000eba80000)
  to   space 15360K, 0% used [0x00000000e9f00000,0x00000000e9f00000,0x00000000eae00000)
 ParOldGen       total 99328K, used 21981K [0x00000000a0000000, 0x00000000a6100000, 0x00000000e0000000)
  object space 99328K, 22% used [0x00000000a0000000,0x00000000a15777a8,0x00000000a6100000)
 Metaspace       used 54265K, capacity 55958K, committed 56064K, reserved 1097728K
  class space    used 7386K, capacity 7863K, committed 7936K, reserved 1048576K
Event: 8.335 GC heap after
Heap after GC invocations=11 (full 2):
 PSYoungGen      total 178176K, used 15358K [0x00000000e0000000, 0x00000000ed380000, 0x0000000100000000)
  eden space 162816K, 0% used [0x00000000e0000000,0x00000000e0000000,0x00000000e9f00000)
  from space 15360K, 99% used [0x00000000e9f00000,0x00000000eadffbd8,0x00000000eae00000)
  to   space 12800K, 0% used [0x00000000eae00000,0x00000000eae00000,0x00000000eba80000)
 ParOldGen       total 99328K, used 31406K [0x00000000a0000000, 0x00000000a6100000, 0x00000000e0000000)
  object space 99328K, 31% used [0x00000000a0000000,0x00000000a1eab930,0x00000000a6100000)
 Metaspace       used 54265K, capacity 55958K, committed 56064K, reserved 1097728K
  class space    used 7386K, capacity 7863K, committed 7936K, reserved 1048576K
}
Event: 8.920 GC heap before
{Heap before GC invocations=12 (full 2):
 PSYoungGen      total 178176K, used 86432K [0x00000000e0000000, 0x00000000ed380000, 0x0000000100000000)
  eden space 162816K, 43% used [0x00000000e0000000,0x00000000e4568570,0x00000000e9f00000)
  from space 15360K, 99% used [0x00000000e9f00000,0x00000000eadffbd8,0x00000000eae00000)
  to   space 12800K, 0% used [0x00000000eae00000,0x00000000eae00000,0x00000000eba80000)
 ParOldGen       total 99328K, used 31406K [0x00000000a0000000, 0x00000000a6100000, 0x00000000e0000000)
  object space 99328K, 31% used [0x00000000a0000000,0x00000000a1eab930,0x00000000a6100000)
 Metaspace       used 56710K, capacity 58900K, committed 59008K, reserved 1099776K
  class space    used 7800K, capacity 8468K, committed 8576K, reserved 1048576K
Event: 8.938 GC heap after
Heap after GC invocations=12 (full 2):
 PSYoungGen      total 175616K, used 12770K [0x00000000e0000000, 0x00000000ed380000, 0x0000000100000000)
  eden space 162816K, 0% used [0x00000000e0000000,0x00000000e0000000,0x00000000e9f00000)
  from space 12800K, 99% used [0x00000000eae00000,0x00000000eba78918,0x00000000eba80000)
  to   space 15360K, 0% used [0x00000000e9f00000,0x00000000e9f00000,0x00000000eae00000)
 ParOldGen       total 99328K, used 42791K [0x00000000a0000000, 0x00000000a6100000, 0x00000000e0000000)
  object space 99328K, 43% used [0x00000000a0000000,0x00000000a29c9f48,0x00000000a6100000)
 Metaspace       used 56710K, capacity 58900K, committed 59008K, reserved 1099776K
  class space    used 7800K, capacity 8468K, committed 8576K, reserved 1048576K
}
Event: 8.938 GC heap before
{Heap before GC invocations=13 (full 3):
 PSYoungGen      total 175616K, used 12770K [0x00000000e0000000, 0x00000000ed380000, 0x0000000100000000)
  eden space 162816K, 0% used [0x00000000e0000000,0x00000000e0000000,0x00000000e9f00000)
  from space 12800K, 99% used [0x00000000eae00000,0x00000000eba78918,0x00000000eba80000)
  to   space 15360K, 0% used [0x00000000e9f00000,0x00000000e9f00000,0x00000000eae00000)
 ParOldGen       total 99328K, used 42791K [0x00000000a0000000, 0x00000000a6100000, 0x00000000e0000000)
  object space 99328K, 43% used [0x00000000a0000000,0x00000000a29c9f48,0x00000000a6100000)
 Metaspace       used 56710K, capacity 58900K, committed 59008K, reserved 1099776K
  class space    used 7800K, capacity 8468K, committed 8576K, reserved 1048576K
Event: 9.085 GC heap after
Heap after GC invocations=13 (full 3):
 PSYoungGen      total 175616K, used 0K [0x00000000e0000000, 0x00000000ed380000, 0x0000000100000000)
  eden space 162816K, 0% used [0x00000000e0000000,0x00000000e0000000,0x00000000e9f00000)
  from space 12800K, 0% used [0x00000000eae00000,0x00000000eae00000,0x00000000eba80000)
  to   space 15360K, 0% used [0x00000000e9f00000,0x00000000e9f00000,0x00000000eae00000)
 ParOldGen       total 99328K, used 39196K [0x00000000a0000000, 0x00000000a6100000, 0x00000000e0000000)
  object space 99328K, 39% used [0x00000000a0000000,0x00000000a2647330,0x00000000a6100000)
 Metaspace       used 56710K, capacity 58900K, committed 59008K, reserved 1099776K
  class space    used 7800K, capacity 8468K, committed 8576K, reserved 1048576K
}

Deoptimization events (10 events):
Event: 9.103 Thread 0x0000000019b9d000 Uncommon trap: reason=unstable_if action=reinterpret pc=0x00000000031c5860 method=java.util.regex.Pattern$Curly.match0(Ljava/util/regex/Matcher;IILjava/lang/CharSequence;)Z @ 5
Event: 9.103 Thread 0x0000000019b9d000 Uncommon trap: reason=unstable_if action=reinterpret pc=0x0000000003843584 method=com.esotericsoftware.kryo.io.Input.readUtf8(I)V @ 79
Event: 9.122 Thread 0x0000000019b99800 Uncommon trap: reason=unstable_if action=reinterpret pc=0x0000000003e1a134 method=java.util.regex.Pattern.closure(Ljava/util/regex/Pattern$Node;)Ljava/util/regex/Pattern$Node; @ 113
Event: 9.125 Thread 0x0000000019b99800 Uncommon trap: reason=unstable_if action=reinterpret pc=0x0000000003452ff0 method=java.lang.AbstractStringBuilder.append(Ljava/lang/String;)Ljava/lang/AbstractStringBuilder; @ 1
Event: 9.138 Thread 0x0000000019b99800 Uncommon trap: reason=unstable_if action=reinterpret pc=0x00000000036c3818 method=java.util.regex.Matcher.appendReplacement(Ljava/lang/StringBuffer;Ljava/lang/String;)Ljava/util/regex/Matcher; @ 47
Event: 9.725 Thread 0x000000001d053800 Uncommon trap: reason=class_check action=maybe_recompile pc=0x0000000003385160 method=java.util.concurrent.ConcurrentHashMap.putVal(Ljava/lang/Object;Ljava/lang/Object;Z)Ljava/lang/Object; @ 192
Event: 9.726 Thread 0x000000001eac0800 Uncommon trap: reason=class_check action=maybe_recompile pc=0x0000000003385160 method=java.util.concurrent.ConcurrentHashMap.putVal(Ljava/lang/Object;Ljava/lang/Object;Z)Ljava/lang/Object; @ 192
Event: 9.735 Thread 0x000000001d04f000 Uncommon trap: reason=class_check action=maybe_recompile pc=0x0000000003385160 method=java.util.concurrent.ConcurrentHashMap.putVal(Ljava/lang/Object;Ljava/lang/Object;Z)Ljava/lang/Object; @ 192
Event: 9.738 Thread 0x000000001d050000 Uncommon trap: reason=class_check action=maybe_recompile pc=0x0000000003385160 method=java.util.concurrent.ConcurrentHashMap.putVal(Ljava/lang/Object;Ljava/lang/Object;Z)Ljava/lang/Object; @ 192
Event: 9.988 Thread 0x000000001d050800 Uncommon trap: reason=unstable_if action=reinterpret pc=0x00000000037cc458 method=java.util.concurrent.ConcurrentHashMap.get(Ljava/lang/Object;)Ljava/lang/Object; @ 86

Classes redefined (0 events):
No events

Internal exceptions (10 events):
Event: 8.690 Thread 0x000000001ab62000 Exception <a 'java/lang/ClassNotFoundException': org/gradle/api/internal/file/collections/DefaultConfigurableFileCollectionCustomizer> (0x00000000e2c51ab0) thrown at [D:\src\AOSP-openjdk-cygwin\jdk8u\hotspot\src\share\vm\classfile\systemDictionary.cpp, li
Event: 8.757 Thread 0x000000001ab62000 Exception <a 'java/lang/ClassNotFoundException': org/gradle/platform/base/BinaryContainer_ImplBeanInfo> (0x00000000e33a85e0) thrown at [D:\src\AOSP-openjdk-cygwin\jdk8u\hotspot\src\share\vm\classfile\systemDictionary.cpp, line 210]
Event: 8.758 Thread 0x000000001ab62000 Exception <a 'java/lang/ClassNotFoundException': org/gradle/model/internal/core/NodeBackedModelMapBeanInfo> (0x00000000e33bd4b0) thrown at [D:\src\AOSP-openjdk-cygwin\jdk8u\hotspot\src\share\vm\classfile\systemDictionary.cpp, line 210]
Event: 8.758 Thread 0x000000001ab62000 Exception <a 'java/lang/ClassNotFoundException': org/gradle/model/internal/core/ModelMapGroovyViewBeanInfo> (0x00000000e33d2380) thrown at [D:\src\AOSP-openjdk-cygwin\jdk8u\hotspot\src\share\vm\classfile\systemDictionary.cpp, line 210]
Event: 8.758 Thread 0x000000001ab62000 Exception <a 'java/lang/ClassNotFoundException': org/gradle/model/internal/core/ModelMapGroovyViewCustomizer> (0x00000000e33e7fd8) thrown at [D:\src\AOSP-openjdk-cygwin\jdk8u\hotspot\src\share\vm\classfile\systemDictionary.cpp, line 210]
Event: 8.759 Thread 0x000000001ab62000 Exception <a 'java/lang/ClassNotFoundException': org/gradle/model/internal/core/NodeBackedModelMapCustomizer> (0x00000000e34110f8) thrown at [D:\src\AOSP-openjdk-cygwin\jdk8u\hotspot\src\share\vm\classfile\systemDictionary.cpp, line 210]
Event: 8.762 Thread 0x000000001ab62000 Exception <a 'java/lang/ClassNotFoundException': org/gradle/platform/base/BinaryContainer_ImplCustomizer> (0x00000000e3475f20) thrown at [D:\src\AOSP-openjdk-cygwin\jdk8u\hotspot\src\share\vm\classfile\systemDictionary.cpp, line 210]
Event: 9.093 Thread 0x0000000019b99800 Exception <a 'java/lang/NoSuchMethodError': <clinit>> (0x00000000e002eed8) thrown at [D:\src\AOSP-openjdk-cygwin\jdk8u\hotspot\src\share\vm\prims\jni.cpp, line 1613]
Event: 9.093 Thread 0x0000000019b99800 Exception <a 'java/lang/NoSuchMethodError': <clinit>> (0x00000000e003a140) thrown at [D:\src\AOSP-openjdk-cygwin\jdk8u\hotspot\src\share\vm\prims\jni.cpp, line 1613]
Event: 9.125 Thread 0x0000000019b99800 Implicit null exception at 0x0000000003452aa2 to 0x0000000003452fe1

Events (10 events):
Event: 9.795 Thread 0x0000000018bc1000 flushing nmethod 0x000000000400bb90
Event: 9.795 Thread 0x0000000018bc1000 flushing nmethod 0x0000000004078950
Event: 9.795 Thread 0x0000000018bc1000 flushing nmethod 0x000000000412c890
Event: 9.945 loading class com/google/common/cache/Striped64$HashCode
Event: 9.945 loading class com/google/common/cache/Striped64$HashCode done
Event: 9.988 Thread 0x000000001d050800 Uncommon trap: trap_request=0xffffff65 fr.pc=0x00000000037cc458
Event: 9.988 Thread 0x000000001d050800 DEOPT PACKING pc=0x00000000037cc458 sp=0x0000000020f3ea70
Event: 9.988 Thread 0x000000001d050800 DEOPT UNPACKING pc=0x0000000002ee557b sp=0x0000000020f3e9f0 mode 2
Event: 10.018 Thread 0x000000001d04d000 DEOPT PACKING pc=0x000000000339f6a9 sp=0x00000000226bd8b0
Event: 10.018 Thread 0x000000001d04d000 DEOPT UNPACKING pc=0x0000000002ee75d0 sp=0x00000000226bd5f0 mode 0


Dynamic libraries:
0x00007ff7f7930000 - 0x00007ff7f7961000 	C:\Program Files\Android\Android Studio\jre\bin\java.exe
0x00007ffd701f0000 - 0x00007ffd703d1000 	C:\WINDOWS\SYSTEM32\ntdll.dll
0x00007ffd6d8d0000 - 0x00007ffd6d982000 	C:\WINDOWS\System32\KERNEL32.DLL
0x00007ffd6c770000 - 0x00007ffd6c9e3000 	C:\WINDOWS\System32\KERNELBASE.dll
0x00007ffd6dea0000 - 0x00007ffd6df41000 	C:\WINDOWS\System32\ADVAPI32.dll
0x00007ffd700c0000 - 0x00007ffd7015e000 	C:\WINDOWS\System32\msvcrt.dll
0x00007ffd70160000 - 0x00007ffd701bb000 	C:\WINDOWS\System32\sechost.dll
0x00007ffd6dd70000 - 0x00007ffd6de94000 	C:\WINDOWS\System32\RPCRT4.dll
0x00007ffd6d740000 - 0x00007ffd6d8d0000 	C:\WINDOWS\System32\USER32.dll
0x00007ffd6d160000 - 0x00007ffd6d180000 	C:\WINDOWS\System32\win32u.dll
0x00007ffd6dba0000 - 0x00007ffd6dbc8000 	C:\WINDOWS\System32\GDI32.dll
0x00007ffd6d410000 - 0x00007ffd6d5a2000 	C:\WINDOWS\System32\gdi32full.dll
0x00007ffd6d370000 - 0x00007ffd6d40f000 	C:\WINDOWS\System32\msvcp_win.dll
0x00007ffd6c670000 - 0x00007ffd6c76a000 	C:\WINDOWS\System32\ucrtbase.dll
0x00007ffd5cfa0000 - 0x00007ffd5d209000 	C:\WINDOWS\WinSxS\amd64_microsoft.windows.common-controls_6595b64144ccf1df_6.0.17134.407_none_fb449d63306391e9\COMCTL32.dll
0x00007ffd6e2a0000 - 0x00007ffd6e5c2000 	C:\WINDOWS\System32\combase.dll
0x00007ffd6d5b0000 - 0x00007ffd6d62a000 	C:\WINDOWS\System32\bcryptPrimitives.dll
0x00007ffd6e270000 - 0x00007ffd6e29d000 	C:\WINDOWS\System32\IMM32.DLL
0x0000000077c10000 - 0x0000000077ce2000 	C:\Program Files\Android\Android Studio\jre\jre\bin\msvcr100.dll
0x0000000076f20000 - 0x0000000077761000 	C:\Program Files\Android\Android Studio\jre\jre\bin\server\jvm.dll
0x00007ffd6e740000 - 0x00007ffd6e748000 	C:\WINDOWS\System32\PSAPI.DLL
0x00007ffd5e2d0000 - 0x00007ffd5e2d9000 	C:\WINDOWS\SYSTEM32\WSOCK32.dll
0x00007ffd6a250000 - 0x00007ffd6a273000 	C:\WINDOWS\SYSTEM32\WINMM.dll
0x00007ffd5f680000 - 0x00007ffd5f68a000 	C:\WINDOWS\SYSTEM32\VERSION.dll
0x00007ffd6e5d0000 - 0x00007ffd6e63c000 	C:\WINDOWS\System32\WS2_32.dll
0x00007ffd6a220000 - 0x00007ffd6a24a000 	C:\WINDOWS\SYSTEM32\WINMMBASE.dll
0x00007ffd6d630000 - 0x00007ffd6d679000 	C:\WINDOWS\System32\cfgmgr32.dll
0x00007ffd691d0000 - 0x00007ffd691df000 	C:\Program Files\Android\Android Studio\jre\jre\bin\verify.dll
0x00007ffd671b0000 - 0x00007ffd671d9000 	C:\Program Files\Android\Android Studio\jre\jre\bin\java.dll
0x00007ffd69010000 - 0x00007ffd69026000 	C:\Program Files\Android\Android Studio\jre\jre\bin\zip.dll
0x00007ffd6e820000 - 0x00007ffd6fc5f000 	C:\WINDOWS\System32\SHELL32.dll
0x00007ffd6e040000 - 0x00007ffd6e0e9000 	C:\WINDOWS\System32\shcore.dll
0x00007ffd6ca50000 - 0x00007ffd6d15d000 	C:\WINDOWS\System32\windows.storage.dll
0x00007ffd6d680000 - 0x00007ffd6d6d1000 	C:\WINDOWS\System32\shlwapi.dll
0x00007ffd6c550000 - 0x00007ffd6c561000 	C:\WINDOWS\System32\kernel.appcore.dll
0x00007ffd6c5a0000 - 0x00007ffd6c5bf000 	C:\WINDOWS\System32\profapi.dll
0x00007ffd6c500000 - 0x00007ffd6c54c000 	C:\WINDOWS\System32\powrprof.dll
0x00007ffd6c590000 - 0x00007ffd6c59a000 	C:\WINDOWS\System32\FLTLIB.DLL
0x00007ffd66cc0000 - 0x00007ffd66cda000 	C:\Program Files\Android\Android Studio\jre\jre\bin\net.dll
0x00007ffd6bd80000 - 0x00007ffd6bde6000 	C:\WINDOWS\system32\mswsock.dll
0x00007ffd66ca0000 - 0x00007ffd66cb1000 	C:\Program Files\Android\Android Studio\jre\jre\bin\nio.dll
0x00007ffd65280000 - 0x00007ffd6529e000 	C:\Users\Administrator\.gradle\native\25\windows-amd64\native-platform.dll
0x00007ffd690c0000 - 0x00007ffd690cd000 	C:\Program Files\Android\Android Studio\jre\jre\bin\management.dll
0x00007ffd6bf40000 - 0x00007ffd6bf57000 	C:\WINDOWS\SYSTEM32\CRYPTSP.dll
0x00007ffd6b960000 - 0x00007ffd6b993000 	C:\WINDOWS\system32\rsaenh.dll
0x00007ffd6c060000 - 0x00007ffd6c085000 	C:\WINDOWS\SYSTEM32\bcrypt.dll
0x00007ffd6c400000 - 0x00007ffd6c428000 	C:\WINDOWS\SYSTEM32\USERENV.dll
0x00007ffd6bf30000 - 0x00007ffd6bf3b000 	C:\WINDOWS\SYSTEM32\CRYPTBASE.dll
0x00007ffd6bb00000 - 0x00007ffd6bb38000 	C:\WINDOWS\SYSTEM32\IPHLPAPI.DLL
0x00007ffd6d990000 - 0x00007ffd6d998000 	C:\WINDOWS\System32\NSI.dll
0x00007ffd67360000 - 0x00007ffd67376000 	C:\WINDOWS\SYSTEM32\dhcpcsvc6.DLL
0x00007ffd67840000 - 0x00007ffd6785a000 	C:\WINDOWS\SYSTEM32\dhcpcsvc.DLL

VM Arguments:
jvm_args: -Xmx1536m -Dfile.encoding=x-windows-949 -Duser.country=KR -Duser.language=ko -Duser.variant 
java_command: org.gradle.launcher.daemon.bootstrap.GradleDaemon 4.6
java_class_path (initial): C:\Users\Administrator\.gradle\wrapper\dists\gradle-4.6-all\bcst21l2brirad8k2ben1letg\gradle-4.6\lib\gradle-launcher-4.6.jar
Launcher Type: SUN_STANDARD

Environment Variables:
JAVA_HOME=C:\Program Files\Java\jdk-9.0.4
PATH=C:\ProgramData\Oracle\Java\javapath;C:\WINDOWS\system32;C:\WINDOWS;C:\WINDOWS\System32\Wbem;C:\WINDOWS\System32\WindowsPowerShell\v1.0\;C:\Users\Administrator\AppData\Local\Android\Sdk\platform-tools;C:\WINDOWS\System32\OpenSSH\;C:\Program Files (x86)\ePapyrus\Papyrus-PlugIn-ntas;C:\Program Files (x86)\ePapyrus\Papyrus-PlugIn-ntas\Addins;C:\Program Files\Git\cmd;C:\Users\Administrator\AppData\Local\Android\Sdk\platform-tools;C:\Users\Administrator\AppData\Local\Microsoft\WindowsApps;C:\Program Files\Java\jdk-9.0.4\bin;C:\Users\Administrator\AppData\Local\GitHubDesktop\bin;C:\Users\Administrator\AppData\Local\Microsoft\WindowsApps;C:\Users\Administrator\AppData\Local\Android\Sdk\tools;C:\Users\Administrator\AppData\Local\atom\bin
USERNAME=Administrator
OS=Windows_NT
PROCESSOR_IDENTIFIER=Intel64 Family 6 Model 60 Stepping 3, GenuineIntel



---------------  S Y S T E M  ---------------

OS: Windows 10.0 , 64 bit Build 17134 (10.0.17134.1)

CPU:total 8 (initial active 8) (4 cores per cpu, 2 threads per core) family 6 model 60 stepping 3, cmov, cx8, fxsr, mmx, sse, sse2, sse3, ssse3, sse4.1, sse4.2, popcnt, avx, avx2, aes, clmul, erms, lzcnt, ht, tsc, tscinvbit, bmi1, bmi2

Memory: 4k page, physical 8277268k(512644k free), swap 33443092k(5616k free)

vm_info: OpenJDK 64-Bit Server VM (25.152-b06) for windows-amd64 JRE (1.8.0_152-release-1136-b06), built by "builder" with MS VC++ 10.0 (VS2010)

time: Sat Nov 24 07:38:51 2018
elapsed time: 10 seconds (0d 0h 0m 10s)

