#
# There is insufficient memory for the Java Runtime Environment to continue.
# Native memory allocation (malloc) failed to allocate 899776 bytes for Chunk::new
# Possible reasons:
#   The system is out of physical RAM or swap space
#   In 32 bit mode, the process size limit was hit
# Possible solutions:
#   Reduce memory load on the system
#   Increase physical memory or swap space
#   Check if swap backing store is full
#   Use 64 bit Java on a 64 bit OS
#   Decrease Java heap size (-Xmx/-Xms)
#   Decrease number of Java threads
#   Decrease Java thread stack sizes (-Xss)
#   Set larger code cache with -XX:ReservedCodeCacheSize=
# This output file may be truncated or incomplete.
#
#  Out of Memory Error (allocation.cpp:390), pid=2308, tid=0x0000000000003b38
#
# JRE version: OpenJDK Runtime Environment (8.0_152-b06) (build 1.8.0_152-release-1136-b06)
# Java VM: OpenJDK 64-Bit Server VM (25.152-b06 mixed mode windows-amd64 compressed oops)
# Failed to write core dump. Minidumps are not enabled by default on client versions of Windows
#

---------------  T H R E A D  ---------------

Current thread (0x0000000019317800):  JavaThread "C2 CompilerThread2" daemon [_thread_in_native, id=15160, stack(0x0000000019c10000,0x0000000019d10000)]

Stack: [0x0000000019c10000,0x0000000019d10000]
[error occurred during error reporting (printing stack bounds), id 0xc0000005]

Native frames: (J=compiled Java code, j=interpreted, Vv=VM code, C=native code)


Current CompileTask:
C2:  43242 11816   !   4       java.util.Formatter::format (271 bytes)


---------------  P R O C E S S  ---------------

Java Threads: ( => current thread )
  0x0000000025454000 JavaThread "Cache worker for Java compile cache (C:\Users\Administrator\AndroidStudioProjects\Habit2Good\.gradle\4.6\javaCompile)" [_thread_blocked, id=17100, stack(0x00000000283c0000,0x00000000284c0000)]
  0x000000002544b800 JavaThread "stdout" daemon [_thread_in_native, id=11464, stack(0x00000000282c0000,0x00000000283c0000)]
  0x0000000025451800 JavaThread "stderr" daemon [_thread_in_native, id=25180, stack(0x00000000281c0000,0x00000000282c0000)]
  0x0000000025452800 JavaThread "pool-3-thread-1" [_thread_blocked, id=10184, stack(0x00000000280c0000,0x00000000281c0000)]
  0x000000001ce07000 JavaThread "Task worker for ':' Thread 7" [_thread_blocked, id=27592, stack(0x0000000027a10000,0x0000000027b10000)]
  0x000000001ce06800 JavaThread "Task worker for ':' Thread 6" [_thread_blocked, id=27136, stack(0x0000000027910000,0x0000000027a10000)]
  0x000000001ce05800 JavaThread "Task worker for ':' Thread 5" [_thread_blocked, id=4776, stack(0x0000000027810000,0x0000000027910000)]
  0x000000001ce05000 JavaThread "Task worker for ':' Thread 4" [_thread_in_Java, id=22764, stack(0x0000000027710000,0x0000000027810000)]
  0x000000001ce04000 JavaThread "Task worker for ':' Thread 3" [_thread_blocked, id=30288, stack(0x0000000027610000,0x0000000027710000)]
  0x000000001cdfc800 JavaThread "Task worker for ':' Thread 2" [_thread_blocked, id=25280, stack(0x0000000027510000,0x0000000027610000)]
  0x000000001ce03800 JavaThread "Task worker for ':'" [_thread_blocked, id=28636, stack(0x0000000027410000,0x0000000027510000)]
  0x000000001ce02800 JavaThread "Cache worker for Build Output Cleanup Cache (C:\Users\Administrator\AndroidStudioProjects\Habit2Good\.gradle\buildOutputCleanup)" [_thread_blocked, id=27968, stack(0x0000000027040000,0x0000000027140000)]
  0x000000001cdfb000 JavaThread "Cache worker for task history cache (C:\Users\Administrator\AndroidStudioProjects\Habit2Good\.gradle\4.6\taskHistory)" [_thread_blocked, id=11900, stack(0x0000000025be0000,0x0000000025ce0000)]
  0x000000001ce01000 JavaThread "Cache worker for file content cache (C:\Users\Administrator\AndroidStudioProjects\Habit2Good\.gradle\4.6\fileContent)" [_thread_blocked, id=24048, stack(0x0000000025ae0000,0x0000000025be0000)]
  0x000000001cdff000 JavaThread "Memory manager" [_thread_blocked, id=1240, stack(0x00000000227b0000,0x00000000228b0000)]
  0x000000001cdf8000 JavaThread "pool-1-thread-1" [_thread_blocked, id=30292, stack(0x00000000224b0000,0x00000000225b0000)]
  0x000000001cdfa800 JavaThread "Build operations Thread 8" [_thread_blocked, id=28016, stack(0x0000000021fb0000,0x00000000220b0000)]
  0x000000001cdfd800 JavaThread "Build operations Thread 7" [_thread_blocked, id=24000, stack(0x0000000021eb0000,0x0000000021fb0000)]
  0x000000001cdf9800 JavaThread "Build operations Thread 6" [_thread_blocked, id=9024, stack(0x0000000021db0000,0x0000000021eb0000)]
  0x000000001ed75800 JavaThread "Build operations Thread 5" [_thread_blocked, id=11940, stack(0x0000000021ab0000,0x0000000021bb0000)]
  0x000000001ed74800 JavaThread "Build operations Thread 4" [_thread_blocked, id=23132, stack(0x00000000219b0000,0x0000000021ab0000)]
  0x000000001ed74000 JavaThread "Build operations Thread 3" [_thread_blocked, id=21152, stack(0x00000000218b0000,0x00000000219b0000)]
  0x000000001ed73000 JavaThread "Build operations Thread 2" [_thread_blocked, id=10088, stack(0x00000000217b0000,0x00000000218b0000)]
  0x000000001ed79000 JavaThread "Build operations" [_thread_blocked, id=10940, stack(0x00000000216b0000,0x00000000217b0000)]
  0x000000001ed77800 JavaThread "Cache worker for Artifact transforms cache (C:\Users\Administrator\.gradle\caches\transforms-1)" [_thread_blocked, id=28184, stack(0x00000000215b0000,0x00000000216b0000)]
  0x000000001a428000 JavaThread "Cache worker for file hash cache (C:\Users\Administrator\AndroidStudioProjects\Habit2Good\.gradle\4.6\fileHashes)" [_thread_blocked, id=25968, stack(0x000000001d990000,0x000000001da90000)]
  0x0000000019494800 JavaThread "File lock request listener" [_thread_in_native, id=27588, stack(0x000000001c8c0000,0x000000001c9c0000)]
  0x000000001b4ee000 JavaThread "Cache worker for file hash cache (C:\Users\Administrator\.gradle\caches\4.6\fileHashes)" [_thread_blocked, id=30480, stack(0x000000001c7c0000,0x000000001c8c0000)]
  0x000000001b10f800 JavaThread "Stdin handler" [_thread_blocked, id=1716, stack(0x000000001c4c0000,0x000000001c5c0000)]
  0x000000001b10e800 JavaThread "Asynchronous log dispatcher for DefaultDaemonConnection: socket connection from /127.0.0.1:11979 to /127.0.0.1:11980" [_thread_blocked, id=2704, stack(0x000000001c2c0000,0x000000001c3c0000)]
  0x000000001b107000 JavaThread "Daemon worker" [_thread_blocked, id=15452, stack(0x000000001c1c0000,0x000000001c2c0000)]
  0x000000001b115000 JavaThread "Cancel handler" [_thread_blocked, id=18032, stack(0x000000001c0c0000,0x000000001c1c0000)]
  0x000000001b0f1800 JavaThread "Handler for socket connection from /127.0.0.1:11979 to /127.0.0.1:11980" [_thread_in_native, id=20164, stack(0x000000001bdc0000,0x000000001bec0000)]
  0x000000001b0f0000 JavaThread "Daemon" [_thread_blocked, id=16264, stack(0x000000001bcc0000,0x000000001bdc0000)]
  0x000000001b0be800 JavaThread "Daemon periodic checks" [_thread_blocked, id=3248, stack(0x000000001bbc0000,0x000000001bcc0000)]
  0x000000001b065000 JavaThread "Incoming local TCP Connector on port 11979" [_thread_in_native, id=8344, stack(0x000000001b9e0000,0x000000001bae0000)]
  0x00000000193b4000 JavaThread "Service Thread" daemon [_thread_blocked, id=28148, stack(0x0000000019e10000,0x0000000019f10000)]
  0x0000000019325000 JavaThread "C1 CompilerThread3" daemon [_thread_blocked, id=28816, stack(0x0000000019d10000,0x0000000019e10000)]
=>0x0000000019317800 JavaThread "C2 CompilerThread2" daemon [_thread_in_native, id=15160, stack(0x0000000019c10000,0x0000000019d10000)]
  0x0000000019315000 JavaThread "C2 CompilerThread1" daemon [_thread_in_native, id=14188, stack(0x0000000019b10000,0x0000000019c10000)]
  0x00000000173ca000 JavaThread "C2 CompilerThread0" daemon [_thread_in_native, id=22560, stack(0x0000000019a10000,0x0000000019b10000)]
  0x00000000192bc800 JavaThread "Attach Listener" daemon [_thread_blocked, id=7780, stack(0x0000000019910000,0x0000000019a10000)]
  0x0000000019310800 JavaThread "Signal Dispatcher" daemon [_thread_blocked, id=30348, stack(0x0000000019810000,0x0000000019910000)]
  0x00000000035f9800 JavaThread "Finalizer" daemon [_thread_blocked, id=13632, stack(0x0000000019680000,0x0000000019780000)]
  0x00000000035f5000 JavaThread "Reference Handler" daemon [_thread_blocked, id=5260, stack(0x0000000019180000,0x0000000019280000)]
  0x000000000304e800 JavaThread "main" [_thread_blocked, id=6884, stack(0x0000000003400000,0x0000000003500000)]

Other Threads:
  0x00000000173b5800 VMThread [stack: 0x0000000019080000,0x0000000019180000] [id=23092]
  0x0000000019363800 WatcherThread [stack: 0x0000000019f10000,0x000000001a010000] [id=13616]

VM state:not at safepoint (normal execution)

VM Mutex/Monitor currently owned by a thread: None

Heap:
 PSYoungGen      total 166400K, used 75245K [0x00000000e0000000, 0x00000000ed400000, 0x0000000100000000)
  eden space 151040K, 49% used [0x00000000e0000000,0x00000000e497b518,0x00000000e9380000)
  from space 15360K, 0% used [0x00000000e9380000,0x00000000e9380000,0x00000000ea280000)
  to   space 24576K, 0% used [0x00000000ebc00000,0x00000000ebc00000,0x00000000ed400000)
 ParOldGen       total 67584K, used 67530K [0x00000000a0000000, 0x00000000a4200000, 0x00000000e0000000)
  object space 67584K, 99% used [0x00000000a0000000,0x00000000a41f2960,0x00000000a4200000)
 Metaspace       used 70996K, capacity 73188K, committed 73344K, reserved 1112064K
  class space    used 9399K, capacity 10032K, committed 10112K, reserved 1048576K

Card table byte_map: [0x00000000129c0000,0x0000000012cd0000] byte_map_base: 0x00000000124c0000

Marking Bits: (ParMarkBitMap*) 0x00000000776e5aa0
 Begin Bits: [0x00000000136d0000, 0x0000000014ed0000)
 End Bits:   [0x0000000014ed0000, 0x00000000166d0000)

Polling page: 0x0000000002fb0000

CodeCache: size=245760Kb used=33886Kb max_used=34867Kb free=211873Kb
 bounds [0x0000000003600000, 0x0000000005860000, 0x0000000012600000]
 total_blobs=10437 nmethods=9591 adapters=758
 compilation: enabled

Compilation events (10 events):
Event: 43.214 Thread 0x0000000019325000 nmethod 11849 0x00000000044cf990 code [0x00000000044cfb60, 0x00000000044d0398]
Event: 43.215 Thread 0x0000000019325000 11854       3       com.sun.tools.javac.code.Types$8::visitClassType (10 bytes)
Event: 43.216 Thread 0x0000000019325000 nmethod 11854 0x00000000053cbf10 code [0x00000000053cc080, 0x00000000053cc308]
Event: 43.217 Thread 0x0000000019325000 11856       3       com.sun.tools.javac.comp.Flow$AssignAnalyzer::visitApply (17 bytes)
Event: 43.218 Thread 0x0000000019325000 nmethod 11856 0x00000000038123d0 code [0x0000000003812600, 0x0000000003813278]
Event: 43.219 Thread 0x0000000019325000 11858       3       com.sun.tools.javac.comp.Lower::boxArgs (306 bytes)
Event: 43.222 Thread 0x0000000019325000 nmethod 11858 0x0000000004ddbd50 code [0x0000000004ddc120, 0x0000000004dde308]
Event: 43.223 Thread 0x0000000019325000 11857       3       com.sun.tools.javac.comp.Lower::visitTypeCast (75 bytes)
Event: 43.223 Thread 0x0000000019325000 nmethod 11857 0x0000000003fe2990 code [0x0000000003fe2b80, 0x0000000003fe3318]
Event: 43.225 Thread 0x0000000019325000 11855       3       com.sun.tools.javac.code.Types$8::visitClassType (987 bytes)

GC Heap History (10 events):
Event: 21.350 GC heap before
{Heap before GC invocations=18 (full 3):
 PSYoungGen      total 137216K, used 125952K [0x00000000e0000000, 0x00000000e9480000, 0x0000000100000000)
  eden space 125952K, 100% used [0x00000000e0000000,0x00000000e7b00000,0x00000000e7b00000)
  from space 11264K, 0% used [0x00000000e8780000,0x00000000e8780000,0x00000000e9280000)
  to   space 12800K, 0% used [0x00000000e7b00000,0x00000000e7b00000,0x00000000e8780000)
 ParOldGen       total 67584K, used 39305K [0x00000000a0000000, 0x00000000a4200000, 0x00000000e0000000)
  object space 67584K, 58% used [0x00000000a0000000,0x00000000a2662548,0x00000000a4200000)
 Metaspace       used 60479K, capacity 62694K, committed 62976K, reserved 1103872K
  class space    used 8262K, capacity 8923K, committed 8960K, reserved 1048576K
Event: 21.357 GC heap after
Heap after GC invocations=18 (full 3):
 PSYoungGen      total 138752K, used 10762K [0x00000000e0000000, 0x00000000eb200000, 0x0000000100000000)
  eden space 125952K, 0% used [0x00000000e0000000,0x00000000e0000000,0x00000000e7b00000)
  from space 12800K, 84% used [0x00000000e7b00000,0x00000000e8582950,0x00000000e8780000)
  to   space 13824K, 0% used [0x00000000ea480000,0x00000000ea480000,0x00000000eb200000)
 ParOldGen       total 67584K, used 39313K [0x00000000a0000000, 0x00000000a4200000, 0x00000000e0000000)
  object space 67584K, 58% used [0x00000000a0000000,0x00000000a2664548,0x00000000a4200000)
 Metaspace       used 60479K, capacity 62694K, committed 62976K, reserved 1103872K
  class space    used 8262K, capacity 8923K, committed 8960K, reserved 1048576K
}
Event: 23.447 GC heap before
{Heap before GC invocations=19 (full 3):
 PSYoungGen      total 138752K, used 136714K [0x00000000e0000000, 0x00000000eb200000, 0x0000000100000000)
  eden space 125952K, 100% used [0x00000000e0000000,0x00000000e7b00000,0x00000000e7b00000)
  from space 12800K, 84% used [0x00000000e7b00000,0x00000000e8582950,0x00000000e8780000)
  to   space 13824K, 0% used [0x00000000ea480000,0x00000000ea480000,0x00000000eb200000)
 ParOldGen       total 67584K, used 39313K [0x00000000a0000000, 0x00000000a4200000, 0x00000000e0000000)
  object space 67584K, 58% used [0x00000000a0000000,0x00000000a2664548,0x00000000a4200000)
 Metaspace       used 63976K, capacity 66092K, committed 66176K, reserved 1105920K
  class space    used 8682K, capacity 9318K, committed 9344K, reserved 1048576K
Event: 23.456 GC heap after
Heap after GC invocations=19 (full 3):
 PSYoungGen      total 164352K, used 13298K [0x00000000e0000000, 0x00000000eb180000, 0x0000000100000000)
  eden space 151040K, 0% used [0x00000000e0000000,0x00000000e0000000,0x00000000e9380000)
  from space 13312K, 99% used [0x00000000ea480000,0x00000000eb17cab8,0x00000000eb180000)
  to   space 15360K, 0% used [0x00000000e9380000,0x00000000e9380000,0x00000000ea280000)
 ParOldGen       total 67584K, used 39321K [0x00000000a0000000, 0x00000000a4200000, 0x00000000e0000000)
  object space 67584K, 58% used [0x00000000a0000000,0x00000000a2666548,0x00000000a4200000)
 Metaspace       used 63976K, capacity 66092K, committed 66176K, reserved 1105920K
  class space    used 8682K, capacity 9318K, committed 9344K, reserved 1048576K
}
Event: 39.107 GC heap before
{Heap before GC invocations=20 (full 3):
 PSYoungGen      total 164352K, used 164338K [0x00000000e0000000, 0x00000000eb180000, 0x0000000100000000)
  eden space 151040K, 100% used [0x00000000e0000000,0x00000000e9380000,0x00000000e9380000)
  from space 13312K, 99% used [0x00000000ea480000,0x00000000eb17cab8,0x00000000eb180000)
  to   space 15360K, 0% used [0x00000000e9380000,0x00000000e9380000,0x00000000ea280000)
 ParOldGen       total 67584K, used 39321K [0x00000000a0000000, 0x00000000a4200000, 0x00000000e0000000)
  object space 67584K, 58% used [0x00000000a0000000,0x00000000a2666548,0x00000000a4200000)
 Metaspace       used 68931K, capacity 71172K, committed 71424K, reserved 1110016K
  class space    used 9286K, capacity 9936K, committed 9984K, reserved 1048576K
Event: 39.134 GC heap after
Heap after GC invocations=20 (full 3):
 PSYoungGen      total 166400K, used 15344K [0x00000000e0000000, 0x00000000ed400000, 0x0000000100000000)
  eden space 151040K, 0% used [0x00000000e0000000,0x00000000e0000000,0x00000000e9380000)
  from space 15360K, 99% used [0x00000000e9380000,0x00000000ea27c0c8,0x00000000ea280000)
  to   space 24576K, 0% used [0x00000000ebc00000,0x00000000ebc00000,0x00000000ed400000)
 ParOldGen       total 67584K, used 59175K [0x00000000a0000000, 0x00000000a4200000, 0x00000000e0000000)
  object space 67584K, 87% used [0x00000000a0000000,0x00000000a39c9d60,0x00000000a4200000)
 Metaspace       used 68931K, capacity 71172K, committed 71424K, reserved 1110016K
  class space    used 9286K, capacity 9936K, committed 9984K, reserved 1048576K
}
Event: 39.135 GC heap before
{Heap before GC invocations=21 (full 4):
 PSYoungGen      total 166400K, used 15344K [0x00000000e0000000, 0x00000000ed400000, 0x0000000100000000)
  eden space 151040K, 0% used [0x00000000e0000000,0x00000000e0000000,0x00000000e9380000)
  from space 15360K, 99% used [0x00000000e9380000,0x00000000ea27c0c8,0x00000000ea280000)
  to   space 24576K, 0% used [0x00000000ebc00000,0x00000000ebc00000,0x00000000ed400000)
 ParOldGen       total 67584K, used 59175K [0x00000000a0000000, 0x00000000a4200000, 0x00000000e0000000)
  object space 67584K, 87% used [0x00000000a0000000,0x00000000a39c9d60,0x00000000a4200000)
 Metaspace       used 68931K, capacity 71172K, committed 71424K, reserved 1110016K
  class space    used 9286K, capacity 9936K, committed 9984K, reserved 1048576K
Event: 39.603 GC heap after
Heap after GC invocations=21 (full 4):
 PSYoungGen      total 166400K, used 5074K [0x00000000e0000000, 0x00000000ed400000, 0x0000000100000000)
  eden space 151040K, 0% used [0x00000000e0000000,0x00000000e0000000,0x00000000e9380000)
  from space 15360K, 33% used [0x00000000e9380000,0x00000000e9874878,0x00000000ea280000)
  to   space 24576K, 0% used [0x00000000ebc00000,0x00000000ebc00000,0x00000000ed400000)
 ParOldGen       total 67584K, used 67445K [0x00000000a0000000, 0x00000000a4200000, 0x00000000e0000000)
  object space 67584K, 99% used [0x00000000a0000000,0x00000000a41dd7b8,0x00000000a4200000)
 Metaspace       used 68931K, capacity 71172K, committed 71424K, reserved 1110016K
  class space    used 9286K, capacity 9936K, committed 9984K, reserved 1048576K
}
Event: 41.223 GC heap before
{Heap before GC invocations=22 (full 5):
 PSYoungGen      total 166400K, used 156114K [0x00000000e0000000, 0x00000000ed400000, 0x0000000100000000)
  eden space 151040K, 100% used [0x00000000e0000000,0x00000000e9380000,0x00000000e9380000)
  from space 15360K, 33% used [0x00000000e9380000,0x00000000e9874878,0x00000000ea280000)
  to   space 24576K, 0% used [0x00000000ebc00000,0x00000000ebc00000,0x00000000ed400000)
 ParOldGen       total 67584K, used 67445K [0x00000000a0000000, 0x00000000a4200000, 0x00000000e0000000)
  object space 67584K, 99% used [0x00000000a0000000,0x00000000a41dd7b8,0x00000000a4200000)
 Metaspace       used 70695K, capacity 72932K, committed 73088K, reserved 1112064K
  class space    used 9394K, capacity 10032K, committed 10112K, reserved 1048576K
Event: 41.556 GC heap after
Heap after GC invocations=22 (full 5):
 PSYoungGen      total 166400K, used 40533K [0x00000000e0000000, 0x00000000ed400000, 0x0000000100000000)
  eden space 151040K, 26% used [0x00000000e0000000,0x00000000e27956a8,0x00000000e9380000)
  from space 15360K, 0% used [0x00000000e9380000,0x00000000e9380000,0x00000000ea280000)
  to   space 24576K, 0% used [0x00000000ebc00000,0x00000000ebc00000,0x00000000ed400000)
 ParOldGen       total 67584K, used 67530K [0x00000000a0000000, 0x00000000a4200000, 0x00000000e0000000)
  object space 67584K, 99% used [0x00000000a0000000,0x00000000a41f2960,0x00000000a4200000)
 Metaspace       used 70695K, capacity 72932K, committed 73088K, reserved 1112064K
  class space    used 9394K, capacity 10032K, committed 10112K, reserved 1048576K
}

Deoptimization events (10 events):
Event: 42.260 Thread 0x000000001ce05000 Uncommon trap: reason=bimorphic action=maybe_recompile pc=0x0000000004a30c20 method=com.sun.tools.javac.jvm.Items$Item.coerce(I)Lcom/sun/tools/javac/jvm/Items$Item; @ 11
Event: 42.294 Thread 0x000000001ce05000 Uncommon trap: reason=bimorphic action=maybe_recompile pc=0x0000000004a30c20 method=com.sun.tools.javac.jvm.Items$Item.coerce(I)Lcom/sun/tools/javac/jvm/Items$Item; @ 11
Event: 42.295 Thread 0x000000001ce05000 Uncommon trap: reason=bimorphic action=maybe_recompile pc=0x0000000004a30c20 method=com.sun.tools.javac.jvm.Items$Item.coerce(I)Lcom/sun/tools/javac/jvm/Items$Item; @ 11
Event: 42.426 Thread 0x000000001ce05000 Uncommon trap: reason=unstable_if action=reinterpret pc=0x0000000005111638 method=com.sun.tools.javac.util.Bits.isMember(I)Z @ 31
Event: 42.540 Thread 0x000000001ce05000 Uncommon trap: reason=bimorphic action=maybe_recompile pc=0x000000000526c8f8 method=com.sun.tools.javac.comp.Check.checkDeprecated(Lcom/sun/tools/javac/util/JCDiagnostic$DiagnosticPosition;Lcom/sun/tools/javac/code/Symbol;Lcom/sun/tools/javac/code/Symbol;
Event: 42.847 Thread 0x000000001ce05000 Uncommon trap: reason=bimorphic action=maybe_recompile pc=0x000000000526c8f8 method=com.sun.tools.javac.comp.Check.checkDeprecated(Lcom/sun/tools/javac/util/JCDiagnostic$DiagnosticPosition;Lcom/sun/tools/javac/code/Symbol;Lcom/sun/tools/javac/code/Symbol;
Event: 42.872 Thread 0x000000001ce05000 Uncommon trap: reason=bimorphic action=maybe_recompile pc=0x00000000051d5930 method=com.sun.tools.javac.comp.Check.checkDeprecated(Lcom/sun/tools/javac/util/JCDiagnostic$DiagnosticPosition;Lcom/sun/tools/javac/code/Symbol;Lcom/sun/tools/javac/code/Symbol;
Event: 42.962 Thread 0x000000001ce05000 Uncommon trap: reason=bimorphic action=maybe_recompile pc=0x0000000005789844 method=com.sun.tools.javac.comp.Resolve$LookupFilter.accepts(Lcom/sun/tools/javac/code/Symbol;)Z @ 1
Event: 42.963 Thread 0x000000001ce05000 Uncommon trap: reason=unstable_if action=reinterpret pc=0x00000000057a694c method=com.sun.tools.javac.code.Lint$AugmentVisitor.augment(Lcom/sun/tools/javac/code/Lint;Lcom/sun/tools/javac/util/List;)Lcom/sun/tools/javac/code/Lint; @ 52
Event: 42.963 Thread 0x000000001ce05000 Uncommon trap: reason=unstable_if action=reinterpret pc=0x0000000005788094 method=com.sun.tools.javac.code.Lint$AugmentVisitor.augment(Lcom/sun/tools/javac/code/Lint;Lcom/sun/tools/javac/util/List;)Lcom/sun/tools/javac/code/Lint; @ 52

Classes redefined (0 events):
No events

Internal exceptions (10 events):
Event: 22.781 Thread 0x000000001ce05000 Implicit null exception at 0x0000000004e1ea37 to 0x0000000004e1ed61
Event: 24.112 Thread 0x000000001ce05000 Exception <a 'java/lang/NoSuchMethodError': java.lang.Object.lambda$negate$1(Ljava/lang/Object;)Z> (0x00000000e1487090) thrown at [D:\src\AOSP-openjdk-cygwin\jdk8u\hotspot\src\share\vm\interpreter\linkResolver.cpp, line 584]
Event: 30.549 Thread 0x000000001ce05000 Exception <a 'java/lang/NoSuchMethodError': java.lang.Object.lambda$comparingInt$7b0bb60$1(Ljava/util/function/ToIntFunction;Ljava/lang/Object;Ljava/lang/Object;)I> (0x00000000e14ed5c0) thrown at [D:\src\AOSP-openjdk-cygwin\jdk8u\hotspot\src\share\vm\inte
Event: 31.036 Thread 0x000000001ce05000 Implicit null exception at 0x0000000004fca91d to 0x0000000004fcad15
Event: 31.036 Thread 0x000000001ce05000 Implicit null exception at 0x0000000004fca05c to 0x0000000004fca435
Event: 32.069 Thread 0x000000001ce05000 Implicit null exception at 0x0000000004bf030b to 0x0000000004bf1509
Event: 32.069 Thread 0x000000001ce05000 Implicit null exception at 0x0000000004bda2e4 to 0x0000000004bdb211
Event: 32.070 Thread 0x000000001ce05000 Implicit null exception at 0x0000000004be84fc to 0x0000000004be936d
Event: 32.070 Thread 0x000000001ce05000 Implicit null exception at 0x0000000004bce674 to 0x0000000004bce7fd
Event: 39.994 Thread 0x000000001ce05000 Implicit null exception at 0x0000000004aadcb0 to 0x0000000004aae3bd

Events (10 events):
Event: 43.224 Thread 0x0000000019325000 flushing nmethod 0x00000000053361d0
Event: 43.225 Thread 0x0000000019325000 flushing nmethod 0x0000000005375b90
Event: 43.225 Thread 0x0000000019325000 flushing nmethod 0x000000000539bf50
Event: 43.225 Thread 0x0000000019325000 flushing nmethod 0x00000000053e5610
Event: 43.225 Thread 0x0000000019325000 flushing nmethod 0x00000000053f8c10
Event: 43.225 Thread 0x0000000019325000 flushing nmethod 0x000000000542dc50
Event: 43.225 Thread 0x0000000019325000 flushing nmethod 0x0000000005431710
Event: 43.225 Thread 0x0000000019325000 flushing nmethod 0x0000000005435350
Event: 43.225 Thread 0x0000000019325000 flushing nmethod 0x0000000005435f50
Event: 43.225 Thread 0x0000000019325000 flushing nmethod 0x000000000543f190


Dynamic libraries:
0x00007ff7f7930000 - 0x00007ff7f7961000 	C:\Program Files\Android\Android Studio\jre\bin\java.exe
0x00007ffd701f0000 - 0x00007ffd703d1000 	C:\WINDOWS\SYSTEM32\ntdll.dll
0x00007ffd6d8d0000 - 0x00007ffd6d982000 	C:\WINDOWS\System32\KERNEL32.DLL
0x00007ffd6c770000 - 0x00007ffd6c9e3000 	C:\WINDOWS\System32\KERNELBASE.dll
0x00007ffd6dea0000 - 0x00007ffd6df41000 	C:\WINDOWS\System32\ADVAPI32.dll
0x00007ffd700c0000 - 0x00007ffd7015e000 	C:\WINDOWS\System32\msvcrt.dll
0x00007ffd70160000 - 0x00007ffd701bb000 	C:\WINDOWS\System32\sechost.dll
0x00007ffd6dd70000 - 0x00007ffd6de94000 	C:\WINDOWS\System32\RPCRT4.dll
0x00007ffd6d740000 - 0x00007ffd6d8d0000 	C:\WINDOWS\System32\USER32.dll
0x00007ffd6d160000 - 0x00007ffd6d180000 	C:\WINDOWS\System32\win32u.dll
0x00007ffd6dba0000 - 0x00007ffd6dbc8000 	C:\WINDOWS\System32\GDI32.dll
0x00007ffd6d410000 - 0x00007ffd6d5a2000 	C:\WINDOWS\System32\gdi32full.dll
0x00007ffd6d370000 - 0x00007ffd6d40f000 	C:\WINDOWS\System32\msvcp_win.dll
0x00007ffd6c670000 - 0x00007ffd6c76a000 	C:\WINDOWS\System32\ucrtbase.dll
0x00007ffd5cfa0000 - 0x00007ffd5d209000 	C:\WINDOWS\WinSxS\amd64_microsoft.windows.common-controls_6595b64144ccf1df_6.0.17134.407_none_fb449d63306391e9\COMCTL32.dll
0x00007ffd6e2a0000 - 0x00007ffd6e5c2000 	C:\WINDOWS\System32\combase.dll
0x00007ffd6d5b0000 - 0x00007ffd6d62a000 	C:\WINDOWS\System32\bcryptPrimitives.dll
0x00007ffd6e270000 - 0x00007ffd6e29d000 	C:\WINDOWS\System32\IMM32.DLL
0x0000000077c10000 - 0x0000000077ce2000 	C:\Program Files\Android\Android Studio\jre\jre\bin\msvcr100.dll
0x0000000076f20000 - 0x0000000077761000 	C:\Program Files\Android\Android Studio\jre\jre\bin\server\jvm.dll
0x00007ffd6e740000 - 0x00007ffd6e748000 	C:\WINDOWS\System32\PSAPI.DLL
0x00007ffd5f680000 - 0x00007ffd5f68a000 	C:\WINDOWS\SYSTEM32\VERSION.dll
0x00007ffd6a250000 - 0x00007ffd6a273000 	C:\WINDOWS\SYSTEM32\WINMM.dll
0x00007ffd5e2d0000 - 0x00007ffd5e2d9000 	C:\WINDOWS\SYSTEM32\WSOCK32.dll
0x00007ffd6e5d0000 - 0x00007ffd6e63c000 	C:\WINDOWS\System32\WS2_32.dll
0x00007ffd6a220000 - 0x00007ffd6a24a000 	C:\WINDOWS\SYSTEM32\WINMMBASE.dll
0x00007ffd6d630000 - 0x00007ffd6d679000 	C:\WINDOWS\System32\cfgmgr32.dll
0x00007ffd691d0000 - 0x00007ffd691df000 	C:\Program Files\Android\Android Studio\jre\jre\bin\verify.dll
0x00007ffd671b0000 - 0x00007ffd671d9000 	C:\Program Files\Android\Android Studio\jre\jre\bin\java.dll
0x00007ffd69010000 - 0x00007ffd69026000 	C:\Program Files\Android\Android Studio\jre\jre\bin\zip.dll
0x00007ffd6e820000 - 0x00007ffd6fc5f000 	C:\WINDOWS\System32\SHELL32.dll
0x00007ffd6e040000 - 0x00007ffd6e0e9000 	C:\WINDOWS\System32\shcore.dll
0x00007ffd6ca50000 - 0x00007ffd6d15d000 	C:\WINDOWS\System32\windows.storage.dll
0x00007ffd6d680000 - 0x00007ffd6d6d1000 	C:\WINDOWS\System32\shlwapi.dll
0x00007ffd6c550000 - 0x00007ffd6c561000 	C:\WINDOWS\System32\kernel.appcore.dll
0x00007ffd6c5a0000 - 0x00007ffd6c5bf000 	C:\WINDOWS\System32\profapi.dll
0x00007ffd6c500000 - 0x00007ffd6c54c000 	C:\WINDOWS\System32\powrprof.dll
0x00007ffd6c590000 - 0x00007ffd6c59a000 	C:\WINDOWS\System32\FLTLIB.DLL
0x00007ffd66cc0000 - 0x00007ffd66cda000 	C:\Program Files\Android\Android Studio\jre\jre\bin\net.dll
0x00007ffd6bd80000 - 0x00007ffd6bde6000 	C:\WINDOWS\system32\mswsock.dll
0x00007ffd66ca0000 - 0x00007ffd66cb1000 	C:\Program Files\Android\Android Studio\jre\jre\bin\nio.dll
0x00007ffd65280000 - 0x00007ffd6529e000 	C:\Users\Administrator\.gradle\native\25\windows-amd64\native-platform.dll
0x00007ffd690c0000 - 0x00007ffd690cd000 	C:\Program Files\Android\Android Studio\jre\jre\bin\management.dll
0x00007ffd6bf40000 - 0x00007ffd6bf57000 	C:\WINDOWS\SYSTEM32\CRYPTSP.dll
0x00007ffd6b960000 - 0x00007ffd6b993000 	C:\WINDOWS\system32\rsaenh.dll
0x00007ffd6c060000 - 0x00007ffd6c085000 	C:\WINDOWS\SYSTEM32\bcrypt.dll
0x00007ffd6c400000 - 0x00007ffd6c428000 	C:\WINDOWS\SYSTEM32\USERENV.dll
0x00007ffd6bf30000 - 0x00007ffd6bf3b000 	C:\WINDOWS\SYSTEM32\CRYPTBASE.dll
0x00007ffd6bb00000 - 0x00007ffd6bb38000 	C:\WINDOWS\SYSTEM32\IPHLPAPI.DLL
0x00007ffd6d990000 - 0x00007ffd6d998000 	C:\WINDOWS\System32\NSI.dll
0x00007ffd67360000 - 0x00007ffd67376000 	C:\WINDOWS\SYSTEM32\dhcpcsvc6.DLL
0x00007ffd67840000 - 0x00007ffd6785a000 	C:\WINDOWS\SYSTEM32\dhcpcsvc.DLL
0x00007ffd5f690000 - 0x00007ffd5f6b4000 	C:\Program Files\Android\Android Studio\jre\jre\bin\sunec.dll
0x00007ffd6bb40000 - 0x00007ffd6bbfe000 	C:\WINDOWS\SYSTEM32\DNSAPI.dll
0x00007ffd63790000 - 0x00007ffd6379a000 	C:\Windows\System32\rasadhlp.dll
0x00007ffd644e0000 - 0x00007ffd64552000 	C:\WINDOWS\System32\fwpuclnt.dll
0x00007ffd5f710000 - 0x00007ffd5f71b000 	C:\Program Files\Android\Android Studio\jre\jre\bin\sunmscapi.dll
0x00007ffd6d180000 - 0x00007ffd6d362000 	C:\WINDOWS\System32\CRYPT32.dll
0x00007ffd6c570000 - 0x00007ffd6c582000 	C:\WINDOWS\System32\MSASN1.dll

VM Arguments:
jvm_args: -Xmx1536m -Dfile.encoding=x-windows-949 -Duser.country=KR -Duser.language=ko -Duser.variant 
java_command: org.gradle.launcher.daemon.bootstrap.GradleDaemon 4.6
java_class_path (initial): C:\Users\Administrator\.gradle\wrapper\dists\gradle-4.6-all\bcst21l2brirad8k2ben1letg\gradle-4.6\lib\gradle-launcher-4.6.jar
Launcher Type: SUN_STANDARD

Environment Variables:
JAVA_HOME=C:\Program Files\Java\jdk-9.0.4
PATH=C:\ProgramData\Oracle\Java\javapath;C:\WINDOWS\system32;C:\WINDOWS;C:\WINDOWS\System32\Wbem;C:\WINDOWS\System32\WindowsPowerShell\v1.0\;C:\Users\Administrator\AppData\Local\Android\Sdk\platform-tools;C:\WINDOWS\System32\OpenSSH\;C:\Program Files (x86)\ePapyrus\Papyrus-PlugIn-ntas;C:\Program Files (x86)\ePapyrus\Papyrus-PlugIn-ntas\Addins;C:\Program Files\Git\cmd;C:\Users\Administrator\AppData\Local\Android\Sdk\platform-tools;C:\Users\Administrator\AppData\Local\Microsoft\WindowsApps;C:\Program Files\Java\jdk-9.0.4\bin;C:\Users\Administrator\AppData\Local\GitHubDesktop\bin;C:\Users\Administrator\AppData\Local\Microsoft\WindowsApps;C:\Users\Administrator\AppData\Local\Android\Sdk\tools;C:\Users\Administrator\AppData\Local\atom\bin
USERNAME=Administrator
OS=Windows_NT
PROCESSOR_IDENTIFIER=Intel64 Family 6 Model 60 Stepping 3, GenuineIntel



---------------  S Y S T E M  ---------------

OS: Windows 10.0 , 64 bit Build 17134 (10.0.17134.1)

CPU:total 8 (initial active 8) (4 cores per cpu, 2 threads per core) family 6 model 60 stepping 3, cmov, cx8, fxsr, mmx, sse, sse2, sse3, ssse3, sse4.1, sse4.2, popcnt, avx, avx2, aes, clmul, erms, lzcnt, ht, tsc, tscinvbit, bmi1, bmi2

Memory: 4k page, physical 8277268k(847380k free), swap 33443092k(3252k free)

vm_info: OpenJDK 64-Bit Server VM (25.152-b06) for windows-amd64 JRE (1.8.0_152-release-1136-b06), built by "builder" with MS VC++ 10.0 (VS2010)

time: Sat Nov 24 07:37:32 2018
elapsed time: 43 seconds (0d 0h 0m 43s)

