#
# There is insufficient memory for the Java Runtime Environment to continue.
# Native memory allocation (malloc) failed to allocate 1311056 bytes for Chunk::new
# Possible reasons:
#   The system is out of physical RAM or swap space
#   In 32 bit mode, the process size limit was hit
# Possible solutions:
#   Reduce memory load on the system
#   Increase physical memory or swap space
#   Check if swap backing store is full
#   Use 64 bit Java on a 64 bit OS
#   Decrease Java heap size (-Xmx/-Xms)
#   Decrease number of Java threads
#   Decrease Java thread stack sizes (-Xss)
#   Set larger code cache with -XX:ReservedCodeCacheSize=
# This output file may be truncated or incomplete.
#
#  Out of Memory Error (allocation.cpp:390), pid=5076, tid=0x0000000000001c90
#
# JRE version: OpenJDK Runtime Environment (8.0_152-b01) (build 1.8.0_152-release-1343-b01)
# Java VM: OpenJDK 64-Bit Server VM (25.152-b01 mixed mode windows-amd64 compressed oops)
# Failed to write core dump. Minidumps are not enabled by default on client versions of Windows
#

---------------  T H R E A D  ---------------

Current thread (0x0000000018f0c800):  JavaThread "C2 CompilerThread0" daemon [_thread_in_native, id=7312, stack(0x0000000019610000,0x0000000019710000)]

Stack: [0x0000000019610000,0x0000000019710000]
[error occurred during error reporting (printing stack bounds), id 0xc0000005]

Native frames: (J=compiled Java code, j=interpreted, Vv=VM code, C=native code)


Current CompileTask:
C2:   4183 3331   !   4       java.util.jar.Attributes::read (380 bytes)


---------------  P R O C E S S  ---------------

Java Threads: ( => current thread )
  0x000000001bfc5800 JavaThread "pool-1-thread-1" [_thread_blocked, id=23440, stack(0x00000000234e0000,0x00000000235e0000)]
  0x000000001bfbe800 JavaThread "Build operations Thread 8" [_thread_blocked, id=18936, stack(0x00000000231e0000,0x00000000232e0000)]
  0x000000001bfc4800 JavaThread "Build operations Thread 7" [_thread_blocked, id=6768, stack(0x00000000230e0000,0x00000000231e0000)]
  0x000000001bfbe000 JavaThread "Build operations Thread 6" [_thread_blocked, id=23412, stack(0x0000000022fe0000,0x00000000230e0000)]
  0x000000001bfc0000 JavaThread "Build operations Thread 5" [_thread_blocked, id=20844, stack(0x0000000022ee0000,0x0000000022fe0000)]
  0x000000001bfc4000 JavaThread "Build operations Thread 4" [_thread_blocked, id=10604, stack(0x0000000022de0000,0x0000000022ee0000)]
  0x000000001b2ad800 JavaThread "Build operations Thread 3" [_thread_blocked, id=23656, stack(0x0000000022ce0000,0x0000000022de0000)]
  0x000000001b2ad000 JavaThread "Build operations Thread 2" [_thread_blocked, id=24004, stack(0x0000000022be0000,0x0000000022ce0000)]
  0x000000001b2ab800 JavaThread "Build operations" [_thread_blocked, id=18148, stack(0x0000000022ae0000,0x0000000022be0000)]
  0x000000001b2aa800 JavaThread "Cache worker for Artifact transforms cache (C:\Users\Administrator\.gradle\caches\transforms-1)" [_thread_blocked, id=23084, stack(0x00000000229e0000,0x0000000022ae0000)]
  0x000000001b2af000 JavaThread "Cache worker for cache directory md-rule (C:\Users\Administrator\.gradle\caches\4.10.1\md-rule)" [_thread_blocked, id=13684, stack(0x00000000228e0000,0x00000000229e0000)]
  0x000000001b2aa000 JavaThread "Cache worker for cache directory md-supplier (C:\Users\Administrator\.gradle\caches\4.10.1\md-supplier)" [_thread_blocked, id=15000, stack(0x00000000227e0000,0x00000000228e0000)]
  0x000000001b2ae800 JavaThread "Cache worker for journal cache (C:\Users\Administrator\.gradle\caches\journal-1)" [_thread_blocked, id=23088, stack(0x000000001e7d0000,0x000000001e8d0000)]
  0x000000001ba24800 JavaThread "Cache worker for file hash cache (C:\Users\Administrator\AndroidStudioProjects\Habit2Good2.0\.gradle\4.10.1\fileHashes)" [_thread_blocked, id=2744, stack(0x000000001e6d0000,0x000000001e7d0000)]
  0x000000001b656000 JavaThread "File lock request listener" [_thread_in_native, id=18484, stack(0x000000001d490000,0x000000001d590000)]
  0x000000001b655000 JavaThread "Cache worker for file hash cache (C:\Users\Administrator\.gradle\caches\4.10.1\fileHashes)" [_thread_blocked, id=18280, stack(0x000000001d390000,0x000000001d490000)]
  0x000000001b059800 JavaThread "Stdin handler" [_thread_blocked, id=10868, stack(0x000000001d090000,0x000000001d190000)]
  0x000000001aa7d000 JavaThread "Asynchronous log dispatcher for DefaultDaemonConnection: socket connection from /127.0.0.1:10728 to /127.0.0.1:10729" [_thread_blocked, id=22788, stack(0x000000001ce90000,0x000000001cf90000)]
  0x000000001b05f000 JavaThread "Daemon worker" [_thread_in_Java, id=18052, stack(0x000000001cd90000,0x000000001ce90000)]
  0x000000001aa92800 JavaThread "Cancel handler" [_thread_blocked, id=17632, stack(0x000000001cc90000,0x000000001cd90000)]
  0x000000001aa8a000 JavaThread "Handler for socket connection from /127.0.0.1:10728 to /127.0.0.1:10729" [_thread_in_native, id=22784, stack(0x000000001c990000,0x000000001ca90000)]
  0x000000001b033800 JavaThread "Daemon" [_thread_blocked, id=13968, stack(0x000000001c890000,0x000000001c990000)]
  0x000000001a9b7000 JavaThread "Daemon periodic checks" [_thread_blocked, id=10720, stack(0x000000001c790000,0x000000001c890000)]
  0x000000001a9b2000 JavaThread "Incoming local TCP Connector on port 10728" [_thread_in_native, id=19740, stack(0x000000001c5b0000,0x000000001c6b0000)]
  0x0000000018fad800 JavaThread "Service Thread" daemon [_thread_blocked, id=15028, stack(0x0000000019a10000,0x0000000019b10000)]
  0x0000000018f23800 JavaThread "C1 CompilerThread3" daemon [_thread_in_vm, id=17312, stack(0x0000000019910000,0x0000000019a10000)]
  0x0000000018f19000 JavaThread "C2 CompilerThread2" daemon [_thread_in_native, id=23464, stack(0x0000000019810000,0x0000000019910000)]
  0x0000000018f17800 JavaThread "C2 CompilerThread1" daemon [_thread_in_native, id=15668, stack(0x0000000019710000,0x0000000019810000)]
=>0x0000000018f0c800 JavaThread "C2 CompilerThread0" daemon [_thread_in_native, id=7312, stack(0x0000000019610000,0x0000000019710000)]
  0x0000000018f0c000 JavaThread "Attach Listener" daemon [_thread_blocked, id=22024, stack(0x0000000019510000,0x0000000019610000)]
  0x0000000018f0b000 JavaThread "Signal Dispatcher" daemon [_thread_blocked, id=6452, stack(0x0000000019410000,0x0000000019510000)]
  0x00000000031fe800 JavaThread "Finalizer" daemon [_thread_blocked, id=14912, stack(0x0000000019280000,0x0000000019380000)]
  0x00000000031f5000 JavaThread "Reference Handler" daemon [_thread_blocked, id=3872, stack(0x0000000018d80000,0x0000000018e80000)]
  0x0000000002c3e800 JavaThread "main" [_thread_blocked, id=20960, stack(0x0000000003000000,0x0000000003100000)]

Other Threads:
  0x0000000016fb6800 VMThread [stack: 0x0000000018c80000,0x0000000018d80000] [id=23264]
  0x0000000018fae800 WatcherThread [stack: 0x0000000019b10000,0x0000000019c10000] [id=15664]

VM state:not at safepoint (normal execution)

VM Mutex/Monitor currently owned by a thread: None

Heap:
 PSYoungGen      total 90112K, used 44432K [0x00000000e0000000, 0x00000000e7f00000, 0x0000000100000000)
  eden space 78336K, 56% used [0x00000000e0000000,0x00000000e2b64300,0x00000000e4c80000)
  from space 11776K, 0% used [0x00000000e4c80000,0x00000000e4c80000,0x00000000e5800000)
  to   space 11776K, 0% used [0x00000000e7380000,0x00000000e7380000,0x00000000e7f00000)
 ParOldGen       total 100352K, used 17297K [0x00000000a0000000, 0x00000000a6200000, 0x00000000e0000000)
  object space 100352K, 17% used [0x00000000a0000000,0x00000000a10e47b8,0x00000000a6200000)
 Metaspace       used 39119K, capacity 39992K, committed 40320K, reserved 1083392K
  class space    used 5364K, capacity 5698K, committed 5760K, reserved 1048576K

Card table byte_map: [0x00000000125c0000,0x00000000128d0000] byte_map_base: 0x00000000120c0000

Marking Bits: (ParMarkBitMap*) 0x000000005fa65aa0
 Begin Bits: [0x00000000132d0000, 0x0000000014ad0000)
 End Bits:   [0x0000000014ad0000, 0x00000000162d0000)

Polling page: 0x0000000001450000

CodeCache: size=245760Kb used=12404Kb max_used=12404Kb free=233355Kb
 bounds [0x0000000003200000, 0x0000000003e30000, 0x0000000012200000]
 total_blobs=4168 nmethods=3440 adapters=641
 compilation: enabled

Compilation events (10 events):
Event: 4.178 Thread 0x0000000018f23800 nmethod 3432 0x0000000003e1e810 code [0x0000000003e1e980, 0x0000000003e1eb88]
Event: 4.178 Thread 0x0000000018f23800 3433       3       java.nio.HeapByteBuffer::get (14 bytes)
Event: 4.178 Thread 0x0000000018f23800 nmethod 3433 0x0000000003e1e110 code [0x0000000003e1e2a0, 0x0000000003e1e648]
Event: 4.178 Thread 0x0000000018f23800 3434       3       org.objectweb.asm.SymbolTable::addConstantUtf8 (98 bytes)
Event: 4.178 Thread 0x0000000018f17800 nmethod 3429 0x0000000003e1f1d0 code [0x0000000003e1f340, 0x0000000003e1f768]
Event: 4.178 Thread 0x0000000018f23800 nmethod 3434 0x0000000003e1d350 code [0x0000000003e1d540, 0x0000000003e1dcf8]
Event: 4.178 Thread 0x0000000018f23800 3435       3       org.gradle.api.internal.AsmBackedClassGenerator$ClassBuilderImpl::addGetter (50 bytes)
Event: 4.179 Thread 0x0000000018f23800 nmethod 3435 0x0000000003e1c990 code [0x0000000003e1cb40, 0x0000000003e1d158]
Event: 4.179 Thread 0x0000000018f23800 3436       3       org.objectweb.asm.FieldVisitor::<init> (47 bytes)
Event: 4.179 Thread 0x0000000018f23800 nmethod 3436 0x0000000003e1c390 code [0x0000000003e1c500, 0x0000000003e1c888]

GC Heap History (10 events):
Event: 2.583 GC heap before
{Heap before GC invocations=7 (full 1):
 PSYoungGen      total 38400K, used 33280K [0x00000000e0000000, 0x00000000e5700000, 0x0000000100000000)
  eden space 33280K, 100% used [0x00000000e0000000,0x00000000e2080000,0x00000000e2080000)
  from space 5120K, 0% used [0x00000000e2080000,0x00000000e2080000,0x00000000e2580000)
  to   space 11264K, 0% used [0x00000000e4c00000,0x00000000e4c00000,0x00000000e5700000)
 ParOldGen       total 64512K, used 9920K [0x00000000a0000000, 0x00000000a3f00000, 0x00000000e0000000)
  object space 64512K, 15% used [0x00000000a0000000,0x00000000a09b02e0,0x00000000a3f00000)
 Metaspace       used 24708K, capacity 25228K, committed 25344K, reserved 1071104K
  class space    used 3397K, capacity 3577K, committed 3584K, reserved 1048576K
Event: 2.586 GC heap after
Heap after GC invocations=7 (full 1):
 PSYoungGen      total 55296K, used 4042K [0x00000000e0000000, 0x00000000e5000000, 0x0000000100000000)
  eden space 51200K, 0% used [0x00000000e0000000,0x00000000e0000000,0x00000000e3200000)
  from space 4096K, 98% used [0x00000000e4c00000,0x00000000e4ff2a08,0x00000000e5000000)
  to   space 11264K, 0% used [0x00000000e3a00000,0x00000000e3a00000,0x00000000e4500000)
 ParOldGen       total 64512K, used 9928K [0x00000000a0000000, 0x00000000a3f00000, 0x00000000e0000000)
  object space 64512K, 15% used [0x00000000a0000000,0x00000000a09b22e0,0x00000000a3f00000)
 Metaspace       used 24708K, capacity 25228K, committed 25344K, reserved 1071104K
  class space    used 3397K, capacity 3577K, committed 3584K, reserved 1048576K
}
Event: 2.959 GC heap before
{Heap before GC invocations=8 (full 1):
 PSYoungGen      total 55296K, used 55242K [0x00000000e0000000, 0x00000000e5000000, 0x0000000100000000)
  eden space 51200K, 100% used [0x00000000e0000000,0x00000000e3200000,0x00000000e3200000)
  from space 4096K, 98% used [0x00000000e4c00000,0x00000000e4ff2a08,0x00000000e5000000)
  to   space 11264K, 0% used [0x00000000e3a00000,0x00000000e3a00000,0x00000000e4500000)
 ParOldGen       total 64512K, used 9928K [0x00000000a0000000, 0x00000000a3f00000, 0x00000000e0000000)
  object space 64512K, 15% used [0x00000000a0000000,0x00000000a09b22e0,0x00000000a3f00000)
 Metaspace       used 27921K, capacity 28502K, committed 28672K, reserved 1073152K
  class space    used 3846K, capacity 4070K, committed 4096K, reserved 1048576K
Event: 2.965 GC heap after
Heap after GC invocations=8 (full 1):
 PSYoungGen      total 70656K, used 6481K [0x00000000e0000000, 0x00000000e6280000, 0x0000000100000000)
  eden space 59392K, 0% used [0x00000000e0000000,0x00000000e0000000,0x00000000e3a00000)
  from space 11264K, 57% used [0x00000000e3a00000,0x00000000e40546b8,0x00000000e4500000)
  to   space 10752K, 0% used [0x00000000e5800000,0x00000000e5800000,0x00000000e6280000)
 ParOldGen       total 64512K, used 9936K [0x00000000a0000000, 0x00000000a3f00000, 0x00000000e0000000)
  object space 64512K, 15% used [0x00000000a0000000,0x00000000a09b42e0,0x00000000a3f00000)
 Metaspace       used 27921K, capacity 28502K, committed 28672K, reserved 1073152K
  class space    used 3846K, capacity 4070K, committed 4096K, reserved 1048576K
}
Event: 3.498 GC heap before
{Heap before GC invocations=9 (full 1):
 PSYoungGen      total 70656K, used 65873K [0x00000000e0000000, 0x00000000e6280000, 0x0000000100000000)
  eden space 59392K, 100% used [0x00000000e0000000,0x00000000e3a00000,0x00000000e3a00000)
  from space 11264K, 57% used [0x00000000e3a00000,0x00000000e40546b8,0x00000000e4500000)
  to   space 10752K, 0% used [0x00000000e5800000,0x00000000e5800000,0x00000000e6280000)
 ParOldGen       total 64512K, used 9936K [0x00000000a0000000, 0x00000000a3f00000, 0x00000000e0000000)
  object space 64512K, 15% used [0x00000000a0000000,0x00000000a09b42e0,0x00000000a3f00000)
 Metaspace       used 30811K, capacity 31464K, committed 31744K, reserved 1077248K
  class space    used 4285K, capacity 4523K, committed 4608K, reserved 1048576K
Event: 3.507 GC heap after
Heap after GC invocations=9 (full 1):
 PSYoungGen      total 89088K, used 9843K [0x00000000e0000000, 0x00000000e7200000, 0x0000000100000000)
  eden space 78336K, 0% used [0x00000000e0000000,0x00000000e0000000,0x00000000e4c80000)
  from space 10752K, 91% used [0x00000000e5800000,0x00000000e619ce10,0x00000000e6280000)
  to   space 11776K, 0% used [0x00000000e4c80000,0x00000000e4c80000,0x00000000e5800000)
 ParOldGen       total 64512K, used 9944K [0x00000000a0000000, 0x00000000a3f00000, 0x00000000e0000000)
  object space 64512K, 15% used [0x00000000a0000000,0x00000000a09b62e0,0x00000000a3f00000)
 Metaspace       used 30811K, capacity 31464K, committed 31744K, reserved 1077248K
  class space    used 4285K, capacity 4523K, committed 4608K, reserved 1048576K
}
Event: 3.797 GC heap before
{Heap before GC invocations=10 (full 1):
 PSYoungGen      total 89088K, used 34053K [0x00000000e0000000, 0x00000000e7200000, 0x0000000100000000)
  eden space 78336K, 30% used [0x00000000e0000000,0x00000000e17a4690,0x00000000e4c80000)
  from space 10752K, 91% used [0x00000000e5800000,0x00000000e619ce10,0x00000000e6280000)
  to   space 11776K, 0% used [0x00000000e4c80000,0x00000000e4c80000,0x00000000e5800000)
 ParOldGen       total 64512K, used 9944K [0x00000000a0000000, 0x00000000a3f00000, 0x00000000e0000000)
  object space 64512K, 15% used [0x00000000a0000000,0x00000000a09b62e0,0x00000000a3f00000)
 Metaspace       used 34580K, capacity 35302K, committed 35416K, reserved 1079296K
  class space    used 4828K, capacity 5099K, committed 5120K, reserved 1048576K
Event: 3.804 GC heap after
Heap after GC invocations=10 (full 1):
 PSYoungGen      total 90112K, used 8412K [0x00000000e0000000, 0x00000000e7f00000, 0x0000000100000000)
  eden space 78336K, 0% used [0x00000000e0000000,0x00000000e0000000,0x00000000e4c80000)
  from space 11776K, 71% used [0x00000000e4c80000,0x00000000e54b7088,0x00000000e5800000)
  to   space 11776K, 0% used [0x00000000e7380000,0x00000000e7380000,0x00000000e7f00000)
 ParOldGen       total 64512K, used 11828K [0x00000000a0000000, 0x00000000a3f00000, 0x00000000e0000000)
  object space 64512K, 18% used [0x00000000a0000000,0x00000000a0b8d320,0x00000000a3f00000)
 Metaspace       used 34580K, capacity 35302K, committed 35416K, reserved 1079296K
  class space    used 4828K, capacity 5099K, committed 5120K, reserved 1048576K
}
Event: 3.804 GC heap before
{Heap before GC invocations=11 (full 2):
 PSYoungGen      total 90112K, used 8412K [0x00000000e0000000, 0x00000000e7f00000, 0x0000000100000000)
  eden space 78336K, 0% used [0x00000000e0000000,0x00000000e0000000,0x00000000e4c80000)
  from space 11776K, 71% used [0x00000000e4c80000,0x00000000e54b7088,0x00000000e5800000)
  to   space 11776K, 0% used [0x00000000e7380000,0x00000000e7380000,0x00000000e7f00000)
 ParOldGen       total 64512K, used 11828K [0x00000000a0000000, 0x00000000a3f00000, 0x00000000e0000000)
  object space 64512K, 18% used [0x00000000a0000000,0x00000000a0b8d320,0x00000000a3f00000)
 Metaspace       used 34580K, capacity 35302K, committed 35416K, reserved 1079296K
  class space    used 4828K, capacity 5099K, committed 5120K, reserved 1048576K
Event: 3.864 GC heap after
Heap after GC invocations=11 (full 2):
 PSYoungGen      total 90112K, used 0K [0x00000000e0000000, 0x00000000e7f00000, 0x0000000100000000)
  eden space 78336K, 0% used [0x00000000e0000000,0x00000000e0000000,0x00000000e4c80000)
  from space 11776K, 0% used [0x00000000e4c80000,0x00000000e4c80000,0x00000000e5800000)
  to   space 11776K, 0% used [0x00000000e7380000,0x00000000e7380000,0x00000000e7f00000)
 ParOldGen       total 100352K, used 17297K [0x00000000a0000000, 0x00000000a6200000, 0x00000000e0000000)
  object space 100352K, 17% used [0x00000000a0000000,0x00000000a10e47b8,0x00000000a6200000)
 Metaspace       used 34580K, capacity 35302K, committed 35416K, reserved 1079296K
  class space    used 4828K, capacity 5099K, committed 5120K, reserved 1048576K
}

Deoptimization events (10 events):
Event: 4.067 Thread 0x000000001b05f000 Uncommon trap: reason=unstable_if action=reinterpret pc=0x0000000003710280 method=java.util.jar.Attributes$Name.isDigit(C)Z @ 3
Event: 4.071 Thread 0x000000001b05f000 Uncommon trap: reason=unstable_if action=reinterpret pc=0x0000000003ce1730 method=java.lang.ThreadLocal.get()Ljava/lang/Object; @ 11
Event: 4.077 Thread 0x000000001b05f000 Uncommon trap: reason=unstable_if action=reinterpret pc=0x0000000003af2718 method=java.util.HashMap.putVal(ILjava/lang/Object;Ljava/lang/Object;ZZ)Ljava/lang/Object; @ 236
Event: 4.086 Thread 0x000000001b05f000 Uncommon trap: reason=unstable_if action=reinterpret pc=0x0000000003679bfc method=java.lang.CharacterDataLatin1.isWhitespace(I)Z @ 14
Event: 4.113 Thread 0x000000001b05f000 Uncommon trap: reason=unstable_if action=reinterpret pc=0x0000000003d6f5e4 method=java.util.jar.JarFile.getInputStream(Ljava/util/zip/ZipEntry;)Ljava/io/InputStream; @ 37
Event: 4.114 Thread 0x000000001b05f000 Uncommon trap: reason=unstable_if action=reinterpret pc=0x0000000003d5a3c4 method=java.util.jar.JarFile$JarFileEntry.getCodeSigners()[Ljava/security/CodeSigner; @ 24
Event: 4.115 Thread 0x000000001b05f000 Uncommon trap: reason=unstable_if action=reinterpret pc=0x00000000037434ac method=java.security.CodeSource.getCertificates()[Ljava/security/cert/Certificate; @ 22
Event: 4.116 Thread 0x000000001b05f000 Uncommon trap: reason=unstable_if action=reinterpret pc=0x0000000003d63cfc method=java.security.CodeSource.matchCerts(Ljava/security/CodeSource;Z)Z @ 11
Event: 4.127 Thread 0x000000001b05f000 Uncommon trap: reason=unstable_if action=reinterpret pc=0x0000000003da6950 method=java.util.LinkedHashMap.get(Ljava/lang/Object;)Ljava/lang/Object; @ 20
Event: 4.178 Thread 0x000000001b05f000 Uncommon trap: reason=unstable_if action=reinterpret pc=0x0000000003a8a324 method=org.objectweb.asm.ByteVector.putUTF8(Ljava/lang/String;)Lorg/objectweb/asm/ByteVector; @ 91

Classes redefined (0 events):
No events

Internal exceptions (10 events):
Event: 3.581 Thread 0x000000001b05f000 Exception <a 'java/lang/ClassNotFoundException': org/gradle/api/tasks/DeleteCustomizer> (0x00000000e06bed98) thrown at [D:\src\AOSP-openjdk-cygwin\jdk8u\hotspot\src\share\vm\classfile\systemDictionary.cpp, line 210]
Event: 3.583 Thread 0x000000001b05f000 Exception <a 'java/lang/ClassNotFoundException': org/gradle/api/tasks/Delete_DecoratedCustomizer> (0x00000000e0709158) thrown at [D:\src\AOSP-openjdk-cygwin\jdk8u\hotspot\src\share\vm\classfile\systemDictionary.cpp, line 210]
Event: 3.611 Thread 0x000000001b05f000 Exception <a 'java/lang/ClassNotFoundException': build_5czz5a9p3apvw1f98g82y12kpBeanInfo> (0x00000000e0881e30) thrown at [D:\src\AOSP-openjdk-cygwin\jdk8u\hotspot\src\share\vm\classfile\systemDictionary.cpp, line 210]
Event: 3.612 Thread 0x000000001b05f000 Exception <a 'java/lang/ClassNotFoundException': build_5czz5a9p3apvw1f98g82y12kpCustomizer> (0x00000000e088cc10) thrown at [D:\src\AOSP-openjdk-cygwin\jdk8u\hotspot\src\share\vm\classfile\systemDictionary.cpp, line 210]
Event: 3.616 Thread 0x000000001b05f000 Exception <a 'java/lang/ClassNotFoundException': org/gradle/api/internal/plugins/DefaultObjectConfigurationActionBeanInfo> (0x00000000e08fb320) thrown at [D:\src\AOSP-openjdk-cygwin\jdk8u\hotspot\src\share\vm\classfile\systemDictionary.cpp, line 210]
Event: 3.617 Thread 0x000000001b05f000 Exception <a 'java/lang/ClassNotFoundException': org/gradle/api/internal/plugins/DefaultObjectConfigurationActionCustomizer> (0x00000000e0937a68) thrown at [D:\src\AOSP-openjdk-cygwin\jdk8u\hotspot\src\share\vm\classfile\systemDictionary.cpp, line 210]
Event: 3.730 Thread 0x000000001b05f000 Implicit null exception at 0x0000000003d11195 to 0x0000000003d1147d
Event: 3.793 Thread 0x000000001b05f000 Exception <a 'sun/nio/fs/WindowsException'> (0x00000000e16cfdc8) thrown at [D:\src\AOSP-openjdk-cygwin\jdk8u\hotspot\src\share\vm\prims\jni.cpp, line 709]
Event: 3.986 Thread 0x000000001b05f000 Exception <a 'sun/nio/fs/WindowsException'> (0x00000000e0dc49d0) thrown at [D:\src\AOSP-openjdk-cygwin\jdk8u\hotspot\src\share\vm\prims\jni.cpp, line 709]
Event: 4.071 Thread 0x000000001b05f000 Implicit null exception at 0x0000000003ce11e8 to 0x0000000003ce1719

Events (10 events):
Event: 4.179 loading class org/gradle/api/internal/GeneratedSubclass
Event: 4.179 loading class org/gradle/api/internal/GeneratedSubclass done
Event: 4.180 loading class org/gradle/api/internal/IConventionAware
Event: 4.180 loading class org/gradle/api/internal/IConventionAware done
Event: 4.180 loading class org/gradle/api/plugins/ExtensionAware
Event: 4.180 loading class org/gradle/api/plugins/ExtensionAware done
Event: 4.180 loading class org/gradle/api/internal/HasConvention
Event: 4.180 loading class org/gradle/api/internal/HasConvention done
Event: 4.180 loading class org/gradle/api/internal/DynamicObjectAware
Event: 4.180 loading class org/gradle/api/internal/DynamicObjectAware done


Dynamic libraries:
0x00007ff7cfbf0000 - 0x00007ff7cfc21000 	C:\Program Files\Android\Android Studio\jre\bin\java.exe
0x00007ff848f20000 - 0x00007ff849101000 	C:\WINDOWS\SYSTEM32\ntdll.dll
0x00007ff8486d0000 - 0x00007ff848782000 	C:\WINDOWS\System32\KERNEL32.DLL
0x00007ff846130000 - 0x00007ff8463a3000 	C:\WINDOWS\System32\KERNELBASE.dll
0x00007ff848040000 - 0x00007ff8480e1000 	C:\WINDOWS\System32\ADVAPI32.dll
0x00007ff8463b0000 - 0x00007ff84644e000 	C:\WINDOWS\System32\msvcrt.dll
0x00007ff848cc0000 - 0x00007ff848d1b000 	C:\WINDOWS\System32\sechost.dll
0x00007ff848150000 - 0x00007ff848274000 	C:\WINDOWS\System32\RPCRT4.dll
0x00007ff847da0000 - 0x00007ff847f30000 	C:\WINDOWS\System32\USER32.dll
0x00007ff845f70000 - 0x00007ff845f90000 	C:\WINDOWS\System32\win32u.dll
0x00007ff848c90000 - 0x00007ff848cb8000 	C:\WINDOWS\System32\GDI32.dll
0x00007ff845f90000 - 0x00007ff846122000 	C:\WINDOWS\System32\gdi32full.dll
0x00007ff845d00000 - 0x00007ff845d9f000 	C:\WINDOWS\System32\msvcp_win.dll
0x00007ff845df0000 - 0x00007ff845eea000 	C:\WINDOWS\System32\ucrtbase.dll
0x00007ff837690000 - 0x00007ff8378f9000 	C:\WINDOWS\WinSxS\amd64_microsoft.windows.common-controls_6595b64144ccf1df_6.0.17134.523_none_fb409dd930672a56\COMCTL32.dll
0x00007ff847a70000 - 0x00007ff847d92000 	C:\WINDOWS\System32\combase.dll
0x00007ff845ef0000 - 0x00007ff845f6a000 	C:\WINDOWS\System32\bcryptPrimitives.dll
0x00007ff848d40000 - 0x00007ff848d6d000 	C:\WINDOWS\System32\IMM32.DLL
0x000000005fde0000 - 0x000000005feb2000 	C:\Program Files\Android\Android Studio\jre\jre\bin\msvcr100.dll
0x000000005f2a0000 - 0x000000005fae1000 	C:\Program Files\Android\Android Studio\jre\jre\bin\server\jvm.dll
0x00007ff848d70000 - 0x00007ff848d78000 	C:\WINDOWS\System32\PSAPI.DLL
0x00007ff8218a0000 - 0x00007ff8218a9000 	C:\WINDOWS\SYSTEM32\WSOCK32.dll
0x00007ff838820000 - 0x00007ff83882a000 	C:\WINDOWS\SYSTEM32\VERSION.dll
0x00007ff8489d0000 - 0x00007ff848a3c000 	C:\WINDOWS\System32\WS2_32.dll
0x00007ff8433a0000 - 0x00007ff8433c3000 	C:\WINDOWS\SYSTEM32\WINMM.dll
0x00007ff843370000 - 0x00007ff84339a000 	C:\WINDOWS\SYSTEM32\winmmbase.dll
0x00007ff845da0000 - 0x00007ff845de9000 	C:\WINDOWS\System32\cfgmgr32.dll
0x00007ff841ed0000 - 0x00007ff841edf000 	C:\Program Files\Android\Android Studio\jre\jre\bin\verify.dll
0x00007ff841d70000 - 0x00007ff841d99000 	C:\Program Files\Android\Android Studio\jre\jre\bin\java.dll
0x00007ff840c10000 - 0x00007ff840c26000 	C:\Program Files\Android\Android Studio\jre\jre\bin\zip.dll
0x00007ff8464b0000 - 0x00007ff8478f0000 	C:\WINDOWS\System32\SHELL32.dll
0x00007ff848a40000 - 0x00007ff848ae9000 	C:\WINDOWS\System32\shcore.dll
0x00007ff8455f0000 - 0x00007ff845cfd000 	C:\WINDOWS\System32\windows.storage.dll
0x00007ff8480f0000 - 0x00007ff848141000 	C:\WINDOWS\System32\shlwapi.dll
0x00007ff8452d0000 - 0x00007ff8452e1000 	C:\WINDOWS\System32\kernel.appcore.dll
0x00007ff8452b0000 - 0x00007ff8452cf000 	C:\WINDOWS\System32\profapi.dll
0x00007ff845240000 - 0x00007ff84528c000 	C:\WINDOWS\System32\powrprof.dll
0x00007ff845230000 - 0x00007ff84523a000 	C:\WINDOWS\System32\FLTLIB.DLL
0x00007ff83ee60000 - 0x00007ff83ee7a000 	C:\Program Files\Android\Android Studio\jre\jre\bin\net.dll
0x00007ff844ab0000 - 0x00007ff844b16000 	C:\WINDOWS\system32\mswsock.dll
0x00007ff83e7b0000 - 0x00007ff83e7c1000 	C:\Program Files\Android\Android Studio\jre\jre\bin\nio.dll
0x00007ff843550000 - 0x00007ff84356e000 	C:\Users\Administrator\.gradle\native\25\windows-amd64\native-platform.dll
0x00007ff841ea0000 - 0x00007ff841ead000 	C:\Program Files\Android\Android Studio\jre\jre\bin\management.dll
0x00007ff844c60000 - 0x00007ff844c77000 	C:\WINDOWS\SYSTEM32\CRYPTSP.dll
0x00007ff844690000 - 0x00007ff8446c3000 	C:\WINDOWS\system32\rsaenh.dll
0x00007ff844d90000 - 0x00007ff844db5000 	C:\WINDOWS\SYSTEM32\bcrypt.dll
0x00007ff845160000 - 0x00007ff845188000 	C:\WINDOWS\SYSTEM32\USERENV.dll
0x00007ff844c80000 - 0x00007ff844c8b000 	C:\WINDOWS\SYSTEM32\CRYPTBASE.dll
0x00007ff844830000 - 0x00007ff844868000 	C:\WINDOWS\SYSTEM32\IPHLPAPI.DLL
0x00007ff848d30000 - 0x00007ff848d38000 	C:\WINDOWS\System32\NSI.dll
0x00007ff83f860000 - 0x00007ff83f876000 	C:\WINDOWS\SYSTEM32\dhcpcsvc6.DLL
0x00007ff83fbf0000 - 0x00007ff83fc0a000 	C:\WINDOWS\SYSTEM32\dhcpcsvc.DLL

VM Arguments:
jvm_args: -Xmx1536m -Dfile.encoding=x-windows-949 -Duser.country=KR -Duser.language=ko -Duser.variant 
java_command: org.gradle.launcher.daemon.bootstrap.GradleDaemon 4.10.1
java_class_path (initial): C:\Users\Administrator\.gradle\wrapper\dists\gradle-4.10.1-all\455itskqi2qtf0v2sja68alqd\gradle-4.10.1\lib\gradle-launcher-4.10.1.jar
Launcher Type: SUN_STANDARD

Environment Variables:
JAVA_HOME=C:\Program Files\Java\jdk-9.0.4
PATH=C:\ProgramData\Oracle\Java\javapath;C:\WINDOWS\system32;C:\WINDOWS;C:\WINDOWS\System32\Wbem;C:\WINDOWS\System32\WindowsPowerShell\v1.0\;C:\Users\Administrator\AppData\Local\Android\Sdk\platform-tools;C:\WINDOWS\System32\OpenSSH\;C:\Program Files (x86)\ePapyrus\Papyrus-PlugIn-ntas;C:\Program Files (x86)\ePapyrus\Papyrus-PlugIn-ntas\Addins;C:\Program Files\Git\cmd;C:\Users\Administrator\AppData\Local\Android\Sdk\platform-tools;C:\Users\Administrator\AppData\Local\Microsoft\WindowsApps;C:\Program Files\Java\jdk-9.0.4\bin;C:\Users\Administrator\AppData\Local\GitHubDesktop\bin;C:\Users\Administrator\AppData\Local\Microsoft\WindowsApps;C:\Users\Administrator\AppData\Local\Android\Sdk\tools;C:\Users\Administrator\AppData\Local\atom\bin
USERNAME=Administrator
OS=Windows_NT
PROCESSOR_IDENTIFIER=Intel64 Family 6 Model 60 Stepping 3, GenuineIntel



---------------  S Y S T E M  ---------------

OS: Windows 10.0 , 64 bit Build 17134 (10.0.17134.1)

CPU:total 8 (initial active 8) (4 cores per cpu, 2 threads per core) family 6 model 60 stepping 3, cmov, cx8, fxsr, mmx, sse, sse2, sse3, ssse3, sse4.1, sse4.2, popcnt, avx, avx2, aes, clmul, erms, lzcnt, ht, tsc, tscinvbit, bmi1, bmi2

Memory: 4k page, physical 8277044k(3212472k free), swap 33442868k(6376k free)

vm_info: OpenJDK 64-Bit Server VM (25.152-b01) for windows-amd64 JRE (1.8.0_152-release-1343-b01), built by "builder" with MS VC++ 10.0 (VS2010)

time: Mon May 13 11:13:29 2019
elapsed time: 4 seconds (0d 0h 0m 4s)

