#
# There is insufficient memory for the Java Runtime Environment to continue.
# Native memory allocation (malloc) failed to allocate 2361088 bytes for Chunk::new
# Possible reasons:
#   The system is out of physical RAM or swap space
#   In 32 bit mode, the process size limit was hit
# Possible solutions:
#   Reduce memory load on the system
#   Increase physical memory or swap space
#   Check if swap backing store is full
#   Use 64 bit Java on a 64 bit OS
#   Decrease Java heap size (-Xmx/-Xms)
#   Decrease number of Java threads
#   Decrease Java thread stack sizes (-Xss)
#   Set larger code cache with -XX:ReservedCodeCacheSize=
# This output file may be truncated or incomplete.
#
#  Out of Memory Error (allocation.cpp:390), pid=22136, tid=0x0000000000002dd0
#
# JRE version: OpenJDK Runtime Environment (8.0_152-b06) (build 1.8.0_152-release-1136-b06)
# Java VM: OpenJDK 64-Bit Server VM (25.152-b06 mixed mode windows-amd64 compressed oops)
# Failed to write core dump. Minidumps are not enabled by default on client versions of Windows
#

---------------  T H R E A D  ---------------

Current thread (0x0000000019242800):  JavaThread "C2 CompilerThread0" daemon [_thread_in_native, id=11728, stack(0x0000000019940000,0x0000000019a40000)]

Stack: [0x0000000019940000,0x0000000019a40000]
[error occurred during error reporting (printing stack bounds), id 0xc0000005]

Native frames: (J=compiled Java code, j=interpreted, Vv=VM code, C=native code)


Current CompileTask:
C2:  12884 4789       4       com.sun.beans.TypeResolver::resolve (37 bytes)


---------------  P R O C E S S  ---------------

Java Threads: ( => current thread )
  0x000000001d370800 JavaThread "Memory manager" [_thread_blocked, id=11712, stack(0x0000000022ae0000,0x0000000022be0000)]
  0x000000001d36b800 JavaThread "pool-1-thread-1" [_thread_blocked, id=27600, stack(0x00000000227e0000,0x00000000228e0000)]
  0x000000001d36d000 JavaThread "Build operations Thread 8" [_thread_blocked, id=14976, stack(0x00000000220e0000,0x00000000221e0000)]
  0x000000001d820800 JavaThread "Build operations Thread 7" [_thread_blocked, id=20696, stack(0x0000000021fe0000,0x00000000220e0000)]
  0x000000001d81f800 JavaThread "Build operations Thread 6" [_thread_blocked, id=15156, stack(0x0000000021ee0000,0x0000000021fe0000)]
  0x000000001d825000 JavaThread "Build operations Thread 5" [_thread_blocked, id=16852, stack(0x0000000021de0000,0x0000000021ee0000)]
  0x000000001d81f000 JavaThread "Build operations Thread 4" [_thread_blocked, id=4916, stack(0x0000000021ce0000,0x0000000021de0000)]
  0x000000001d824000 JavaThread "Build operations Thread 3" [_thread_blocked, id=23040, stack(0x0000000021be0000,0x0000000021ce0000)]
  0x000000001d822000 JavaThread "Build operations Thread 2" [_thread_blocked, id=20672, stack(0x0000000021ae0000,0x0000000021be0000)]
  0x000000001d822800 JavaThread "Build operations" [_thread_blocked, id=27772, stack(0x0000000021110000,0x0000000021210000)]
  0x000000001d823800 JavaThread "Cache worker for Artifact transforms cache (C:\Users\Administrator\.gradle\caches\transforms-1)" [_thread_blocked, id=3644, stack(0x000000001e9d0000,0x000000001ead0000)]
  0x000000001b228000 JavaThread "Cache worker for file hash cache (C:\Users\Administrator\AndroidStudioProjects\Habit2Good\.gradle\4.6\fileHashes)" [_thread_blocked, id=1208, stack(0x000000001d900000,0x000000001da00000)]
  0x000000001b2b0000 JavaThread "File lock request listener" [_thread_in_native, id=18904, stack(0x000000001c830000,0x000000001c930000)]
  0x000000001b082800 JavaThread "Cache worker for file hash cache (C:\Users\Administrator\.gradle\caches\4.6\fileHashes)" [_thread_blocked, id=16788, stack(0x000000001c730000,0x000000001c830000)]
  0x000000001b081800 JavaThread "Stdin handler" [_thread_blocked, id=2128, stack(0x000000001c430000,0x000000001c530000)]
  0x000000001b080800 JavaThread "Asynchronous log dispatcher for DefaultDaemonConnection: socket connection from /127.0.0.1:13875 to /127.0.0.1:13876" [_thread_blocked, id=17868, stack(0x000000001c230000,0x000000001c330000)]
  0x000000001b07f800 JavaThread "Daemon worker" [_thread_in_Java, id=28016, stack(0x000000001c130000,0x000000001c230000)]
  0x000000001b07e800 JavaThread "Cancel handler" [_thread_blocked, id=13360, stack(0x000000001c030000,0x000000001c130000)]
  0x000000001b06a800 JavaThread "Handler for socket connection from /127.0.0.1:13875 to /127.0.0.1:13876" [_thread_in_native, id=24652, stack(0x000000001bd30000,0x000000001be30000)]
  0x000000001b101800 JavaThread "Daemon" [_thread_blocked, id=15652, stack(0x000000001bc30000,0x000000001bd30000)]
  0x000000001b0dd000 JavaThread "Daemon periodic checks" [_thread_blocked, id=936, stack(0x000000001bb30000,0x000000001bc30000)]
  0x000000001af4f000 JavaThread "Incoming local TCP Connector on port 13875" [_thread_in_native, id=17156, stack(0x000000001b950000,0x000000001ba50000)]
  0x00000000192e1800 JavaThread "Service Thread" daemon [_thread_blocked, id=18128, stack(0x0000000019d40000,0x0000000019e40000)]
  0x000000001924f000 JavaThread "C1 CompilerThread3" daemon [_thread_blocked, id=24824, stack(0x0000000019c40000,0x0000000019d40000)]
  0x000000001924a000 JavaThread "C2 CompilerThread2" daemon [_thread_in_native, id=28212, stack(0x0000000019b40000,0x0000000019c40000)]
  0x0000000019246800 JavaThread "C2 CompilerThread1" daemon [_thread_in_native, id=24996, stack(0x0000000019a40000,0x0000000019b40000)]
=>0x0000000019242800 JavaThread "C2 CompilerThread0" daemon [_thread_in_native, id=11728, stack(0x0000000019940000,0x0000000019a40000)]
  0x0000000019241800 JavaThread "Attach Listener" daemon [_thread_blocked, id=19344, stack(0x0000000019840000,0x0000000019940000)]
  0x00000000191ee000 JavaThread "Signal Dispatcher" daemon [_thread_blocked, id=1228, stack(0x0000000019740000,0x0000000019840000)]
  0x00000000191d1800 JavaThread "Finalizer" daemon [_thread_blocked, id=15160, stack(0x00000000195b0000,0x00000000196b0000)]
  0x00000000172bb000 JavaThread "Reference Handler" daemon [_thread_blocked, id=20608, stack(0x00000000190b0000,0x00000000191b0000)]
  0x000000000308e800 JavaThread "main" [_thread_blocked, id=27424, stack(0x0000000002f80000,0x0000000003080000)]

Other Threads:
  0x00000000172b5000 VMThread [stack: 0x0000000018fb0000,0x00000000190b0000] [id=21572]
  0x00000000192e2800 WatcherThread [stack: 0x0000000019e40000,0x0000000019f40000] [id=584]

VM state:not at safepoint (normal execution)

VM Mutex/Monitor currently owned by a thread: None

Heap:
 PSYoungGen      total 104960K, used 54908K [0x00000000e0000000, 0x00000000e7480000, 0x0000000100000000)
  eden space 92672K, 45% used [0x00000000e0000000,0x00000000e299fd18,0x00000000e5a80000)
  from space 12288K, 99% used [0x00000000e5a80000,0x00000000e667f320,0x00000000e6680000)
  to   space 12800K, 0% used [0x00000000e6680000,0x00000000e6680000,0x00000000e7300000)
 ParOldGen       total 100864K, used 21504K [0x00000000a0000000, 0x00000000a6280000, 0x00000000e0000000)
  object space 100864K, 21% used [0x00000000a0000000,0x00000000a15000f0,0x00000000a6280000)
 Metaspace       used 49289K, capacity 50574K, committed 50688K, reserved 1093632K
  class space    used 6633K, capacity 7055K, committed 7168K, reserved 1048576K

Card table byte_map: [0x00000000128c0000,0x0000000012bd0000] byte_map_base: 0x00000000123c0000

Marking Bits: (ParMarkBitMap*) 0x00000000589a5aa0
 Begin Bits: [0x00000000135d0000, 0x0000000014dd0000)
 End Bits:   [0x0000000014dd0000, 0x00000000165d0000)

Polling page: 0x0000000001670000

CodeCache: size=245760Kb used=16598Kb max_used=16598Kb free=229162Kb
 bounds [0x0000000003500000, 0x0000000004550000, 0x0000000012500000]
 total_blobs=5372 nmethods=4600 adapters=683
 compilation: enabled

Compilation events (10 events):
Event: 12.877 Thread 0x000000001924f000 nmethod 4990 0x000000000453ad50 code [0x000000000453af40, 0x000000000453b978]
Event: 12.877 Thread 0x000000001924f000 4992       3       com.sun.xml.bind.v2.model.nav.ReflectionNavigator::erasure (12 bytes)
Event: 12.877 Thread 0x000000001924f000 nmethod 4992 0x000000000453a7d0 code [0x000000000453a940, 0x000000000453ac48]
Event: 12.877 Thread 0x000000001924f000 4993       3       com.sun.xml.bind.v2.model.nav.ReflectionNavigator$6::onClass (10 bytes)
Event: 12.878 Thread 0x000000001924f000 nmethod 4993 0x0000000004536790 code [0x0000000004536900, 0x0000000004536c10]
Event: 12.878 Thread 0x000000001924a000 nmethod 4989 0x0000000004536390 code [0x00000000045364c0, 0x0000000004536598]
Event: 12.878 Thread 0x000000001924f000 4994       3       com.sun.xml.bind.v2.model.nav.ReflectionNavigator$6::onClass (2 bytes)
Event: 12.878 Thread 0x000000001924f000 nmethod 4994 0x0000000004537e90 code [0x0000000004537fe0, 0x0000000004538130]
Event: 12.878 Thread 0x000000001924f000 4991       3       com.sun.xml.bind.v2.model.impl.PropertyInfoImpl::reader (8 bytes)
Event: 12.878 Thread 0x000000001924f000 nmethod 4991 0x00000000045379d0 code [0x0000000004537b40, 0x0000000004537d90]

GC Heap History (10 events):
Event: 6.824 GC heap before
{Heap before GC invocations=9 (full 1):
 PSYoungGen      total 69632K, used 65220K [0x00000000e0000000, 0x00000000e5c00000, 0x0000000100000000)
  eden space 58880K, 100% used [0x00000000e0000000,0x00000000e3980000,0x00000000e3980000)
  from space 10752K, 58% used [0x00000000e3980000,0x00000000e3fb1020,0x00000000e4400000)
  to   space 9728K, 0% used [0x00000000e5280000,0x00000000e5280000,0x00000000e5c00000)
 ParOldGen       total 64000K, used 8593K [0x00000000a0000000, 0x00000000a3e80000, 0x00000000e0000000)
  object space 64000K, 13% used [0x00000000a0000000,0x00000000a0864680,0x00000000a3e80000)
 Metaspace       used 30598K, capacity 31388K, committed 31488K, reserved 1077248K
  class space    used 4292K, capacity 4549K, committed 4608K, reserved 1048576K
Event: 6.837 GC heap after
Heap after GC invocations=9 (full 1):
 PSYoungGen      total 82944K, used 9703K [0x00000000e0000000, 0x00000000e6b80000, 0x0000000100000000)
  eden space 73216K, 0% used [0x00000000e0000000,0x00000000e0000000,0x00000000e4780000)
  from space 9728K, 99% used [0x00000000e5280000,0x00000000e5bf9d18,0x00000000e5c00000)
  to   space 11264K, 0% used [0x00000000e4780000,0x00000000e4780000,0x00000000e5280000)
 ParOldGen       total 64000K, used 8870K [0x00000000a0000000, 0x00000000a3e80000, 0x00000000e0000000)
  object space 64000K, 13% used [0x00000000a0000000,0x00000000a08a98e8,0x00000000a3e80000)
 Metaspace       used 30598K, capacity 31388K, committed 31488K, reserved 1077248K
  class space    used 4292K, capacity 4549K, committed 4608K, reserved 1048576K
}
Event: 10.389 GC heap before
{Heap before GC invocations=10 (full 1):
 PSYoungGen      total 82944K, used 58221K [0x00000000e0000000, 0x00000000e6b80000, 0x0000000100000000)
  eden space 73216K, 66% used [0x00000000e0000000,0x00000000e2f619c8,0x00000000e4780000)
  from space 9728K, 99% used [0x00000000e5280000,0x00000000e5bf9d18,0x00000000e5c00000)
  to   space 11264K, 0% used [0x00000000e4780000,0x00000000e4780000,0x00000000e5280000)
 ParOldGen       total 64000K, used 8870K [0x00000000a0000000, 0x00000000a3e80000, 0x00000000e0000000)
  object space 64000K, 13% used [0x00000000a0000000,0x00000000a08a98e8,0x00000000a3e80000)
 Metaspace       used 34443K, capacity 35346K, committed 35416K, reserved 1079296K
  class space    used 4723K, capacity 5052K, committed 5120K, reserved 1048576K
Event: 10.396 GC heap after
Heap after GC invocations=10 (full 1):
 PSYoungGen      total 84480K, used 11263K [0x00000000e0000000, 0x00000000e7300000, 0x0000000100000000)
  eden space 73216K, 0% used [0x00000000e0000000,0x00000000e0000000,0x00000000e4780000)
  from space 11264K, 99% used [0x00000000e4780000,0x00000000e527fe10,0x00000000e5280000)
  to   space 12800K, 0% used [0x00000000e6680000,0x00000000e6680000,0x00000000e7300000)
 ParOldGen       total 64000K, used 9674K [0x00000000a0000000, 0x00000000a3e80000, 0x00000000e0000000)
  object space 64000K, 15% used [0x00000000a0000000,0x00000000a09729e0,0x00000000a3e80000)
 Metaspace       used 34443K, capacity 35346K, committed 35416K, reserved 1079296K
  class space    used 4723K, capacity 5052K, committed 5120K, reserved 1048576K
}
Event: 10.396 GC heap before
{Heap before GC invocations=11 (full 2):
 PSYoungGen      total 84480K, used 11263K [0x00000000e0000000, 0x00000000e7300000, 0x0000000100000000)
  eden space 73216K, 0% used [0x00000000e0000000,0x00000000e0000000,0x00000000e4780000)
  from space 11264K, 99% used [0x00000000e4780000,0x00000000e527fe10,0x00000000e5280000)
  to   space 12800K, 0% used [0x00000000e6680000,0x00000000e6680000,0x00000000e7300000)
 ParOldGen       total 64000K, used 9674K [0x00000000a0000000, 0x00000000a3e80000, 0x00000000e0000000)
  object space 64000K, 15% used [0x00000000a0000000,0x00000000a09729e0,0x00000000a3e80000)
 Metaspace       used 34443K, capacity 35346K, committed 35416K, reserved 1079296K
  class space    used 4723K, capacity 5052K, committed 5120K, reserved 1048576K
Event: 10.452 GC heap after
Heap after GC invocations=11 (full 2):
 PSYoungGen      total 84480K, used 0K [0x00000000e0000000, 0x00000000e7300000, 0x0000000100000000)
  eden space 73216K, 0% used [0x00000000e0000000,0x00000000e0000000,0x00000000e4780000)
  from space 11264K, 0% used [0x00000000e4780000,0x00000000e4780000,0x00000000e5280000)
  to   space 12800K, 0% used [0x00000000e6680000,0x00000000e6680000,0x00000000e7300000)
 ParOldGen       total 100864K, used 18612K [0x00000000a0000000, 0x00000000a6280000, 0x00000000e0000000)
  object space 100864K, 18% used [0x00000000a0000000,0x00000000a122d1a0,0x00000000a6280000)
 Metaspace       used 34374K, capacity 35226K, committed 35416K, reserved 1079296K
  class space    used 4705K, capacity 5012K, committed 5120K, reserved 1048576K
}
Event: 11.156 GC heap before
{Heap before GC invocations=12 (full 2):
 PSYoungGen      total 84480K, used 73216K [0x00000000e0000000, 0x00000000e7300000, 0x0000000100000000)
  eden space 73216K, 100% used [0x00000000e0000000,0x00000000e4780000,0x00000000e4780000)
  from space 11264K, 0% used [0x00000000e4780000,0x00000000e4780000,0x00000000e5280000)
  to   space 12800K, 0% used [0x00000000e6680000,0x00000000e6680000,0x00000000e7300000)
 ParOldGen       total 100864K, used 18612K [0x00000000a0000000, 0x00000000a6280000, 0x00000000e0000000)
  object space 100864K, 18% used [0x00000000a0000000,0x00000000a122d1a0,0x00000000a6280000)
 Metaspace       used 41287K, capacity 42346K, committed 42624K, reserved 1085440K
  class space    used 5561K, capacity 5920K, committed 6016K, reserved 1048576K
Event: 11.164 GC heap after
Heap after GC invocations=12 (full 2):
 PSYoungGen      total 105472K, used 7138K [0x00000000e0000000, 0x00000000e7480000, 0x0000000100000000)
  eden space 92672K, 0% used [0x00000000e0000000,0x00000000e0000000,0x00000000e5a80000)
  from space 12800K, 55% used [0x00000000e6680000,0x00000000e6d78970,0x00000000e7300000)
  to   space 12288K, 0% used [0x00000000e5a80000,0x00000000e5a80000,0x00000000e6680000)
 ParOldGen       total 100864K, used 18620K [0x00000000a0000000, 0x00000000a6280000, 0x00000000e0000000)
  object space 100864K, 18% used [0x00000000a0000000,0x00000000a122f1a0,0x00000000a6280000)
 Metaspace       used 41287K, capacity 42346K, committed 42624K, reserved 1085440K
  class space    used 5561K, capacity 5920K, committed 6016K, reserved 1048576K
}
Event: 12.267 GC heap before
{Heap before GC invocations=13 (full 2):
 PSYoungGen      total 105472K, used 99810K [0x00000000e0000000, 0x00000000e7480000, 0x0000000100000000)
  eden space 92672K, 100% used [0x00000000e0000000,0x00000000e5a80000,0x00000000e5a80000)
  from space 12800K, 55% used [0x00000000e6680000,0x00000000e6d78970,0x00000000e7300000)
  to   space 12288K, 0% used [0x00000000e5a80000,0x00000000e5a80000,0x00000000e6680000)
 ParOldGen       total 100864K, used 18620K [0x00000000a0000000, 0x00000000a6280000, 0x00000000e0000000)
  object space 100864K, 18% used [0x00000000a0000000,0x00000000a122f1a0,0x00000000a6280000)
 Metaspace       used 46037K, capacity 47264K, committed 47488K, reserved 1089536K
  class space    used 6140K, capacity 6522K, committed 6528K, reserved 1048576K
Event: 12.286 GC heap after
Heap after GC invocations=13 (full 2):
 PSYoungGen      total 104960K, used 12284K [0x00000000e0000000, 0x00000000e7480000, 0x0000000100000000)
  eden space 92672K, 0% used [0x00000000e0000000,0x00000000e0000000,0x00000000e5a80000)
  from space 12288K, 99% used [0x00000000e5a80000,0x00000000e667f320,0x00000000e6680000)
  to   space 12800K, 0% used [0x00000000e6680000,0x00000000e6680000,0x00000000e7300000)
 ParOldGen       total 100864K, used 21504K [0x00000000a0000000, 0x00000000a6280000, 0x00000000e0000000)
  object space 100864K, 21% used [0x00000000a0000000,0x00000000a15000f0,0x00000000a6280000)
 Metaspace       used 46037K, capacity 47264K, committed 47488K, reserved 1089536K
  class space    used 6140K, capacity 6522K, committed 6528K, reserved 1048576K
}

Deoptimization events (10 events):
Event: 12.069 Thread 0x000000001b07f800 Uncommon trap: reason=class_check action=maybe_recompile pc=0x0000000003eed298 method=org.codehaus.groovy.runtime.metaclass.MetaMethodIndex.addMethodToList(Ljava/lang/Object;Lgroovy/lang/MetaMethod;)Ljava/lang/Object; @ 220
Event: 12.198 Thread 0x000000001b07f800 Uncommon trap: reason=unstable_if action=reinterpret pc=0x0000000003f11ed8 method=groovy.lang.MetaClassImpl.checkIfStdMethod(Lgroovy/lang/MetaMethod;)V @ 55
Event: 12.198 Thread 0x000000001b07f800 Uncommon trap: reason=unstable_if action=reinterpret pc=0x0000000003f05df8 method=groovy.lang.MetaClassImpl.checkIfStdMethod(Lgroovy/lang/MetaMethod;)V @ 55
Event: 12.242 Thread 0x000000001b07f800 Uncommon trap: reason=unstable_if action=reinterpret pc=0x0000000003f75514 method=groovy.lang.MetaClassImpl$1MOPIter.methodNameAction(Ljava/lang/Class;Lorg/codehaus/groovy/runtime/metaclass/MetaMethodIndex$Entry;)V @ 259
Event: 12.287 Thread 0x00000000191d1800 Uncommon trap: reason=unstable_if action=reinterpret pc=0x0000000003a35ae0 method=java.util.WeakHashMap.expungeStaleEntries()V @ 9
Event: 12.439 Thread 0x000000001b07f800 Uncommon trap: reason=unstable_if action=reinterpret pc=0x0000000003699bd4 method=java.lang.String.replace(CC)Ljava/lang/String; @ 2
Event: 12.841 Thread 0x000000001b07f800 Uncommon trap: reason=bimorphic action=maybe_recompile pc=0x0000000004462f7c method=java.util.AbstractList$Itr.next()Ljava/lang/Object; @ 14
Event: 12.853 Thread 0x000000001b07f800 Uncommon trap: reason=bimorphic action=maybe_recompile pc=0x0000000004462f7c method=java.util.AbstractList$Itr.next()Ljava/lang/Object; @ 14
Event: 12.854 Thread 0x000000001b07f800 Uncommon trap: reason=bimorphic action=maybe_recompile pc=0x0000000004462f7c method=java.util.AbstractList$Itr.next()Ljava/lang/Object; @ 14
Event: 12.859 Thread 0x000000001b07f800 Uncommon trap: reason=bimorphic action=maybe_recompile pc=0x0000000004462f7c method=java.util.AbstractList$Itr.next()Ljava/lang/Object; @ 14

Classes redefined (0 events):
No events

Internal exceptions (10 events):
Event: 12.703 Thread 0x000000001b07f800 Exception <a 'sun/nio/fs/WindowsException'> (0x00000000e18b4068) thrown at [D:\src\AOSP-openjdk-cygwin\jdk8u\hotspot\src\share\vm\prims\jni.cpp, line 709]
Event: 12.703 Thread 0x000000001b07f800 Exception <a 'sun/nio/fs/WindowsException'> (0x00000000e18b4d10) thrown at [D:\src\AOSP-openjdk-cygwin\jdk8u\hotspot\src\share\vm\prims\jni.cpp, line 709]
Event: 12.703 Thread 0x000000001b07f800 Exception <a 'sun/nio/fs/WindowsException'> (0x00000000e18b69f0) thrown at [D:\src\AOSP-openjdk-cygwin\jdk8u\hotspot\src\share\vm\prims\jni.cpp, line 709]
Event: 12.703 Thread 0x000000001b07f800 Exception <a 'sun/nio/fs/WindowsException'> (0x00000000e18b76d8) thrown at [D:\src\AOSP-openjdk-cygwin\jdk8u\hotspot\src\share\vm\prims\jni.cpp, line 709]
Event: 12.704 Thread 0x000000001b07f800 Exception <a 'sun/nio/fs/WindowsException'> (0x00000000e18bb1a0) thrown at [D:\src\AOSP-openjdk-cygwin\jdk8u\hotspot\src\share\vm\prims\jni.cpp, line 709]
Event: 12.704 Thread 0x000000001b07f800 Exception <a 'sun/nio/fs/WindowsException'> (0x00000000e18bbeb0) thrown at [D:\src\AOSP-openjdk-cygwin\jdk8u\hotspot\src\share\vm\prims\jni.cpp, line 709]
Event: 12.705 Thread 0x000000001b07f800 Exception <a 'sun/nio/fs/WindowsException'> (0x00000000e18bdc08) thrown at [D:\src\AOSP-openjdk-cygwin\jdk8u\hotspot\src\share\vm\prims\jni.cpp, line 709]
Event: 12.705 Thread 0x000000001b07f800 Exception <a 'sun/nio/fs/WindowsException'> (0x00000000e18be950) thrown at [D:\src\AOSP-openjdk-cygwin\jdk8u\hotspot\src\share\vm\prims\jni.cpp, line 709]
Event: 12.716 Thread 0x000000001b07f800 Exception <a 'java/lang/ClassNotFoundException': com/sun/org/glassfish/hk2/osgiresourcelocator/ServiceLoader> (0x00000000e191cbd0) thrown at [D:\src\AOSP-openjdk-cygwin\jdk8u\hotspot\src\share\vm\classfile\systemDictionary.cpp, line 210]
Event: 12.769 Thread 0x000000001b07f800 Exception <a 'java/lang/NullPointerException'> (0x00000000e1dc2d40) thrown at [D:\src\AOSP-openjdk-cygwin\jdk8u\hotspot\src\share\vm\interpreter\linkResolver.cpp, line 1301]

Events (10 events):
Event: 12.869 loading class java/lang/Package$1PackageInfoProxy
Event: 12.869 loading class java/lang/Package$1PackageInfoProxy done
Event: 12.877 loading class javax/xml/bind/annotation/XmlElementDecl$GLOBAL
Event: 12.878 loading class javax/xml/bind/annotation/XmlElementDecl$GLOBAL done
Event: 12.878 loading class com/sun/xml/bind/v2/model/impl/ElementInfoImpl$PropertyImpl
Event: 12.878 loading class com/sun/xml/bind/v2/model/impl/ElementInfoImpl$PropertyImpl done
Event: 12.879 loading class com/sun/xml/bind/v2/model/impl/RuntimeElementInfoImpl$RuntimePropertyImpl
Event: 12.879 loading class com/sun/xml/bind/v2/model/impl/RuntimeElementInfoImpl$RuntimePropertyImpl done
Event: 12.880 loading class com/android/repository/impl/generated/generic/v1/GenericDetailsType
Event: 12.880 loading class com/android/repository/impl/generated/generic/v1/GenericDetailsType done


Dynamic libraries:
0x00007ff683180000 - 0x00007ff6831b1000 	C:\Program Files\Android\Android Studio\jre\bin\java.exe
0x00007ffca9f50000 - 0x00007ffcaa131000 	C:\WINDOWS\SYSTEM32\ntdll.dll
0x00007ffca9940000 - 0x00007ffca99f2000 	C:\WINDOWS\System32\KERNEL32.DLL
0x00007ffca6df0000 - 0x00007ffca7063000 	C:\WINDOWS\System32\KERNELBASE.dll
0x00007ffca7b50000 - 0x00007ffca7bf1000 	C:\WINDOWS\System32\ADVAPI32.dll
0x00007ffca73e0000 - 0x00007ffca747e000 	C:\WINDOWS\System32\msvcrt.dll
0x00007ffca9a00000 - 0x00007ffca9a5b000 	C:\WINDOWS\System32\sechost.dll
0x00007ffca7970000 - 0x00007ffca7a94000 	C:\WINDOWS\System32\RPCRT4.dll
0x00007ffca7c00000 - 0x00007ffca7d90000 	C:\WINDOWS\System32\USER32.dll
0x00007ffca6dd0000 - 0x00007ffca6df0000 	C:\WINDOWS\System32\win32u.dll
0x00007ffca9ef0000 - 0x00007ffca9f18000 	C:\WINDOWS\System32\GDI32.dll
0x00007ffca6380000 - 0x00007ffca6512000 	C:\WINDOWS\System32\gdi32full.dll
0x00007ffca6620000 - 0x00007ffca66bf000 	C:\WINDOWS\System32\msvcp_win.dll
0x00007ffca6520000 - 0x00007ffca661a000 	C:\WINDOWS\System32\ucrtbase.dll
0x00007ffc97ce0000 - 0x00007ffc97f49000 	C:\WINDOWS\WinSxS\amd64_microsoft.windows.common-controls_6595b64144ccf1df_6.0.17134.407_none_fb449d63306391e9\COMCTL32.dll
0x00007ffca7eb0000 - 0x00007ffca81d2000 	C:\WINDOWS\System32\combase.dll
0x00007ffca7360000 - 0x00007ffca73da000 	C:\WINDOWS\System32\bcryptPrimitives.dll
0x00007ffca9ae0000 - 0x00007ffca9b0d000 	C:\WINDOWS\System32\IMM32.DLL
0x0000000058100000 - 0x00000000581d2000 	C:\Program Files\Android\Android Studio\jre\jre\bin\msvcr100.dll
0x00000000581e0000 - 0x0000000058a21000 	C:\Program Files\Android\Android Studio\jre\jre\bin\server\jvm.dll
0x00007ffca7db0000 - 0x00007ffca7db8000 	C:\WINDOWS\System32\PSAPI.DLL
0x00007ffc9ca70000 - 0x00007ffc9ca79000 	C:\WINDOWS\SYSTEM32\WSOCK32.dll
0x00007ffc98c10000 - 0x00007ffc98c1a000 	C:\WINDOWS\SYSTEM32\VERSION.dll
0x00007ffca3100000 - 0x00007ffca3123000 	C:\WINDOWS\SYSTEM32\WINMM.dll
0x00007ffca9cd0000 - 0x00007ffca9d3c000 	C:\WINDOWS\System32\WS2_32.dll
0x00007ffca30d0000 - 0x00007ffca30fa000 	C:\WINDOWS\SYSTEM32\WINMMBASE.dll
0x00007ffca7070000 - 0x00007ffca70b9000 	C:\WINDOWS\System32\cfgmgr32.dll
0x00007ffca3140000 - 0x00007ffca314f000 	C:\Program Files\Android\Android Studio\jre\jre\bin\verify.dll
0x00007ffca0690000 - 0x00007ffca06b9000 	C:\Program Files\Android\Android Studio\jre\jre\bin\java.dll
0x00007ffca0670000 - 0x00007ffca0686000 	C:\Program Files\Android\Android Studio\jre\jre\bin\zip.dll
0x00007ffca8380000 - 0x00007ffca97bf000 	C:\WINDOWS\System32\SHELL32.dll
0x00007ffca7aa0000 - 0x00007ffca7b49000 	C:\WINDOWS\System32\shcore.dll
0x00007ffca66c0000 - 0x00007ffca6dcd000 	C:\WINDOWS\System32\windows.storage.dll
0x00007ffca9a70000 - 0x00007ffca9ac1000 	C:\WINDOWS\System32\shlwapi.dll
0x00007ffca6300000 - 0x00007ffca6311000 	C:\WINDOWS\System32\kernel.appcore.dll
0x00007ffca62c0000 - 0x00007ffca62df000 	C:\WINDOWS\System32\profapi.dll
0x00007ffca6270000 - 0x00007ffca62bc000 	C:\WINDOWS\System32\powrprof.dll
0x00007ffca6260000 - 0x00007ffca626a000 	C:\WINDOWS\System32\FLTLIB.DLL
0x00007ffc9ff60000 - 0x00007ffc9ff7a000 	C:\Program Files\Android\Android Studio\jre\jre\bin\net.dll
0x00007ffca5ae0000 - 0x00007ffca5b46000 	C:\WINDOWS\system32\mswsock.dll
0x00007ffc9ff40000 - 0x00007ffc9ff51000 	C:\Program Files\Android\Android Studio\jre\jre\bin\nio.dll
0x00007ffc99b60000 - 0x00007ffc99b7e000 	C:\Users\Administrator\.gradle\native\25\windows-amd64\native-platform.dll
0x00007ffca3130000 - 0x00007ffca313d000 	C:\Program Files\Android\Android Studio\jre\jre\bin\management.dll
0x00007ffca5c90000 - 0x00007ffca5ca7000 	C:\WINDOWS\SYSTEM32\CRYPTSP.dll
0x00007ffca56c0000 - 0x00007ffca56f3000 	C:\WINDOWS\system32\rsaenh.dll
0x00007ffca5dc0000 - 0x00007ffca5de5000 	C:\WINDOWS\SYSTEM32\bcrypt.dll
0x00007ffca6160000 - 0x00007ffca6188000 	C:\WINDOWS\SYSTEM32\USERENV.dll
0x00007ffca5cb0000 - 0x00007ffca5cbb000 	C:\WINDOWS\SYSTEM32\CRYPTBASE.dll
0x00007ffca5860000 - 0x00007ffca5898000 	C:\WINDOWS\SYSTEM32\IPHLPAPI.DLL
0x00007ffca9a60000 - 0x00007ffca9a68000 	C:\WINDOWS\System32\NSI.dll
0x00007ffca11e0000 - 0x00007ffca11f6000 	C:\WINDOWS\SYSTEM32\dhcpcsvc6.DLL
0x00007ffca1160000 - 0x00007ffca117a000 	C:\WINDOWS\SYSTEM32\dhcpcsvc.DLL

VM Arguments:
jvm_args: -Xmx1536m -Dfile.encoding=x-windows-949 -Duser.country=KR -Duser.language=ko -Duser.variant 
java_command: org.gradle.launcher.daemon.bootstrap.GradleDaemon 4.6
java_class_path (initial): C:\Users\Administrator\.gradle\wrapper\dists\gradle-4.6-all\bcst21l2brirad8k2ben1letg\gradle-4.6\lib\gradle-launcher-4.6.jar
Launcher Type: SUN_STANDARD

Environment Variables:
JAVA_HOME=C:\Program Files\Java\jdk-9.0.4
PATH=C:\ProgramData\Oracle\Java\javapath;C:\WINDOWS\system32;C:\WINDOWS;C:\WINDOWS\System32\Wbem;C:\WINDOWS\System32\WindowsPowerShell\v1.0\;C:\Users\Administrator\AppData\Local\Android\Sdk\platform-tools;C:\WINDOWS\System32\OpenSSH\;C:\Program Files (x86)\ePapyrus\Papyrus-PlugIn-ntas;C:\Program Files (x86)\ePapyrus\Papyrus-PlugIn-ntas\Addins;C:\Program Files\Git\cmd;C:\Users\Administrator\AppData\Local\Android\Sdk\platform-tools;C:\Users\Administrator\AppData\Local\Microsoft\WindowsApps;C:\Program Files\Java\jdk-9.0.4\bin;C:\Users\Administrator\AppData\Local\GitHubDesktop\bin;C:\Users\Administrator\AppData\Local\Microsoft\WindowsApps;C:\Users\Administrator\AppData\Local\Android\Sdk\tools;C:\Users\Administrator\AppData\Local\atom\bin
USERNAME=Administrator
OS=Windows_NT
PROCESSOR_IDENTIFIER=Intel64 Family 6 Model 60 Stepping 3, GenuineIntel



---------------  S Y S T E M  ---------------

OS: Windows 10.0 , 64 bit Build 17134 (10.0.17134.1)

CPU:total 8 (initial active 8) (4 cores per cpu, 2 threads per core) family 6 model 60 stepping 3, cmov, cx8, fxsr, mmx, sse, sse2, sse3, ssse3, sse4.1, sse4.2, popcnt, avx, avx2, aes, clmul, erms, lzcnt, ht, tsc, tscinvbit, bmi1, bmi2

Memory: 4k page, physical 8277268k(3479812k free), swap 33443092k(6612k free)

vm_info: OpenJDK 64-Bit Server VM (25.152-b06) for windows-amd64 JRE (1.8.0_152-release-1136-b06), built by "builder" with MS VC++ 10.0 (VS2010)

time: Sun Dec 09 23:10:20 2018
elapsed time: 12 seconds (0d 0h 0m 12s)

