#
# There is insufficient memory for the Java Runtime Environment to continue.
# Native memory allocation (malloc) failed to allocate 787696 bytes for Chunk::new
# Possible reasons:
#   The system is out of physical RAM or swap space
#   In 32 bit mode, the process size limit was hit
# Possible solutions:
#   Reduce memory load on the system
#   Increase physical memory or swap space
#   Check if swap backing store is full
#   Use 64 bit Java on a 64 bit OS
#   Decrease Java heap size (-Xmx/-Xms)
#   Decrease number of Java threads
#   Decrease Java thread stack sizes (-Xss)
#   Set larger code cache with -XX:ReservedCodeCacheSize=
# This output file may be truncated or incomplete.
#
#  Out of Memory Error (allocation.cpp:390), pid=16588, tid=0x00000000000010ec
#
# JRE version: OpenJDK Runtime Environment (8.0_152-b01) (build 1.8.0_152-release-1343-b01)
# Java VM: OpenJDK 64-Bit Server VM (25.152-b01 mixed mode windows-amd64 compressed oops)
# Failed to write core dump. Minidumps are not enabled by default on client versions of Windows
#

---------------  T H R E A D  ---------------

Current thread (0x0000000016989800):  JavaThread "C2 CompilerThread0" daemon [_thread_in_native, id=4332, stack(0x0000000019000000,0x0000000019100000)]

Stack: [0x0000000019000000,0x0000000019100000]
[error occurred during error reporting (printing stack bounds), id 0xc0000005]

Native frames: (J=compiled Java code, j=interpreted, Vv=VM code, C=native code)


Current CompileTask:
C2:   4719 3746   !   4       com.sun.beans.TypeResolver::resolve (274 bytes)


---------------  P R O C E S S  ---------------

Java Threads: ( => current thread )
  0x000000001a889000 JavaThread "pool-1-thread-1" [_thread_blocked, id=16456, stack(0x0000000022d80000,0x0000000022e80000)]
  0x000000001a881000 JavaThread "Build operations Thread 8" [_thread_blocked, id=7000, stack(0x0000000022880000,0x0000000022980000)]
  0x000000001a888000 JavaThread "Build operations Thread 7" [_thread_blocked, id=23068, stack(0x0000000022780000,0x0000000022880000)]
  0x000000001a880800 JavaThread "Build operations Thread 6" [_thread_blocked, id=12112, stack(0x0000000022680000,0x0000000022780000)]
  0x000000001a882800 JavaThread "Build operations Thread 5" [_thread_blocked, id=17044, stack(0x0000000022580000,0x0000000022680000)]
  0x000000001a887800 JavaThread "Build operations Thread 4" [_thread_blocked, id=13620, stack(0x0000000022480000,0x0000000022580000)]
  0x000000001b0f6000 JavaThread "Build operations Thread 3" [_thread_blocked, id=10888, stack(0x0000000022380000,0x0000000022480000)]
  0x000000001b0f5000 JavaThread "Build operations Thread 2" [_thread_blocked, id=19032, stack(0x0000000022280000,0x0000000022380000)]
  0x000000001b0f2000 JavaThread "Build operations" [_thread_blocked, id=11744, stack(0x0000000022180000,0x0000000022280000)]
  0x000000001b0f7800 JavaThread "Cache worker for Artifact transforms cache (C:\Users\Administrator\.gradle\caches\transforms-1)" [_thread_blocked, id=21928, stack(0x0000000020970000,0x0000000020a70000)]
  0x000000001b0f3800 JavaThread "Cache worker for cache directory md-rule (C:\Users\Administrator\.gradle\caches\4.10.1\md-rule)" [_thread_blocked, id=17656, stack(0x0000000020870000,0x0000000020970000)]
  0x000000001b0f6800 JavaThread "Cache worker for cache directory md-supplier (C:\Users\Administrator\.gradle\caches\4.10.1\md-supplier)" [_thread_blocked, id=804, stack(0x0000000020770000,0x0000000020870000)]
  0x000000001b0f4800 JavaThread "Cache worker for journal cache (C:\Users\Administrator\.gradle\caches\journal-1)" [_thread_blocked, id=14776, stack(0x000000001e070000,0x000000001e170000)]
  0x000000001bbd1800 JavaThread "Cache worker for file hash cache (C:\Users\Administrator\AndroidStudioProjects\Habit2Good2.0\.gradle\4.10.1\fileHashes)" [_thread_blocked, id=2128, stack(0x000000001cfa0000,0x000000001d0a0000)]
  0x000000001a8d9800 JavaThread "File lock request listener" [_thread_in_native, id=6716, stack(0x000000001cea0000,0x000000001cfa0000)]
  0x000000001aed9800 JavaThread "Cache worker for file hash cache (C:\Users\Administrator\.gradle\caches\4.10.1\fileHashes)" [_thread_blocked, id=17088, stack(0x000000001cda0000,0x000000001cea0000)]
  0x000000001a3d7800 JavaThread "Stdin handler" [_thread_blocked, id=7452, stack(0x000000001caa0000,0x000000001cba0000)]
  0x000000001ac3d800 JavaThread "Asynchronous log dispatcher for DefaultDaemonConnection: socket connection from /127.0.0.1:10722 to /127.0.0.1:10723" [_thread_blocked, id=16480, stack(0x000000001c8a0000,0x000000001c9a0000)]
  0x000000001a3df800 JavaThread "Daemon worker" [_thread_in_vm, id=8796, stack(0x000000001c7a0000,0x000000001c8a0000)]
  0x000000001a525000 JavaThread "Cancel handler" [_thread_blocked, id=13548, stack(0x000000001c6a0000,0x000000001c7a0000)]
  0x000000001ae23000 JavaThread "Handler for socket connection from /127.0.0.1:10722 to /127.0.0.1:10723" [_thread_in_native, id=11260, stack(0x000000001c3a0000,0x000000001c4a0000)]
  0x00000000196d5000 JavaThread "Daemon" [_thread_blocked, id=2724, stack(0x000000001c2a0000,0x000000001c3a0000)]
  0x000000001a9c5800 JavaThread "Daemon periodic checks" [_thread_blocked, id=11008, stack(0x000000001c1a0000,0x000000001c2a0000)]
  0x000000001aaa1000 JavaThread "Incoming local TCP Connector on port 10722" [_thread_in_native, id=17252, stack(0x000000001bfc0000,0x000000001c0c0000)]
  0x0000000018952000 JavaThread "Service Thread" daemon [_thread_blocked, id=20680, stack(0x0000000019400000,0x0000000019500000)]
  0x0000000018913000 JavaThread "C1 CompilerThread3" daemon [_thread_in_native, id=24428, stack(0x0000000019300000,0x0000000019400000)]
  0x0000000018903000 JavaThread "C2 CompilerThread2" daemon [_thread_in_native, id=6392, stack(0x0000000019200000,0x0000000019300000)]
  0x0000000018901000 JavaThread "C2 CompilerThread1" daemon [_thread_in_native, id=4956, stack(0x0000000019100000,0x0000000019200000)]
=>0x0000000016989800 JavaThread "C2 CompilerThread0" daemon [_thread_in_native, id=4332, stack(0x0000000019000000,0x0000000019100000)]
  0x0000000018900000 JavaThread "Attach Listener" daemon [_thread_blocked, id=17260, stack(0x0000000018f00000,0x0000000019000000)]
  0x00000000188ae000 JavaThread "Signal Dispatcher" daemon [_thread_blocked, id=15440, stack(0x0000000018e00000,0x0000000018f00000)]
  0x0000000002bbd800 JavaThread "Finalizer" daemon [_thread_blocked, id=16656, stack(0x0000000018c70000,0x0000000018d70000)]
  0x0000000002bb4000 JavaThread "Reference Handler" daemon [_thread_blocked, id=16252, stack(0x0000000018770000,0x0000000018870000)]
  0x00000000025be800 JavaThread "main" [_thread_blocked, id=22772, stack(0x00000000029c0000,0x0000000002ac0000)]

Other Threads:
  0x0000000016976800 VMThread [stack: 0x0000000018670000,0x0000000018770000] [id=24408]
  0x0000000018952800 WatcherThread [stack: 0x0000000019500000,0x0000000019600000] [id=23948]

VM state:not at safepoint (normal execution)

VM Mutex/Monitor currently owned by a thread: None

Heap:
 PSYoungGen      total 113152K, used 30626K [0x00000000e0000000, 0x00000000e8100000, 0x0000000100000000)
  eden space 101376K, 18% used [0x00000000e0000000,0x00000000e12692a0,0x00000000e6300000)
  from space 11776K, 99% used [0x00000000e7580000,0x00000000e80ff940,0x00000000e8100000)
  to   space 13312K, 0% used [0x00000000e6700000,0x00000000e6700000,0x00000000e7400000)
 ParOldGen       total 96768K, used 17775K [0x00000000a0000000, 0x00000000a5e80000, 0x00000000e0000000)
  object space 96768K, 18% used [0x00000000a0000000,0x00000000a115bc78,0x00000000a5e80000)
 Metaspace       used 42123K, capacity 43082K, committed 43264K, reserved 1087488K
  class space    used 5716K, capacity 6038K, committed 6144K, reserved 1048576K

Card table byte_map: [0x0000000011f80000,0x0000000012290000] byte_map_base: 0x0000000011a80000

Marking Bits: (ParMarkBitMap*) 0x000000005fa65aa0
 Begin Bits: [0x0000000012c90000, 0x0000000014490000)
 End Bits:   [0x0000000014490000, 0x0000000015c90000)

Polling page: 0x00000000007f0000

CodeCache: size=245760Kb used=13966Kb max_used=13966Kb free=231793Kb
 bounds [0x0000000002bc0000, 0x0000000003970000, 0x0000000011bc0000]
 total_blobs=4557 nmethods=3812 adapters=658
 compilation: enabled

Compilation events (10 events):
Event: 4.703 Thread 0x0000000018913000 3804       3       org.codehaus.groovy.reflection.ClassInfo::access$300 (6 bytes)
Event: 4.703 Thread 0x0000000018913000 nmethod 3804 0x000000000395eb50 code [0x000000000395ecc0, 0x000000000395ee28]
Event: 4.706 Thread 0x0000000018913000 3805       3       org.codehaus.groovy.reflection.stdclasses.CachedSAMClass::isAssignableFrom (30 bytes)
Event: 4.707 Thread 0x0000000018913000 nmethod 3805 0x000000000395eed0 code [0x000000000395f060, 0x000000000395f538]
Event: 4.712 Thread 0x0000000018913000 3806       3       java.beans.PropertyDescriptor::<init> (112 bytes)
Event: 4.713 Thread 0x0000000018913000 nmethod 3806 0x000000000395f650 code [0x000000000395f820, 0x000000000395ffa8]
Event: 4.713 Thread 0x0000000018913000 3807   !   3       java.beans.PropertyDescriptor::updateGenericsFor (37 bytes)
Event: 4.714 Thread 0x0000000018913000 nmethod 3807 0x0000000003960290 code [0x0000000003960500, 0x0000000003961678]
Event: 4.714 Thread 0x0000000018913000 3808       3       sun.reflect.generics.reflectiveObjects.LazyReflectiveObjectGenerator::<init> (10 bytes)
Event: 4.714 Thread 0x0000000018913000 nmethod 3808 0x0000000003961f10 code [0x0000000003962060, 0x0000000003962230]

GC Heap History (10 events):
Event: 3.077 GC heap before
{Heap before GC invocations=8 (full 1):
 PSYoungGen      total 55808K, used 55773K [0x00000000e0000000, 0x00000000e5000000, 0x0000000100000000)
  eden space 51712K, 100% used [0x00000000e0000000,0x00000000e3280000,0x00000000e3280000)
  from space 4096K, 99% used [0x00000000e4c00000,0x00000000e4ff7688,0x00000000e5000000)
  to   space 11264K, 0% used [0x00000000e3a00000,0x00000000e3a00000,0x00000000e4500000)
 ParOldGen       total 64512K, used 9929K [0x00000000a0000000, 0x00000000a3f00000, 0x00000000e0000000)
  object space 64512K, 15% used [0x00000000a0000000,0x00000000a09b2768,0x00000000a3f00000)
 Metaspace       used 27928K, capacity 28502K, committed 28672K, reserved 1073152K
  class space    used 3846K, capacity 4070K, committed 4096K, reserved 1048576K
Event: 3.081 GC heap after
Heap after GC invocations=8 (full 1):
 PSYoungGen      total 70656K, used 6556K [0x00000000e0000000, 0x00000000e6300000, 0x0000000100000000)
  eden space 59392K, 0% used [0x00000000e0000000,0x00000000e0000000,0x00000000e3a00000)
  from space 11264K, 58% used [0x00000000e3a00000,0x00000000e4067058,0x00000000e4500000)
  to   space 10752K, 0% used [0x00000000e5880000,0x00000000e5880000,0x00000000e6300000)
 ParOldGen       total 64512K, used 9937K [0x00000000a0000000, 0x00000000a3f00000, 0x00000000e0000000)
  object space 64512K, 15% used [0x00000000a0000000,0x00000000a09b4768,0x00000000a3f00000)
 Metaspace       used 27928K, capacity 28502K, committed 28672K, reserved 1073152K
  class space    used 3846K, capacity 4070K, committed 4096K, reserved 1048576K
}
Event: 3.631 GC heap before
{Heap before GC invocations=9 (full 1):
 PSYoungGen      total 70656K, used 65948K [0x00000000e0000000, 0x00000000e6300000, 0x0000000100000000)
  eden space 59392K, 100% used [0x00000000e0000000,0x00000000e3a00000,0x00000000e3a00000)
  from space 11264K, 58% used [0x00000000e3a00000,0x00000000e4067058,0x00000000e4500000)
  to   space 10752K, 0% used [0x00000000e5880000,0x00000000e5880000,0x00000000e6300000)
 ParOldGen       total 64512K, used 9937K [0x00000000a0000000, 0x00000000a3f00000, 0x00000000e0000000)
  object space 64512K, 15% used [0x00000000a0000000,0x00000000a09b4768,0x00000000a3f00000)
 Metaspace       used 30807K, capacity 31464K, committed 31744K, reserved 1077248K
  class space    used 4284K, capacity 4523K, committed 4608K, reserved 1048576K
Event: 3.644 GC heap after
Heap after GC invocations=9 (full 1):
 PSYoungGen      total 89600K, used 9827K [0x00000000e0000000, 0x00000000e7300000, 0x0000000100000000)
  eden space 78848K, 0% used [0x00000000e0000000,0x00000000e0000000,0x00000000e4d00000)
  from space 10752K, 91% used [0x00000000e5880000,0x00000000e6218e20,0x00000000e6300000)
  to   space 11776K, 0% used [0x00000000e4d00000,0x00000000e4d00000,0x00000000e5880000)
 ParOldGen       total 64512K, used 9945K [0x00000000a0000000, 0x00000000a3f00000, 0x00000000e0000000)
  object space 64512K, 15% used [0x00000000a0000000,0x00000000a09b6768,0x00000000a3f00000)
 Metaspace       used 30807K, capacity 31464K, committed 31744K, reserved 1077248K
  class space    used 4284K, capacity 4523K, committed 4608K, reserved 1048576K
}
Event: 3.937 GC heap before
{Heap before GC invocations=10 (full 1):
 PSYoungGen      total 89600K, used 34178K [0x00000000e0000000, 0x00000000e7300000, 0x0000000100000000)
  eden space 78848K, 30% used [0x00000000e0000000,0x00000000e17c7bd0,0x00000000e4d00000)
  from space 10752K, 91% used [0x00000000e5880000,0x00000000e6218e20,0x00000000e6300000)
  to   space 11776K, 0% used [0x00000000e4d00000,0x00000000e4d00000,0x00000000e5880000)
 ParOldGen       total 64512K, used 9945K [0x00000000a0000000, 0x00000000a3f00000, 0x00000000e0000000)
  object space 64512K, 15% used [0x00000000a0000000,0x00000000a09b6768,0x00000000a3f00000)
 Metaspace       used 34585K, capacity 35302K, committed 35416K, reserved 1079296K
  class space    used 4827K, capacity 5099K, committed 5120K, reserved 1048576K
Event: 3.944 GC heap after
Heap after GC invocations=10 (full 1):
 PSYoungGen      total 90624K, used 8501K [0x00000000e0000000, 0x00000000e8100000, 0x0000000100000000)
  eden space 78848K, 0% used [0x00000000e0000000,0x00000000e0000000,0x00000000e4d00000)
  from space 11776K, 72% used [0x00000000e4d00000,0x00000000e554d648,0x00000000e5880000)
  to   space 11776K, 0% used [0x00000000e7580000,0x00000000e7580000,0x00000000e8100000)
 ParOldGen       total 64512K, used 11821K [0x00000000a0000000, 0x00000000a3f00000, 0x00000000e0000000)
  object space 64512K, 18% used [0x00000000a0000000,0x00000000a0b8b7a8,0x00000000a3f00000)
 Metaspace       used 34585K, capacity 35302K, committed 35416K, reserved 1079296K
  class space    used 4827K, capacity 5099K, committed 5120K, reserved 1048576K
}
Event: 3.944 GC heap before
{Heap before GC invocations=11 (full 2):
 PSYoungGen      total 90624K, used 8501K [0x00000000e0000000, 0x00000000e8100000, 0x0000000100000000)
  eden space 78848K, 0% used [0x00000000e0000000,0x00000000e0000000,0x00000000e4d00000)
  from space 11776K, 72% used [0x00000000e4d00000,0x00000000e554d648,0x00000000e5880000)
  to   space 11776K, 0% used [0x00000000e7580000,0x00000000e7580000,0x00000000e8100000)
 ParOldGen       total 64512K, used 11821K [0x00000000a0000000, 0x00000000a3f00000, 0x00000000e0000000)
  object space 64512K, 18% used [0x00000000a0000000,0x00000000a0b8b7a8,0x00000000a3f00000)
 Metaspace       used 34585K, capacity 35302K, committed 35416K, reserved 1079296K
  class space    used 4827K, capacity 5099K, committed 5120K, reserved 1048576K
Event: 3.989 GC heap after
Heap after GC invocations=11 (full 2):
 PSYoungGen      total 90624K, used 0K [0x00000000e0000000, 0x00000000e8100000, 0x0000000100000000)
  eden space 78848K, 0% used [0x00000000e0000000,0x00000000e0000000,0x00000000e4d00000)
  from space 11776K, 0% used [0x00000000e4d00000,0x00000000e4d00000,0x00000000e5880000)
  to   space 11776K, 0% used [0x00000000e7580000,0x00000000e7580000,0x00000000e8100000)
 ParOldGen       total 96768K, used 17309K [0x00000000a0000000, 0x00000000a5e80000, 0x00000000e0000000)
  object space 96768K, 17% used [0x00000000a0000000,0x00000000a10e75a8,0x00000000a5e80000)
 Metaspace       used 34585K, capacity 35302K, committed 35416K, reserved 1079296K
  class space    used 4827K, capacity 5099K, committed 5120K, reserved 1048576K
}
Event: 4.618 GC heap before
{Heap before GC invocations=12 (full 2):
 PSYoungGen      total 90624K, used 78848K [0x00000000e0000000, 0x00000000e8100000, 0x0000000100000000)
  eden space 78848K, 100% used [0x00000000e0000000,0x00000000e4d00000,0x00000000e4d00000)
  from space 11776K, 0% used [0x00000000e4d00000,0x00000000e4d00000,0x00000000e5880000)
  to   space 11776K, 0% used [0x00000000e7580000,0x00000000e7580000,0x00000000e8100000)
 ParOldGen       total 96768K, used 17309K [0x00000000a0000000, 0x00000000a5e80000, 0x00000000e0000000)
  object space 96768K, 17% used [0x00000000a0000000,0x00000000a10e75a8,0x00000000a5e80000)
 Metaspace       used 41910K, capacity 42844K, committed 43136K, reserved 1087488K
  class space    used 5680K, capacity 6002K, committed 6016K, reserved 1048576K
Event: 4.629 GC heap after
Heap after GC invocations=12 (full 2):
 PSYoungGen      total 113152K, used 11774K [0x00000000e0000000, 0x00000000e8100000, 0x0000000100000000)
  eden space 101376K, 0% used [0x00000000e0000000,0x00000000e0000000,0x00000000e6300000)
  from space 11776K, 99% used [0x00000000e7580000,0x00000000e80ff940,0x00000000e8100000)
  to   space 13312K, 0% used [0x00000000e6700000,0x00000000e6700000,0x00000000e7400000)
 ParOldGen       total 96768K, used 17775K [0x00000000a0000000, 0x00000000a5e80000, 0x00000000e0000000)
  object space 96768K, 18% used [0x00000000a0000000,0x00000000a115bc78,0x00000000a5e80000)
 Metaspace       used 41910K, capacity 42844K, committed 43136K, reserved 1087488K
  class space    used 5680K, capacity 6002K, committed 6016K, reserved 1048576K
}

Deoptimization events (10 events):
Event: 4.186 Thread 0x000000001a3df800 Uncommon trap: reason=unstable_if action=reinterpret pc=0x000000000313ff00 method=java.util.jar.Attributes$Name.isDigit(C)Z @ 3
Event: 4.200 Thread 0x000000001a3df800 Uncommon trap: reason=unstable_if action=reinterpret pc=0x0000000003456c18 method=java.util.HashMap.putVal(ILjava/lang/Object;Ljava/lang/Object;ZZ)Ljava/lang/Object; @ 236
Event: 4.209 Thread 0x000000001a3df800 Uncommon trap: reason=unstable_if action=reinterpret pc=0x000000000304267c method=java.lang.CharacterDataLatin1.isWhitespace(I)Z @ 14
Event: 4.245 Thread 0x000000001a3df800 Uncommon trap: reason=unstable_if action=reinterpret pc=0x000000000373bfe4 method=java.util.jar.JarFile.getInputStream(Ljava/util/zip/ZipEntry;)Ljava/io/InputStream; @ 37
Event: 4.246 Thread 0x000000001a3df800 Uncommon trap: reason=unstable_if action=reinterpret pc=0x0000000003768bc4 method=java.util.jar.JarFile$JarFileEntry.getCodeSigners()[Ljava/security/CodeSigner; @ 24
Event: 4.246 Thread 0x000000001a3df800 Uncommon trap: reason=unstable_if action=reinterpret pc=0x0000000003743430 method=java.security.CodeSource.<init>(Ljava/net/URL;[Ljava/security/CodeSigner;)V @ 25
Event: 4.247 Thread 0x000000001a3df800 Uncommon trap: reason=unstable_if action=reinterpret pc=0x00000000030e282c method=java.security.CodeSource.getCertificates()[Ljava/security/cert/Certificate; @ 22
Event: 4.264 Thread 0x000000001a3df800 Uncommon trap: reason=unstable_if action=reinterpret pc=0x00000000035fb450 method=java.util.LinkedHashMap.get(Ljava/lang/Object;)Ljava/lang/Object; @ 20
Event: 4.302 Thread 0x000000001a3df800 Uncommon trap: reason=unstable_if action=reinterpret pc=0x00000000034c6b28 method=org.objectweb.asm.ByteVector.putUTF8(Ljava/lang/String;)Lorg/objectweb/asm/ByteVector; @ 91
Event: 4.547 Thread 0x000000001a3df800 Uncommon trap: reason=unstable_if action=reinterpret pc=0x0000000003697858 method=org.codehaus.groovy.reflection.CachedMethod.compareToMethod(Ljava/lang/reflect/Method;)I @ 111

Classes redefined (0 events):
No events

Internal exceptions (10 events):
Event: 4.695 Thread 0x000000001a3df800 Exception <a 'java/lang/ClassNotFoundException': org/gradle/api/internal/artifacts/repositories/DefaultFlatDirArtifactRepositoryCustomizer> (0x00000000e0b19258) thrown at [D:\src\AOSP-openjdk-cygwin\jdk8u\hotspot\src\share\vm\classfile\systemDictionary.cp
Event: 4.697 Thread 0x000000001a3df800 Exception <a 'java/lang/ClassNotFoundException': org/gradle/api/internal/artifacts/repositories/DefaultFlatDirArtifactRepository_DecoratedCustomizer> (0x00000000e0b95228) thrown at [D:\src\AOSP-openjdk-cygwin\jdk8u\hotspot\src\share\vm\classfile\systemDic
Event: 4.707 Thread 0x000000001a3df800 Exception <a 'java/lang/ClassNotFoundException': org/gradle/api/internal/file/collections/DefaultConfigurableFileTreeBeanInfo> (0x00000000e0cab720) thrown at [D:\src\AOSP-openjdk-cygwin\jdk8u\hotspot\src\share\vm\classfile\systemDictionary.cpp, line 210]
Event: 4.708 Thread 0x000000001a3df800 Exception <a 'java/lang/ClassNotFoundException': org/gradle/api/internal/file/CompositeFileTreeBeanInfo> (0x00000000e0cdea50) thrown at [D:\src\AOSP-openjdk-cygwin\jdk8u\hotspot\src\share\vm\classfile\systemDictionary.cpp, line 210]
Event: 4.709 Thread 0x000000001a3df800 Exception <a 'java/lang/ClassNotFoundException': org/gradle/api/internal/file/CompositeFileCollectionBeanInfo> (0x00000000e0d160a8) thrown at [D:\src\AOSP-openjdk-cygwin\jdk8u\hotspot\src\share\vm\classfile\systemDictionary.cpp, line 210]
Event: 4.710 Thread 0x000000001a3df800 Exception <a 'java/lang/ClassNotFoundException': org/gradle/api/internal/file/AbstractFileCollectionBeanInfo> (0x00000000e0d4de70) thrown at [D:\src\AOSP-openjdk-cygwin\jdk8u\hotspot\src\share\vm\classfile\systemDictionary.cpp, line 210]
Event: 4.711 Thread 0x000000001a3df800 Exception <a 'java/lang/ClassNotFoundException': org/gradle/api/internal/file/AbstractFileCollectionCustomizer> (0x00000000e0d86540) thrown at [D:\src\AOSP-openjdk-cygwin\jdk8u\hotspot\src\share\vm\classfile\systemDictionary.cpp, line 210]
Event: 4.712 Thread 0x000000001a3df800 Exception <a 'java/lang/ClassNotFoundException': org/gradle/api/internal/file/CompositeFileCollectionCustomizer> (0x00000000e0dcfa88) thrown at [D:\src\AOSP-openjdk-cygwin\jdk8u\hotspot\src\share\vm\classfile\systemDictionary.cpp, line 210]
Event: 4.712 Thread 0x000000001a3df800 Exception <a 'java/lang/ClassNotFoundException': org/gradle/api/internal/file/CompositeFileTreeCustomizer> (0x00000000e0e14d38) thrown at [D:\src\AOSP-openjdk-cygwin\jdk8u\hotspot\src\share\vm\classfile\systemDictionary.cpp, line 210]
Event: 4.713 Thread 0x000000001a3df800 Exception <a 'java/lang/ClassNotFoundException': org/gradle/api/internal/file/collections/DefaultConfigurableFileTreeCustomizer> (0x00000000e0e62e58) thrown at [D:\src\AOSP-openjdk-cygwin\jdk8u\hotspot\src\share\vm\classfile\systemDictionary.cpp, line 210

Events (10 events):
Event: 4.713 loading class org/gradle/api/internal/file/collections/DefaultConfigurableFileTreeCustomizer
Event: 4.713 loading class org/gradle/api/internal/file/collections/DefaultConfigurableFileTreeCustomizer done
Event: 4.713 loading class org/gradle/api/internal/file/collections/DefaultConfigurableFileTreeCustomizer
Event: 4.713 loading class org/gradle/api/internal/file/collections/DefaultConfigurableFileTreeCustomizer done
Event: 4.714 loading class org/gradle/api/internal/artifacts/dependencies/DefaultSelfResolvingDependency
Event: 4.714 loading class org/gradle/api/internal/artifacts/dependencies/DefaultSelfResolvingDependency done
Event: 4.715 loading class org/gradle/api/internal/artifacts/dependencies/SelfResolvingDependencyInternal
Event: 4.715 loading class org/gradle/api/internal/artifacts/dependencies/SelfResolvingDependencyInternal done
Event: 4.715 loading class org/gradle/api/artifacts/FileCollectionDependency
Event: 4.715 loading class org/gradle/api/artifacts/FileCollectionDependency done


Dynamic libraries:
0x00007ff7cfbf0000 - 0x00007ff7cfc21000 	C:\Program Files\Android\Android Studio\jre\bin\java.exe
0x00007ff848f20000 - 0x00007ff849101000 	C:\WINDOWS\SYSTEM32\ntdll.dll
0x00007ff8486d0000 - 0x00007ff848782000 	C:\WINDOWS\System32\KERNEL32.DLL
0x00007ff846130000 - 0x00007ff8463a3000 	C:\WINDOWS\System32\KERNELBASE.dll
0x00007ff848040000 - 0x00007ff8480e1000 	C:\WINDOWS\System32\ADVAPI32.dll
0x00007ff8463b0000 - 0x00007ff84644e000 	C:\WINDOWS\System32\msvcrt.dll
0x00007ff848cc0000 - 0x00007ff848d1b000 	C:\WINDOWS\System32\sechost.dll
0x00007ff848150000 - 0x00007ff848274000 	C:\WINDOWS\System32\RPCRT4.dll
0x00007ff847da0000 - 0x00007ff847f30000 	C:\WINDOWS\System32\USER32.dll
0x00007ff845f70000 - 0x00007ff845f90000 	C:\WINDOWS\System32\win32u.dll
0x00007ff848c90000 - 0x00007ff848cb8000 	C:\WINDOWS\System32\GDI32.dll
0x00007ff845f90000 - 0x00007ff846122000 	C:\WINDOWS\System32\gdi32full.dll
0x00007ff845d00000 - 0x00007ff845d9f000 	C:\WINDOWS\System32\msvcp_win.dll
0x00007ff845df0000 - 0x00007ff845eea000 	C:\WINDOWS\System32\ucrtbase.dll
0x00007ff837690000 - 0x00007ff8378f9000 	C:\WINDOWS\WinSxS\amd64_microsoft.windows.common-controls_6595b64144ccf1df_6.0.17134.523_none_fb409dd930672a56\COMCTL32.dll
0x00007ff847a70000 - 0x00007ff847d92000 	C:\WINDOWS\System32\combase.dll
0x00007ff845ef0000 - 0x00007ff845f6a000 	C:\WINDOWS\System32\bcryptPrimitives.dll
0x00007ff848d40000 - 0x00007ff848d6d000 	C:\WINDOWS\System32\IMM32.DLL
0x000000005fde0000 - 0x000000005feb2000 	C:\Program Files\Android\Android Studio\jre\jre\bin\msvcr100.dll
0x000000005f2a0000 - 0x000000005fae1000 	C:\Program Files\Android\Android Studio\jre\jre\bin\server\jvm.dll
0x00007ff848d70000 - 0x00007ff848d78000 	C:\WINDOWS\System32\PSAPI.DLL
0x00007ff8218a0000 - 0x00007ff8218a9000 	C:\WINDOWS\SYSTEM32\WSOCK32.dll
0x00007ff8433a0000 - 0x00007ff8433c3000 	C:\WINDOWS\SYSTEM32\WINMM.dll
0x00007ff838820000 - 0x00007ff83882a000 	C:\WINDOWS\SYSTEM32\VERSION.dll
0x00007ff8489d0000 - 0x00007ff848a3c000 	C:\WINDOWS\System32\WS2_32.dll
0x00007ff843370000 - 0x00007ff84339a000 	C:\WINDOWS\SYSTEM32\winmmbase.dll
0x00007ff845da0000 - 0x00007ff845de9000 	C:\WINDOWS\System32\cfgmgr32.dll
0x00007ff841ed0000 - 0x00007ff841edf000 	C:\Program Files\Android\Android Studio\jre\jre\bin\verify.dll
0x00007ff841d70000 - 0x00007ff841d99000 	C:\Program Files\Android\Android Studio\jre\jre\bin\java.dll
0x00007ff840c10000 - 0x00007ff840c26000 	C:\Program Files\Android\Android Studio\jre\jre\bin\zip.dll
0x00007ff8464b0000 - 0x00007ff8478f0000 	C:\WINDOWS\System32\SHELL32.dll
0x00007ff848a40000 - 0x00007ff848ae9000 	C:\WINDOWS\System32\shcore.dll
0x00007ff8455f0000 - 0x00007ff845cfd000 	C:\WINDOWS\System32\windows.storage.dll
0x00007ff8480f0000 - 0x00007ff848141000 	C:\WINDOWS\System32\shlwapi.dll
0x00007ff8452d0000 - 0x00007ff8452e1000 	C:\WINDOWS\System32\kernel.appcore.dll
0x00007ff8452b0000 - 0x00007ff8452cf000 	C:\WINDOWS\System32\profapi.dll
0x00007ff845240000 - 0x00007ff84528c000 	C:\WINDOWS\System32\powrprof.dll
0x00007ff845230000 - 0x00007ff84523a000 	C:\WINDOWS\System32\FLTLIB.DLL
0x00007ff83ee60000 - 0x00007ff83ee7a000 	C:\Program Files\Android\Android Studio\jre\jre\bin\net.dll
0x00007ff844ab0000 - 0x00007ff844b16000 	C:\WINDOWS\system32\mswsock.dll
0x00007ff83e7b0000 - 0x00007ff83e7c1000 	C:\Program Files\Android\Android Studio\jre\jre\bin\nio.dll
0x00007ff843550000 - 0x00007ff84356e000 	C:\Users\Administrator\.gradle\native\25\windows-amd64\native-platform.dll
0x00007ff841ea0000 - 0x00007ff841ead000 	C:\Program Files\Android\Android Studio\jre\jre\bin\management.dll
0x00007ff844c60000 - 0x00007ff844c77000 	C:\WINDOWS\SYSTEM32\CRYPTSP.dll
0x00007ff844690000 - 0x00007ff8446c3000 	C:\WINDOWS\system32\rsaenh.dll
0x00007ff844d90000 - 0x00007ff844db5000 	C:\WINDOWS\SYSTEM32\bcrypt.dll
0x00007ff845160000 - 0x00007ff845188000 	C:\WINDOWS\SYSTEM32\USERENV.dll
0x00007ff844c80000 - 0x00007ff844c8b000 	C:\WINDOWS\SYSTEM32\CRYPTBASE.dll
0x00007ff844830000 - 0x00007ff844868000 	C:\WINDOWS\SYSTEM32\IPHLPAPI.DLL
0x00007ff848d30000 - 0x00007ff848d38000 	C:\WINDOWS\System32\NSI.dll
0x00007ff83f860000 - 0x00007ff83f876000 	C:\WINDOWS\SYSTEM32\dhcpcsvc6.DLL
0x00007ff83fbf0000 - 0x00007ff83fc0a000 	C:\WINDOWS\SYSTEM32\dhcpcsvc.DLL

VM Arguments:
jvm_args: -Xmx1536m -Dfile.encoding=x-windows-949 -Duser.country=KR -Duser.language=ko -Duser.variant 
java_command: org.gradle.launcher.daemon.bootstrap.GradleDaemon 4.10.1
java_class_path (initial): C:\Users\Administrator\.gradle\wrapper\dists\gradle-4.10.1-all\455itskqi2qtf0v2sja68alqd\gradle-4.10.1\lib\gradle-launcher-4.10.1.jar
Launcher Type: SUN_STANDARD

Environment Variables:
JAVA_HOME=C:\Program Files\Java\jdk-9.0.4
PATH=C:\ProgramData\Oracle\Java\javapath;C:\WINDOWS\system32;C:\WINDOWS;C:\WINDOWS\System32\Wbem;C:\WINDOWS\System32\WindowsPowerShell\v1.0\;C:\Users\Administrator\AppData\Local\Android\Sdk\platform-tools;C:\WINDOWS\System32\OpenSSH\;C:\Program Files (x86)\ePapyrus\Papyrus-PlugIn-ntas;C:\Program Files (x86)\ePapyrus\Papyrus-PlugIn-ntas\Addins;C:\Program Files\Git\cmd;C:\Users\Administrator\AppData\Local\Android\Sdk\platform-tools;C:\Users\Administrator\AppData\Local\Microsoft\WindowsApps;C:\Program Files\Java\jdk-9.0.4\bin;C:\Users\Administrator\AppData\Local\GitHubDesktop\bin;C:\Users\Administrator\AppData\Local\Microsoft\WindowsApps;C:\Users\Administrator\AppData\Local\Android\Sdk\tools;C:\Users\Administrator\AppData\Local\atom\bin
USERNAME=Administrator
OS=Windows_NT
PROCESSOR_IDENTIFIER=Intel64 Family 6 Model 60 Stepping 3, GenuineIntel



---------------  S Y S T E M  ---------------

OS: Windows 10.0 , 64 bit Build 17134 (10.0.17134.1)

CPU:total 8 (initial active 8) (4 cores per cpu, 2 threads per core) family 6 model 60 stepping 3, cmov, cx8, fxsr, mmx, sse, sse2, sse3, ssse3, sse4.1, sse4.2, popcnt, avx, avx2, aes, clmul, erms, lzcnt, ht, tsc, tscinvbit, bmi1, bmi2

Memory: 4k page, physical 8277044k(3188648k free), swap 33442868k(5412k free)

vm_info: OpenJDK 64-Bit Server VM (25.152-b01) for windows-amd64 JRE (1.8.0_152-release-1343-b01), built by "builder" with MS VC++ 10.0 (VS2010)

time: Mon May 13 11:13:03 2019
elapsed time: 4 seconds (0d 0h 0m 4s)

