#
# There is insufficient memory for the Java Runtime Environment to continue.
# Native memory allocation (malloc) failed to allocate 1085616 bytes for Chunk::new
# Possible reasons:
#   The system is out of physical RAM or swap space
#   In 32 bit mode, the process size limit was hit
# Possible solutions:
#   Reduce memory load on the system
#   Increase physical memory or swap space
#   Check if swap backing store is full
#   Use 64 bit Java on a 64 bit OS
#   Decrease Java heap size (-Xmx/-Xms)
#   Decrease number of Java threads
#   Decrease Java thread stack sizes (-Xss)
#   Set larger code cache with -XX:ReservedCodeCacheSize=
# This output file may be truncated or incomplete.
#
#  Out of Memory Error (allocation.cpp:390), pid=16396, tid=0x0000000000004838
#
# JRE version: OpenJDK Runtime Environment (8.0_152-b06) (build 1.8.0_152-release-1136-b06)
# Java VM: OpenJDK 64-Bit Server VM (25.152-b06 mixed mode windows-amd64 compressed oops)
# Failed to write core dump. Minidumps are not enabled by default on client versions of Windows
#

---------------  T H R E A D  ---------------

Current thread (0x0000000018eb4000):  JavaThread "C2 CompilerThread1" daemon [_thread_in_native, id=18488, stack(0x0000000019620000,0x0000000019720000)]

Stack: [0x0000000019620000,0x0000000019720000]
[error occurred during error reporting (printing stack bounds), id 0xc0000005]

Native frames: (J=compiled Java code, j=interpreted, Vv=VM code, C=native code)


Current CompileTask:
C2:   7382 5308       4       java.net.URLClassLoader$1::run (5 bytes)


---------------  P R O C E S S  ---------------

Java Threads: ( => current thread )
  0x000000001d42d000 JavaThread "Memory manager" [_thread_blocked, id=28088, stack(0x0000000023350000,0x0000000023450000)]
  0x000000001d432800 JavaThread "pool-1-thread-1" [_thread_blocked, id=19920, stack(0x0000000023050000,0x0000000023150000)]
  0x000000001d434000 JavaThread "Build operations Thread 8" [_thread_blocked, id=15368, stack(0x0000000022d50000,0x0000000022e50000)]
  0x000000001d431000 JavaThread "Build operations Thread 7" [_thread_blocked, id=5732, stack(0x0000000022c50000,0x0000000022d50000)]
  0x0000000020316000 JavaThread "Build operations Thread 6" [_thread_blocked, id=11224, stack(0x0000000022b50000,0x0000000022c50000)]
  0x000000002031d000 JavaThread "Build operations Thread 5" [_thread_blocked, id=27380, stack(0x0000000022a50000,0x0000000022b50000)]
  0x000000002031c000 JavaThread "Build operations Thread 4" [_thread_blocked, id=25844, stack(0x0000000022950000,0x0000000022a50000)]
  0x0000000020319000 JavaThread "Build operations Thread 3" [_thread_blocked, id=28048, stack(0x0000000022850000,0x0000000022950000)]
  0x0000000020318800 JavaThread "Build operations Thread 2" [_thread_blocked, id=6408, stack(0x0000000022500000,0x0000000022600000)]
  0x0000000020317000 JavaThread "Build operations" [_thread_blocked, id=9412, stack(0x0000000021e30000,0x0000000021f30000)]
  0x000000002031a000 JavaThread "Cache worker for Artifact transforms cache (C:\Users\Administrator\.gradle\caches\transforms-1)" [_thread_blocked, id=8400, stack(0x0000000021d30000,0x0000000021e30000)]
  0x000000001c7ca800 JavaThread "Cache worker for file hash cache (C:\Users\Administrator\AndroidStudioProjects\Habit2Good\.gradle\4.6\fileHashes)" [_thread_blocked, id=18816, stack(0x000000001d4a0000,0x000000001d5a0000)]
  0x000000001b01c000 JavaThread "File lock request listener" [_thread_in_native, id=25552, stack(0x000000001c3d0000,0x000000001c4d0000)]
  0x000000001ad1a000 JavaThread "Cache worker for file hash cache (C:\Users\Administrator\.gradle\caches\4.6\fileHashes)" [_thread_blocked, id=2948, stack(0x000000001c2d0000,0x000000001c3d0000)]
  0x000000001aad4000 JavaThread "Stdin handler" [_thread_blocked, id=15880, stack(0x000000001bfd0000,0x000000001c0d0000)]
  0x000000001aace800 JavaThread "Asynchronous log dispatcher for DefaultDaemonConnection: socket connection from /127.0.0.1:13889 to /127.0.0.1:13890" [_thread_blocked, id=21920, stack(0x000000001bdd0000,0x000000001bed0000)]
  0x000000001aa2a800 JavaThread "Daemon worker" [_thread_in_vm, id=11992, stack(0x000000001bcd0000,0x000000001bdd0000)]
  0x000000001ac47800 JavaThread "Cancel handler" [_thread_blocked, id=25480, stack(0x000000001bbd0000,0x000000001bcd0000)]
  0x000000001aa3b800 JavaThread "Handler for socket connection from /127.0.0.1:13889 to /127.0.0.1:13890" [_thread_in_native, id=15180, stack(0x000000001b8d0000,0x000000001b9d0000)]
  0x000000001aa3a800 JavaThread "Daemon" [_thread_blocked, id=23752, stack(0x000000001b7d0000,0x000000001b8d0000)]
  0x000000001ac5f000 JavaThread "Daemon periodic checks" [_thread_blocked, id=23472, stack(0x000000001b6d0000,0x000000001b7d0000)]
  0x000000001ac13000 JavaThread "Incoming local TCP Connector on port 13889" [_thread_in_native, id=22908, stack(0x000000001b4f0000,0x000000001b5f0000)]
  0x0000000018f3a000 JavaThread "Service Thread" daemon [_thread_blocked, id=27608, stack(0x0000000019920000,0x0000000019a20000)]
  0x0000000018ec3800 JavaThread "C1 CompilerThread3" daemon [_thread_in_vm, id=8512, stack(0x0000000019820000,0x0000000019920000)]
  0x0000000018eb5000 JavaThread "C2 CompilerThread2" daemon [_thread_blocked, id=12852, stack(0x0000000019720000,0x0000000019820000)]
=>0x0000000018eb4000 JavaThread "C2 CompilerThread1" daemon [_thread_in_native, id=18488, stack(0x0000000019620000,0x0000000019720000)]
  0x0000000018e5d000 JavaThread "C2 CompilerThread0" daemon [_thread_in_native, id=24280, stack(0x0000000019520000,0x0000000019620000)]
  0x0000000018e5c000 JavaThread "Attach Listener" daemon [_thread_blocked, id=27304, stack(0x0000000019420000,0x0000000019520000)]
  0x0000000018eb0000 JavaThread "Signal Dispatcher" daemon [_thread_blocked, id=18316, stack(0x0000000019320000,0x0000000019420000)]
  0x0000000003199800 JavaThread "Finalizer" daemon [_thread_blocked, id=19832, stack(0x0000000019220000,0x0000000019320000)]
  0x0000000016f5b800 JavaThread "Reference Handler" daemon [_thread_blocked, id=21484, stack(0x0000000018d20000,0x0000000018e20000)]
  0x0000000002b7e800 JavaThread "main" [_thread_blocked, id=27556, stack(0x0000000002fa0000,0x00000000030a0000)]

Other Threads:
  0x0000000016f55800 VMThread [stack: 0x0000000018c20000,0x0000000018d20000] [id=14912]
  0x0000000018f3a800 WatcherThread [stack: 0x0000000019a20000,0x0000000019b20000] [id=17140]

VM state:not at safepoint (normal execution)

VM Mutex/Monitor currently owned by a thread: None

Heap:
 PSYoungGen      total 116736K, used 82499K [0x00000000e0000000, 0x00000000e8380000, 0x0000000100000000)
  eden space 104960K, 67% used [0x00000000e0000000,0x00000000e4511c30,0x00000000e6680000)
  from space 11776K, 99% used [0x00000000e6c80000,0x00000000e77ff300,0x00000000e7800000)
  to   space 8704K, 0% used [0x00000000e7b00000,0x00000000e7b00000,0x00000000e8380000)
 ParOldGen       total 95744K, used 23404K [0x00000000a0000000, 0x00000000a5d80000, 0x00000000e0000000)
  object space 95744K, 24% used [0x00000000a0000000,0x00000000a16db0d0,0x00000000a5d80000)
 Metaspace       used 50906K, capacity 52376K, committed 52608K, reserved 1095680K
  class space    used 6863K, capacity 7262K, committed 7296K, reserved 1048576K

Card table byte_map: [0x0000000012560000,0x0000000012870000] byte_map_base: 0x0000000012060000

Marking Bits: (ParMarkBitMap*) 0x00000000589a5aa0
 Begin Bits: [0x0000000013270000, 0x0000000014a70000)
 End Bits:   [0x0000000014a70000, 0x0000000016270000)

Polling page: 0x0000000000d80000

CodeCache: size=245760Kb used=17117Kb max_used=17117Kb free=228642Kb
 bounds [0x00000000031a0000, 0x0000000004270000, 0x00000000121a0000]
 total_blobs=5708 nmethods=4943 adapters=677
 compilation: enabled

Compilation events (10 events):
Event: 7.372 Thread 0x0000000018ec3800 5351       3       java.lang.invoke.DirectMethodHandle::maybeCompile (18 bytes)
Event: 7.372 Thread 0x0000000018ec3800 nmethod 5351 0x0000000004257750 code [0x00000000042578c0, 0x0000000004257b58]
Event: 7.372 Thread 0x0000000018ec3800 5352       3       java.lang.invoke.DirectMethodHandle::<init> (132 bytes)
Event: 7.373 Thread 0x0000000018eb5000 nmethod 5343 0x000000000425c690 code [0x000000000425c840, 0x000000000425d178]
Event: 7.373 Thread 0x0000000018eb5000 5338       4       java.beans.Introspector::decapitalize (68 bytes)
Event: 7.374 Thread 0x0000000018ec3800 nmethod 5352 0x000000000425d890 code [0x000000000425db40, 0x000000000425f358]
Event: 7.374 Thread 0x0000000018ec3800 5353       3       java.lang.invoke.MethodHandles$Lookup::<init> (15 bytes)
Event: 7.374 Thread 0x0000000018ec3800 nmethod 5353 0x000000000425c2d0 code [0x000000000425c420, 0x000000000425c5f0]
Event: 7.378 Thread 0x0000000018eb5000 nmethod 5338 0x000000000425b610 code [0x000000000425b780, 0x000000000425bc98]
Event: 7.378 Thread 0x0000000018ec3800 5354       3       java.lang.invoke.MethodHandles$Lookup::in (125 bytes)

GC Heap History (10 events):
Event: 4.433 GC heap before
{Heap before GC invocations=9 (full 1):
 PSYoungGen      total 70144K, used 66258K [0x00000000e0000000, 0x00000000e6680000, 0x0000000100000000)
  eden space 59392K, 100% used [0x00000000e0000000,0x00000000e3a00000,0x00000000e3a00000)
  from space 10752K, 63% used [0x00000000e3a00000,0x00000000e40b4990,0x00000000e4480000)
  to   space 10240K, 0% used [0x00000000e5c80000,0x00000000e5c80000,0x00000000e6680000)
 ParOldGen       total 59904K, used 8597K [0x00000000a0000000, 0x00000000a3a80000, 0x00000000e0000000)
  object space 59904K, 14% used [0x00000000a0000000,0x00000000a0865578,0x00000000a3a80000)
 Metaspace       used 30721K, capacity 31452K, committed 31744K, reserved 1077248K
  class space    used 4313K, capacity 4549K, committed 4608K, reserved 1048576K
Event: 4.440 GC heap after
Heap after GC invocations=9 (full 1):
 PSYoungGen      total 93696K, used 9981K [0x00000000e0000000, 0x00000000e7200000, 0x0000000100000000)
  eden space 83456K, 0% used [0x00000000e0000000,0x00000000e0000000,0x00000000e5180000)
  from space 10240K, 97% used [0x00000000e5c80000,0x00000000e663f700,0x00000000e6680000)
  to   space 11264K, 0% used [0x00000000e5180000,0x00000000e5180000,0x00000000e5c80000)
 ParOldGen       total 59904K, used 8605K [0x00000000a0000000, 0x00000000a3a80000, 0x00000000e0000000)
  object space 59904K, 14% used [0x00000000a0000000,0x00000000a0867578,0x00000000a3a80000)
 Metaspace       used 30721K, capacity 31452K, committed 31744K, reserved 1077248K
  class space    used 4313K, capacity 4549K, committed 4608K, reserved 1048576K
}
Event: 4.876 GC heap before
{Heap before GC invocations=10 (full 1):
 PSYoungGen      total 93696K, used 40675K [0x00000000e0000000, 0x00000000e7200000, 0x0000000100000000)
  eden space 83456K, 36% used [0x00000000e0000000,0x00000000e1df9850,0x00000000e5180000)
  from space 10240K, 97% used [0x00000000e5c80000,0x00000000e663f700,0x00000000e6680000)
  to   space 11264K, 0% used [0x00000000e5180000,0x00000000e5180000,0x00000000e5c80000)
 ParOldGen       total 59904K, used 8605K [0x00000000a0000000, 0x00000000a3a80000, 0x00000000e0000000)
  object space 59904K, 14% used [0x00000000a0000000,0x00000000a0867578,0x00000000a3a80000)
 Metaspace       used 34407K, capacity 35334K, committed 35416K, reserved 1079296K
  class space    used 4828K, capacity 5120K, committed 5120K, reserved 1048576K
Event: 4.884 GC heap after
Heap after GC invocations=10 (full 1):
 PSYoungGen      total 94720K, used 9090K [0x00000000e0000000, 0x00000000e8680000, 0x0000000100000000)
  eden space 83456K, 0% used [0x00000000e0000000,0x00000000e0000000,0x00000000e5180000)
  from space 11264K, 80% used [0x00000000e5180000,0x00000000e5a60a78,0x00000000e5c80000)
  to   space 11776K, 0% used [0x00000000e7b00000,0x00000000e7b00000,0x00000000e8680000)
 ParOldGen       total 59904K, used 10277K [0x00000000a0000000, 0x00000000a3a80000, 0x00000000e0000000)
  object space 59904K, 17% used [0x00000000a0000000,0x00000000a0a09428,0x00000000a3a80000)
 Metaspace       used 34407K, capacity 35334K, committed 35416K, reserved 1079296K
  class space    used 4828K, capacity 5120K, committed 5120K, reserved 1048576K
}
Event: 4.884 GC heap before
{Heap before GC invocations=11 (full 2):
 PSYoungGen      total 94720K, used 9090K [0x00000000e0000000, 0x00000000e8680000, 0x0000000100000000)
  eden space 83456K, 0% used [0x00000000e0000000,0x00000000e0000000,0x00000000e5180000)
  from space 11264K, 80% used [0x00000000e5180000,0x00000000e5a60a78,0x00000000e5c80000)
  to   space 11776K, 0% used [0x00000000e7b00000,0x00000000e7b00000,0x00000000e8680000)
 ParOldGen       total 59904K, used 10277K [0x00000000a0000000, 0x00000000a3a80000, 0x00000000e0000000)
  object space 59904K, 17% used [0x00000000a0000000,0x00000000a0a09428,0x00000000a3a80000)
 Metaspace       used 34407K, capacity 35334K, committed 35416K, reserved 1079296K
  class space    used 4828K, capacity 5120K, committed 5120K, reserved 1048576K
Event: 4.944 GC heap after
Heap after GC invocations=11 (full 2):
 PSYoungGen      total 94720K, used 0K [0x00000000e0000000, 0x00000000e8680000, 0x0000000100000000)
  eden space 83456K, 0% used [0x00000000e0000000,0x00000000e0000000,0x00000000e5180000)
  from space 11264K, 0% used [0x00000000e5180000,0x00000000e5180000,0x00000000e5c80000)
  to   space 11776K, 0% used [0x00000000e7b00000,0x00000000e7b00000,0x00000000e8680000)
 ParOldGen       total 95744K, used 17335K [0x00000000a0000000, 0x00000000a5d80000, 0x00000000e0000000)
  object space 95744K, 18% used [0x00000000a0000000,0x00000000a10edcb0,0x00000000a5d80000)
 Metaspace       used 34407K, capacity 35334K, committed 35416K, reserved 1079296K
  class space    used 4828K, capacity 5120K, committed 5120K, reserved 1048576K
}
Event: 5.618 GC heap before
{Heap before GC invocations=12 (full 2):
 PSYoungGen      total 94720K, used 83456K [0x00000000e0000000, 0x00000000e8680000, 0x0000000100000000)
  eden space 83456K, 100% used [0x00000000e0000000,0x00000000e5180000,0x00000000e5180000)
  from space 11264K, 0% used [0x00000000e5180000,0x00000000e5180000,0x00000000e5c80000)
  to   space 11776K, 0% used [0x00000000e7b00000,0x00000000e7b00000,0x00000000e8680000)
 ParOldGen       total 95744K, used 17335K [0x00000000a0000000, 0x00000000a5d80000, 0x00000000e0000000)
  object space 95744K, 18% used [0x00000000a0000000,0x00000000a10edcb0,0x00000000a5d80000)
 Metaspace       used 39908K, capacity 40886K, committed 41216K, reserved 1085440K
  class space    used 5470K, capacity 5794K, committed 5888K, reserved 1048576K
Event: 5.628 GC heap after
Heap after GC invocations=12 (full 2):
 PSYoungGen      total 113664K, used 8599K [0x00000000e0000000, 0x00000000e8380000, 0x0000000100000000)
  eden space 104960K, 0% used [0x00000000e0000000,0x00000000e0000000,0x00000000e6680000)
  from space 8704K, 98% used [0x00000000e7b00000,0x00000000e8365d28,0x00000000e8380000)
  to   space 11776K, 0% used [0x00000000e6c80000,0x00000000e6c80000,0x00000000e7800000)
 ParOldGen       total 95744K, used 17343K [0x00000000a0000000, 0x00000000a5d80000, 0x00000000e0000000)
  object space 95744K, 18% used [0x00000000a0000000,0x00000000a10efcb0,0x00000000a5d80000)
 Metaspace       used 39908K, capacity 40886K, committed 41216K, reserved 1085440K
  class space    used 5470K, capacity 5794K, committed 5888K, reserved 1048576K
}
Event: 6.611 GC heap before
{Heap before GC invocations=13 (full 2):
 PSYoungGen      total 113664K, used 113559K [0x00000000e0000000, 0x00000000e8380000, 0x0000000100000000)
  eden space 104960K, 100% used [0x00000000e0000000,0x00000000e6680000,0x00000000e6680000)
  from space 8704K, 98% used [0x00000000e7b00000,0x00000000e8365d28,0x00000000e8380000)
  to   space 11776K, 0% used [0x00000000e6c80000,0x00000000e6c80000,0x00000000e7800000)
 ParOldGen       total 95744K, used 17343K [0x00000000a0000000, 0x00000000a5d80000, 0x00000000e0000000)
  object space 95744K, 18% used [0x00000000a0000000,0x00000000a10efcb0,0x00000000a5d80000)
 Metaspace       used 45894K, capacity 47150K, committed 47488K, reserved 1089536K
  class space    used 6291K, capacity 6675K, committed 6784K, reserved 1048576K
Event: 6.627 GC heap after
Heap after GC invocations=13 (full 2):
 PSYoungGen      total 116736K, used 11772K [0x00000000e0000000, 0x00000000e8380000, 0x0000000100000000)
  eden space 104960K, 0% used [0x00000000e0000000,0x00000000e0000000,0x00000000e6680000)
  from space 11776K, 99% used [0x00000000e6c80000,0x00000000e77ff300,0x00000000e7800000)
  to   space 8704K, 0% used [0x00000000e7b00000,0x00000000e7b00000,0x00000000e8380000)
 ParOldGen       total 95744K, used 23404K [0x00000000a0000000, 0x00000000a5d80000, 0x00000000e0000000)
  object space 95744K, 24% used [0x00000000a0000000,0x00000000a16db0d0,0x00000000a5d80000)
 Metaspace       used 45894K, capacity 47150K, committed 47488K, reserved 1089536K
  class space    used 6291K, capacity 6675K, committed 6784K, reserved 1048576K
}

Deoptimization events (10 events):
Event: 6.631 Thread 0x0000000003199800 Uncommon trap: reason=unstable_if action=reinterpret pc=0x00000000036cab24 method=java.util.WeakHashMap.expungeStaleEntries()V @ 9
Event: 6.721 Thread 0x000000001aa2a800 Uncommon trap: reason=unstable_if action=reinterpret pc=0x000000000370e168 method=java.io.DataInputStream.readUTF(Ljava/io/DataInput;)Ljava/lang/String; @ 31
Event: 6.861 Thread 0x000000001aa2a800 Uncommon trap: reason=unstable_if action=reinterpret pc=0x0000000003af6ba8 method=java.util.regex.Pattern$BmpCharProperty.match(Ljava/util/regex/Matcher;ILjava/lang/CharSequence;)Z @ 34
Event: 7.066 Thread 0x000000001aa2a800 Uncommon trap: reason=unstable_if action=reinterpret pc=0x00000000040f9bc8 method=com.sun.org.apache.xerces.internal.impl.io.UTF8Reader.read([CII)I @ 131
Event: 7.067 Thread 0x000000001aa2a800 Uncommon trap: reason=unstable_if action=reinterpret pc=0x00000000040ea828 method=com.sun.org.apache.xerces.internal.impl.io.UTF8Reader.read([CII)I @ 131
Event: 7.067 Thread 0x000000001aa2a800 Uncommon trap: reason=unstable_if action=reinterpret pc=0x00000000040acff8 method=java.util.regex.Pattern$BitClass.isSatisfiedBy(I)Z @ 4
Event: 7.067 Thread 0x000000001aa2a800 Uncommon trap: reason=unstable_if action=reinterpret pc=0x00000000040a128c method=java.util.regex.Pattern$Ctype.isSatisfiedBy(I)Z @ 4
Event: 7.265 Thread 0x000000001aa2a800 Uncommon trap: reason=unstable_if action=reinterpret pc=0x00000000040d7698 method=com.sun.org.apache.xerces.internal.impl.XMLEntityScanner.scanContent(Lcom/sun/org/apache/xerces/internal/xni/XMLString;)I @ 44
Event: 7.266 Thread 0x000000001aa2a800 Uncommon trap: reason=unstable_if action=reinterpret pc=0x00000000040911f4 method=com.sun.org.apache.xerces.internal.impl.XMLEntityScanner.checkBeforeLoad(Lcom/sun/xml/internal/stream/Entity$ScannedEntity;II)I @ 18
Event: 7.305 Thread 0x000000001aa2a800 Uncommon trap: reason=unstable_if action=reinterpret pc=0x0000000003dfbfdc method=com.google.gson.stream.JsonReader.doPeek()I @ 315

Classes redefined (0 events):
No events

Internal exceptions (10 events):
Event: 7.228 Thread 0x000000001aa2a800 Exception <a 'sun/nio/fs/WindowsException'> (0x00000000e3b00f10) thrown at [D:\src\AOSP-openjdk-cygwin\jdk8u\hotspot\src\share\vm\prims\jni.cpp, line 709]
Event: 7.228 Thread 0x000000001aa2a800 Exception <a 'sun/nio/fs/WindowsException'> (0x00000000e3b02bf0) thrown at [D:\src\AOSP-openjdk-cygwin\jdk8u\hotspot\src\share\vm\prims\jni.cpp, line 709]
Event: 7.228 Thread 0x000000001aa2a800 Exception <a 'sun/nio/fs/WindowsException'> (0x00000000e3b038d8) thrown at [D:\src\AOSP-openjdk-cygwin\jdk8u\hotspot\src\share\vm\prims\jni.cpp, line 709]
Event: 7.229 Thread 0x000000001aa2a800 Exception <a 'sun/nio/fs/WindowsException'> (0x00000000e3b073a0) thrown at [D:\src\AOSP-openjdk-cygwin\jdk8u\hotspot\src\share\vm\prims\jni.cpp, line 709]
Event: 7.229 Thread 0x000000001aa2a800 Exception <a 'sun/nio/fs/WindowsException'> (0x00000000e3b080b0) thrown at [D:\src\AOSP-openjdk-cygwin\jdk8u\hotspot\src\share\vm\prims\jni.cpp, line 709]
Event: 7.229 Thread 0x000000001aa2a800 Exception <a 'sun/nio/fs/WindowsException'> (0x00000000e3b09e08) thrown at [D:\src\AOSP-openjdk-cygwin\jdk8u\hotspot\src\share\vm\prims\jni.cpp, line 709]
Event: 7.229 Thread 0x000000001aa2a800 Exception <a 'sun/nio/fs/WindowsException'> (0x00000000e3b0ab50) thrown at [D:\src\AOSP-openjdk-cygwin\jdk8u\hotspot\src\share\vm\prims\jni.cpp, line 709]
Event: 7.291 Thread 0x000000001aa2a800 Exception <a 'java/lang/NoSuchMethodError': java.lang.Object.lambda$comparing$77a9974f$1(Ljava/util/function/Function;Ljava/lang/Object;Ljava/lang/Object;)I> (0x00000000e3cd4ab0) thrown at [D:\src\AOSP-openjdk-cygwin\jdk8u\hotspot\src\share\vm\interpreter
Event: 7.293 Thread 0x000000001aa2a800 Exception <a 'java/lang/NoSuchMethodError': java.lang.Object.lambda$thenComparing$36697e65$1(Ljava/util/Comparator;Ljava/lang/Object;Ljava/lang/Object;)I> (0x00000000e3ce0130) thrown at [D:\src\AOSP-openjdk-cygwin\jdk8u\hotspot\src\share\vm\interpreter\li
Event: 7.314 Thread 0x000000001aa2a800 Exception <a 'java/lang/NoSuchMethodError': java.lang.Object.lambda$maxBy$1(Ljava/util/Comparator;Ljava/lang/Object;Ljava/lang/Object;)Ljava/lang/Object;> (0x00000000e3e32a08) thrown at [D:\src\AOSP-openjdk-cygwin\jdk8u\hotspot\src\share\vm\interpreter\li

Events (10 events):
Event: 7.376 loading class org/gradle/api/artifacts/transform/ArtifactTransformException
Event: 7.376 loading class org/gradle/api/artifacts/transform/ArtifactTransformException done
Event: 7.377 loading class org/gradle/api/internal/changedetection/state/ArrayValueSnapshot
Event: 7.377 loading class org/gradle/api/internal/changedetection/state/ArrayValueSnapshot done
Event: 7.377 loading class org/gradle/api/internal/artifacts/transform/TransformArtifactsAction
Event: 7.377 loading class org/gradle/api/internal/artifacts/transform/TransformArtifactsAction done
Event: 7.378 loading class org/gradle/api/artifacts/transform/VariantTransform
Event: 7.378 loading class org/gradle/api/artifacts/transform/VariantTransform done
Event: 7.378 loading class com/android/build/gradle/internal/VariantManager
Event: 7.378 loading class com/android/build/gradle/internal/VariantManager done


Dynamic libraries:
0x00007ff683180000 - 0x00007ff6831b1000 	C:\Program Files\Android\Android Studio\jre\bin\java.exe
0x00007ffca9f50000 - 0x00007ffcaa131000 	C:\WINDOWS\SYSTEM32\ntdll.dll
0x00007ffca9940000 - 0x00007ffca99f2000 	C:\WINDOWS\System32\KERNEL32.DLL
0x00007ffca6df0000 - 0x00007ffca7063000 	C:\WINDOWS\System32\KERNELBASE.dll
0x00007ffca7b50000 - 0x00007ffca7bf1000 	C:\WINDOWS\System32\ADVAPI32.dll
0x00007ffca73e0000 - 0x00007ffca747e000 	C:\WINDOWS\System32\msvcrt.dll
0x00007ffca9a00000 - 0x00007ffca9a5b000 	C:\WINDOWS\System32\sechost.dll
0x00007ffca7970000 - 0x00007ffca7a94000 	C:\WINDOWS\System32\RPCRT4.dll
0x00007ffca7c00000 - 0x00007ffca7d90000 	C:\WINDOWS\System32\USER32.dll
0x00007ffca6dd0000 - 0x00007ffca6df0000 	C:\WINDOWS\System32\win32u.dll
0x00007ffca9ef0000 - 0x00007ffca9f18000 	C:\WINDOWS\System32\GDI32.dll
0x00007ffca6380000 - 0x00007ffca6512000 	C:\WINDOWS\System32\gdi32full.dll
0x00007ffca6620000 - 0x00007ffca66bf000 	C:\WINDOWS\System32\msvcp_win.dll
0x00007ffca6520000 - 0x00007ffca661a000 	C:\WINDOWS\System32\ucrtbase.dll
0x00007ffc97ce0000 - 0x00007ffc97f49000 	C:\WINDOWS\WinSxS\amd64_microsoft.windows.common-controls_6595b64144ccf1df_6.0.17134.407_none_fb449d63306391e9\COMCTL32.dll
0x00007ffca7eb0000 - 0x00007ffca81d2000 	C:\WINDOWS\System32\combase.dll
0x00007ffca7360000 - 0x00007ffca73da000 	C:\WINDOWS\System32\bcryptPrimitives.dll
0x00007ffca9ae0000 - 0x00007ffca9b0d000 	C:\WINDOWS\System32\IMM32.DLL
0x0000000058100000 - 0x00000000581d2000 	C:\Program Files\Android\Android Studio\jre\jre\bin\msvcr100.dll
0x00000000581e0000 - 0x0000000058a21000 	C:\Program Files\Android\Android Studio\jre\jre\bin\server\jvm.dll
0x00007ffca7db0000 - 0x00007ffca7db8000 	C:\WINDOWS\System32\PSAPI.DLL
0x00007ffc9ca70000 - 0x00007ffc9ca79000 	C:\WINDOWS\SYSTEM32\WSOCK32.dll
0x00007ffca3100000 - 0x00007ffca3123000 	C:\WINDOWS\SYSTEM32\WINMM.dll
0x00007ffc98c10000 - 0x00007ffc98c1a000 	C:\WINDOWS\SYSTEM32\VERSION.dll
0x00007ffca9cd0000 - 0x00007ffca9d3c000 	C:\WINDOWS\System32\WS2_32.dll
0x00007ffca30d0000 - 0x00007ffca30fa000 	C:\WINDOWS\SYSTEM32\WINMMBASE.dll
0x00007ffca7070000 - 0x00007ffca70b9000 	C:\WINDOWS\System32\cfgmgr32.dll
0x00007ffca3140000 - 0x00007ffca314f000 	C:\Program Files\Android\Android Studio\jre\jre\bin\verify.dll
0x00007ffca0690000 - 0x00007ffca06b9000 	C:\Program Files\Android\Android Studio\jre\jre\bin\java.dll
0x00007ffca0670000 - 0x00007ffca0686000 	C:\Program Files\Android\Android Studio\jre\jre\bin\zip.dll
0x00007ffca8380000 - 0x00007ffca97bf000 	C:\WINDOWS\System32\SHELL32.dll
0x00007ffca7aa0000 - 0x00007ffca7b49000 	C:\WINDOWS\System32\shcore.dll
0x00007ffca66c0000 - 0x00007ffca6dcd000 	C:\WINDOWS\System32\windows.storage.dll
0x00007ffca9a70000 - 0x00007ffca9ac1000 	C:\WINDOWS\System32\shlwapi.dll
0x00007ffca6300000 - 0x00007ffca6311000 	C:\WINDOWS\System32\kernel.appcore.dll
0x00007ffca62c0000 - 0x00007ffca62df000 	C:\WINDOWS\System32\profapi.dll
0x00007ffca6270000 - 0x00007ffca62bc000 	C:\WINDOWS\System32\powrprof.dll
0x00007ffca6260000 - 0x00007ffca626a000 	C:\WINDOWS\System32\FLTLIB.DLL
0x00007ffc9ff60000 - 0x00007ffc9ff7a000 	C:\Program Files\Android\Android Studio\jre\jre\bin\net.dll
0x00007ffca5ae0000 - 0x00007ffca5b46000 	C:\WINDOWS\system32\mswsock.dll
0x00007ffc9ff40000 - 0x00007ffc9ff51000 	C:\Program Files\Android\Android Studio\jre\jre\bin\nio.dll
0x00007ffc99b60000 - 0x00007ffc99b7e000 	C:\Users\Administrator\.gradle\native\25\windows-amd64\native-platform.dll
0x00007ffca3130000 - 0x00007ffca313d000 	C:\Program Files\Android\Android Studio\jre\jre\bin\management.dll
0x00007ffca5c90000 - 0x00007ffca5ca7000 	C:\WINDOWS\SYSTEM32\CRYPTSP.dll
0x00007ffca56c0000 - 0x00007ffca56f3000 	C:\WINDOWS\system32\rsaenh.dll
0x00007ffca5dc0000 - 0x00007ffca5de5000 	C:\WINDOWS\SYSTEM32\bcrypt.dll
0x00007ffca6160000 - 0x00007ffca6188000 	C:\WINDOWS\SYSTEM32\USERENV.dll
0x00007ffca5cb0000 - 0x00007ffca5cbb000 	C:\WINDOWS\SYSTEM32\CRYPTBASE.dll
0x00007ffca5860000 - 0x00007ffca5898000 	C:\WINDOWS\SYSTEM32\IPHLPAPI.DLL
0x00007ffca9a60000 - 0x00007ffca9a68000 	C:\WINDOWS\System32\NSI.dll
0x00007ffca11e0000 - 0x00007ffca11f6000 	C:\WINDOWS\SYSTEM32\dhcpcsvc6.DLL
0x00007ffca1160000 - 0x00007ffca117a000 	C:\WINDOWS\SYSTEM32\dhcpcsvc.DLL

VM Arguments:
jvm_args: -Xmx1536m -Dfile.encoding=x-windows-949 -Duser.country=KR -Duser.language=ko -Duser.variant 
java_command: org.gradle.launcher.daemon.bootstrap.GradleDaemon 4.6
java_class_path (initial): C:\Users\Administrator\.gradle\wrapper\dists\gradle-4.6-all\bcst21l2brirad8k2ben1letg\gradle-4.6\lib\gradle-launcher-4.6.jar
Launcher Type: SUN_STANDARD

Environment Variables:
JAVA_HOME=C:\Program Files\Java\jdk-9.0.4
PATH=C:\ProgramData\Oracle\Java\javapath;C:\WINDOWS\system32;C:\WINDOWS;C:\WINDOWS\System32\Wbem;C:\WINDOWS\System32\WindowsPowerShell\v1.0\;C:\Users\Administrator\AppData\Local\Android\Sdk\platform-tools;C:\WINDOWS\System32\OpenSSH\;C:\Program Files (x86)\ePapyrus\Papyrus-PlugIn-ntas;C:\Program Files (x86)\ePapyrus\Papyrus-PlugIn-ntas\Addins;C:\Program Files\Git\cmd;C:\Users\Administrator\AppData\Local\Android\Sdk\platform-tools;C:\Users\Administrator\AppData\Local\Microsoft\WindowsApps;C:\Program Files\Java\jdk-9.0.4\bin;C:\Users\Administrator\AppData\Local\GitHubDesktop\bin;C:\Users\Administrator\AppData\Local\Microsoft\WindowsApps;C:\Users\Administrator\AppData\Local\Android\Sdk\tools;C:\Users\Administrator\AppData\Local\atom\bin
USERNAME=Administrator
OS=Windows_NT
PROCESSOR_IDENTIFIER=Intel64 Family 6 Model 60 Stepping 3, GenuineIntel



---------------  S Y S T E M  ---------------

OS: Windows 10.0 , 64 bit Build 17134 (10.0.17134.1)

CPU:total 8 (initial active 8) (4 cores per cpu, 2 threads per core) family 6 model 60 stepping 3, cmov, cx8, fxsr, mmx, sse, sse2, sse3, ssse3, sse4.1, sse4.2, popcnt, avx, avx2, aes, clmul, erms, lzcnt, ht, tsc, tscinvbit, bmi1, bmi2

Memory: 4k page, physical 8277268k(3441220k free), swap 33443092k(4912k free)

vm_info: OpenJDK 64-Bit Server VM (25.152-b06) for windows-amd64 JRE (1.8.0_152-release-1136-b06), built by "builder" with MS VC++ 10.0 (VS2010)

time: Sun Dec 09 23:10:50 2018
elapsed time: 7 seconds (0d 0h 0m 7s)

