#
# There is insufficient memory for the Java Runtime Environment to continue.
# Native memory allocation (malloc) failed to allocate 764736 bytes for Chunk::new
# Possible reasons:
#   The system is out of physical RAM or swap space
#   In 32 bit mode, the process size limit was hit
# Possible solutions:
#   Reduce memory load on the system
#   Increase physical memory or swap space
#   Check if swap backing store is full
#   Use 64 bit Java on a 64 bit OS
#   Decrease Java heap size (-Xmx/-Xms)
#   Decrease number of Java threads
#   Decrease Java thread stack sizes (-Xss)
#   Set larger code cache with -XX:ReservedCodeCacheSize=
# This output file may be truncated or incomplete.
#
#  Out of Memory Error (allocation.cpp:390), pid=22076, tid=0x0000000000001040
#
# JRE version: OpenJDK Runtime Environment (8.0_152-b01) (build 1.8.0_152-release-1343-b01)
# Java VM: OpenJDK 64-Bit Server VM (25.152-b01 mixed mode windows-amd64 compressed oops)
# Failed to write core dump. Minidumps are not enabled by default on client versions of Windows
#

---------------  T H R E A D  ---------------

Current thread (0x0000000018568800):  JavaThread "C2 CompilerThread1" daemon [_thread_in_native, id=4160, stack(0x0000000018d60000,0x0000000018e60000)]

Stack: [0x0000000018d60000,0x0000000018e60000]
[error occurred during error reporting (printing stack bounds), id 0xc0000005]

Native frames: (J=compiled Java code, j=interpreted, Vv=VM code, C=native code)


Current CompileTask:
C2:   6149 5080       4       java.lang.Class::privateGetMethodRecursive (130 bytes)


---------------  P R O C E S S  ---------------

Java Threads: ( => current thread )
  0x000000001acc3000 JavaThread "Memory manager" [_thread_blocked, id=16348, stack(0x0000000022c70000,0x0000000022d70000)]
  0x000000001acc2000 JavaThread "pool-1-thread-1" [_thread_blocked, id=10516, stack(0x0000000022970000,0x0000000022a70000)]
  0x000000001acbe800 JavaThread "Build operations Thread 8" [_thread_blocked, id=16312, stack(0x0000000022670000,0x0000000022770000)]
  0x000000001acbf000 JavaThread "Build operations Thread 7" [_thread_blocked, id=16720, stack(0x0000000022570000,0x0000000022670000)]
  0x000000001acc0800 JavaThread "Build operations Thread 6" [_thread_blocked, id=23324, stack(0x0000000022470000,0x0000000022570000)]
  0x000000001acbd800 JavaThread "Build operations Thread 5" [_thread_blocked, id=16256, stack(0x0000000022370000,0x0000000022470000)]
  0x000000001acbd000 JavaThread "Build operations Thread 4" [_thread_blocked, id=23900, stack(0x0000000022270000,0x0000000022370000)]
  0x000000001d12d800 JavaThread "Build operations Thread 3" [_thread_blocked, id=13624, stack(0x0000000022170000,0x0000000022270000)]
  0x000000001d12d000 JavaThread "Build operations Thread 2" [_thread_blocked, id=13692, stack(0x0000000022070000,0x0000000022170000)]
  0x000000001d12c000 JavaThread "Build operations" [_thread_blocked, id=7940, stack(0x0000000021f70000,0x0000000022070000)]
  0x000000001d128800 JavaThread "Cache worker for Artifact transforms cache (C:\Users\Administrator\.gradle\caches\transforms-1)" [_thread_blocked, id=7308, stack(0x0000000021e70000,0x0000000021f70000)]
  0x000000001d12f000 JavaThread "Cache worker for cache directory md-rule (C:\Users\Administrator\.gradle\caches\4.10.1\md-rule)" [_thread_blocked, id=22012, stack(0x0000000021d70000,0x0000000021e70000)]
  0x000000001d12a800 JavaThread "Cache worker for cache directory md-supplier (C:\Users\Administrator\.gradle\caches\4.10.1\md-supplier)" [_thread_blocked, id=4804, stack(0x0000000020670000,0x0000000020770000)]
  0x000000001d12b800 JavaThread "Cache worker for journal cache (C:\Users\Administrator\.gradle\caches\journal-1)" [_thread_blocked, id=11188, stack(0x000000001dcd0000,0x000000001ddd0000)]
  0x000000001b58e000 JavaThread "Cache worker for file hash cache (C:\Users\Administrator\AndroidStudioProjects\Habit2Good2.0\.gradle\4.10.1\fileHashes)" [_thread_blocked, id=7924, stack(0x000000001cc00000,0x000000001cd00000)]
  0x000000001a75e800 JavaThread "File lock request listener" [_thread_in_native, id=4436, stack(0x000000001cb00000,0x000000001cc00000)]
  0x000000001a75e000 JavaThread "Cache worker for file hash cache (C:\Users\Administrator\.gradle\caches\4.10.1\fileHashes)" [_thread_blocked, id=23080, stack(0x000000001ca00000,0x000000001cb00000)]
  0x000000001a09d000 JavaThread "Stdin handler" [_thread_blocked, id=8676, stack(0x000000001c700000,0x000000001c800000)]
  0x000000001a0f8000 JavaThread "Asynchronous log dispatcher for DefaultDaemonConnection: socket connection from /127.0.0.1:10696 to /127.0.0.1:10697" [_thread_blocked, id=13816, stack(0x000000001c500000,0x000000001c600000)]
  0x000000001a0f6800 JavaThread "Daemon worker" [_thread_in_native, id=23556, stack(0x000000001c400000,0x000000001c500000)]
  0x000000001a6ae800 JavaThread "Cancel handler" [_thread_blocked, id=13704, stack(0x000000001c300000,0x000000001c400000)]
  0x000000001a79c800 JavaThread "Handler for socket connection from /127.0.0.1:10696 to /127.0.0.1:10697" [_thread_in_native, id=1664, stack(0x000000001c000000,0x000000001c100000)]
  0x000000001a650800 JavaThread "Daemon" [_thread_blocked, id=18884, stack(0x000000001bf00000,0x000000001c000000)]
  0x000000001a652000 JavaThread "Daemon periodic checks" [_thread_blocked, id=16800, stack(0x000000001be00000,0x000000001bf00000)]
  0x000000001ab23800 JavaThread "Incoming local TCP Connector on port 10696" [_thread_in_native, id=20744, stack(0x000000001bc20000,0x000000001bd20000)]
  0x00000000185f1800 JavaThread "Service Thread" daemon [_thread_blocked, id=14856, stack(0x0000000019060000,0x0000000019160000)]
  0x00000000165fd800 JavaThread "C1 CompilerThread3" daemon [_thread_blocked, id=22756, stack(0x0000000018f60000,0x0000000019060000)]
  0x00000000165fa800 JavaThread "C2 CompilerThread2" daemon [_thread_in_native, id=16460, stack(0x0000000018e60000,0x0000000018f60000)]
=>0x0000000018568800 JavaThread "C2 CompilerThread1" daemon [_thread_in_native, id=4160, stack(0x0000000018d60000,0x0000000018e60000)]
  0x0000000018566800 JavaThread "C2 CompilerThread0" daemon [_thread_blocked, id=20916, stack(0x0000000018c60000,0x0000000018d60000)]
  0x0000000018565800 JavaThread "Attach Listener" daemon [_thread_blocked, id=23580, stack(0x0000000018b60000,0x0000000018c60000)]
  0x0000000018513000 JavaThread "Signal Dispatcher" daemon [_thread_blocked, id=19376, stack(0x0000000018a60000,0x0000000018b60000)]
  0x00000000184f0800 JavaThread "Finalizer" daemon [_thread_blocked, id=16448, stack(0x00000000188d0000,0x00000000189d0000)]
  0x0000000002826000 JavaThread "Reference Handler" daemon [_thread_blocked, id=5288, stack(0x00000000183d0000,0x00000000184d0000)]
  0x000000000098e800 JavaThread "main" [_thread_blocked, id=5160, stack(0x0000000002630000,0x0000000002730000)]

Other Threads:
  0x00000000165e7800 VMThread [stack: 0x00000000182d0000,0x00000000183d0000] [id=19036]
  0x00000000185f2800 WatcherThread [stack: 0x0000000019160000,0x0000000019260000] [id=15184]

VM state:not at safepoint (normal execution)

VM Mutex/Monitor currently owned by a thread: None

Heap:
 PSYoungGen      total 118784K, used 93853K [0x00000000e0000000, 0x00000000e9400000, 0x0000000100000000)
  eden space 105472K, 79% used [0x00000000e0000000,0x00000000e523e688,0x00000000e6700000)
  from space 13312K, 72% used [0x00000000e6700000,0x00000000e7068fa8,0x00000000e7400000)
  to   space 13824K, 0% used [0x00000000e8680000,0x00000000e8680000,0x00000000e9400000)
 ParOldGen       total 99328K, used 25208K [0x00000000a0000000, 0x00000000a6100000, 0x00000000e0000000)
  object space 99328K, 25% used [0x00000000a0000000,0x00000000a189e128,0x00000000a6100000)
 Metaspace       used 54054K, capacity 55748K, committed 56112K, reserved 1097728K
  class space    used 7365K, capacity 7860K, committed 7984K, reserved 1048576K

Card table byte_map: [0x0000000011bf0000,0x0000000011f00000] byte_map_base: 0x00000000116f0000

Marking Bits: (ParMarkBitMap*) 0x000000005fa65aa0
 Begin Bits: [0x0000000012900000, 0x0000000014100000)
 End Bits:   [0x0000000014100000, 0x0000000015900000)

Polling page: 0x00000000001f0000

CodeCache: size=245760Kb used=16010Kb max_used=16019Kb free=229750Kb
 bounds [0x0000000002830000, 0x00000000037f0000, 0x0000000011830000]
 total_blobs=5410 nmethods=4626 adapters=696
 compilation: enabled

Compilation events (10 events):
Event: 6.137 Thread 0x00000000165fd800 nmethod 5180 0x00000000037db210 code [0x00000000037db3a0, 0x00000000037db748]
Event: 6.137 Thread 0x00000000165fd800 5181       3       org.gradle.api.internal.AsmBackedClassGenerator$ClassBuilderImpl::addSetter (58 bytes)
Event: 6.137 Thread 0x00000000165fd800 nmethod 5181 0x00000000037da710 code [0x00000000037da8e0, 0x00000000037dafc8]
Event: 6.140 Thread 0x00000000165fd800 5182       3       org.objectweb.asm.AnnotationWriter::visitEnd (44 bytes)
Event: 6.140 Thread 0x00000000165fd800 nmethod 5182 0x00000000037da290 code [0x00000000037da400, 0x00000000037da5f0]
Event: 6.141 Thread 0x0000000018566800 5183       4       org.gradle.api.internal.AbstractClassGenerator$PropertyMetaData::getType (48 bytes)
Event: 6.143 Thread 0x0000000018566800 nmethod 5183 0x00000000037d9a90 code [0x00000000037d9c00, 0x00000000037d9ed8]
Event: 6.143 Thread 0x0000000018566800 5184       4       com.google.common.collect.Hashing::smear (13 bytes)
Event: 6.143 Thread 0x0000000018566800 nmethod 5184 0x00000000037af210 code [0x00000000037af340, 0x00000000037af398]
Event: 6.145 Thread 0x0000000018566800 5185       4       java.util.Arrays$ArrayList::indexOf (62 bytes)

GC Heap History (10 events):
Event: 3.552 GC heap before
{Heap before GC invocations=9 (full 1):
 PSYoungGen      total 70656K, used 65997K [0x00000000e0000000, 0x00000000e6380000, 0x0000000100000000)
  eden space 59392K, 100% used [0x00000000e0000000,0x00000000e3a00000,0x00000000e3a00000)
  from space 11264K, 58% used [0x00000000e3a00000,0x00000000e4073630,0x00000000e4500000)
  to   space 10752K, 0% used [0x00000000e5900000,0x00000000e5900000,0x00000000e6380000)
 ParOldGen       total 64512K, used 9941K [0x00000000a0000000, 0x00000000a3f00000, 0x00000000e0000000)
  object space 64512K, 15% used [0x00000000a0000000,0x00000000a09b5740,0x00000000a3f00000)
 Metaspace       used 30860K, capacity 31476K, committed 31664K, reserved 1077248K
  class space    used 4293K, capacity 4527K, committed 4528K, reserved 1048576K
Event: 3.562 GC heap after
Heap after GC invocations=9 (full 1):
 PSYoungGen      total 90112K, used 9903K [0x00000000e0000000, 0x00000000e7200000, 0x0000000100000000)
  eden space 79360K, 0% used [0x00000000e0000000,0x00000000e0000000,0x00000000e4d80000)
  from space 10752K, 92% used [0x00000000e5900000,0x00000000e62abeb8,0x00000000e6380000)
  to   space 11776K, 0% used [0x00000000e4d80000,0x00000000e4d80000,0x00000000e5900000)
 ParOldGen       total 64512K, used 9949K [0x00000000a0000000, 0x00000000a3f00000, 0x00000000e0000000)
  object space 64512K, 15% used [0x00000000a0000000,0x00000000a09b7740,0x00000000a3f00000)
 Metaspace       used 30860K, capacity 31476K, committed 31664K, reserved 1077248K
  class space    used 4293K, capacity 4527K, committed 4528K, reserved 1048576K
}
Event: 3.840 GC heap before
{Heap before GC invocations=10 (full 1):
 PSYoungGen      total 90112K, used 34922K [0x00000000e0000000, 0x00000000e7200000, 0x0000000100000000)
  eden space 79360K, 31% used [0x00000000e0000000,0x00000000e186ec00,0x00000000e4d80000)
  from space 10752K, 92% used [0x00000000e5900000,0x00000000e62abeb8,0x00000000e6380000)
  to   space 11776K, 0% used [0x00000000e4d80000,0x00000000e4d80000,0x00000000e5900000)
 ParOldGen       total 64512K, used 9949K [0x00000000a0000000, 0x00000000a3f00000, 0x00000000e0000000)
  object space 64512K, 15% used [0x00000000a0000000,0x00000000a09b7740,0x00000000a3f00000)
 Metaspace       used 34650K, capacity 35398K, committed 35496K, reserved 1079296K
  class space    used 4842K, capacity 5131K, committed 5168K, reserved 1048576K
Event: 3.847 GC heap after
Heap after GC invocations=10 (full 1):
 PSYoungGen      total 91136K, used 8603K [0x00000000e0000000, 0x00000000e8100000, 0x0000000100000000)
  eden space 79360K, 0% used [0x00000000e0000000,0x00000000e0000000,0x00000000e4d80000)
  from space 11776K, 73% used [0x00000000e4d80000,0x00000000e55e6f00,0x00000000e5900000)
  to   space 11776K, 0% used [0x00000000e7580000,0x00000000e7580000,0x00000000e8100000)
 ParOldGen       total 64512K, used 11837K [0x00000000a0000000, 0x00000000a3f00000, 0x00000000e0000000)
  object space 64512K, 18% used [0x00000000a0000000,0x00000000a0b8f790,0x00000000a3f00000)
 Metaspace       used 34650K, capacity 35398K, committed 35496K, reserved 1079296K
  class space    used 4842K, capacity 5131K, committed 5168K, reserved 1048576K
}
Event: 3.847 GC heap before
{Heap before GC invocations=11 (full 2):
 PSYoungGen      total 91136K, used 8603K [0x00000000e0000000, 0x00000000e8100000, 0x0000000100000000)
  eden space 79360K, 0% used [0x00000000e0000000,0x00000000e0000000,0x00000000e4d80000)
  from space 11776K, 73% used [0x00000000e4d80000,0x00000000e55e6f00,0x00000000e5900000)
  to   space 11776K, 0% used [0x00000000e7580000,0x00000000e7580000,0x00000000e8100000)
 ParOldGen       total 64512K, used 11837K [0x00000000a0000000, 0x00000000a3f00000, 0x00000000e0000000)
  object space 64512K, 18% used [0x00000000a0000000,0x00000000a0b8f790,0x00000000a3f00000)
 Metaspace       used 34650K, capacity 35398K, committed 35496K, reserved 1079296K
  class space    used 4842K, capacity 5131K, committed 5168K, reserved 1048576K
Event: 3.903 GC heap after
Heap after GC invocations=11 (full 2):
 PSYoungGen      total 91136K, used 0K [0x00000000e0000000, 0x00000000e8100000, 0x0000000100000000)
  eden space 79360K, 0% used [0x00000000e0000000,0x00000000e0000000,0x00000000e4d80000)
  from space 11776K, 0% used [0x00000000e4d80000,0x00000000e4d80000,0x00000000e5900000)
  to   space 11776K, 0% used [0x00000000e7580000,0x00000000e7580000,0x00000000e8100000)
 ParOldGen       total 99328K, used 17442K [0x00000000a0000000, 0x00000000a6100000, 0x00000000e0000000)
  object space 99328K, 17% used [0x00000000a0000000,0x00000000a11088e8,0x00000000a6100000)
 Metaspace       used 34650K, capacity 35398K, committed 35496K, reserved 1079296K
  class space    used 4842K, capacity 5131K, committed 5168K, reserved 1048576K
}
Event: 4.530 GC heap before
{Heap before GC invocations=12 (full 2):
 PSYoungGen      total 91136K, used 79360K [0x00000000e0000000, 0x00000000e8100000, 0x0000000100000000)
  eden space 79360K, 100% used [0x00000000e0000000,0x00000000e4d80000,0x00000000e4d80000)
  from space 11776K, 0% used [0x00000000e4d80000,0x00000000e4d80000,0x00000000e5900000)
  to   space 11776K, 0% used [0x00000000e7580000,0x00000000e7580000,0x00000000e8100000)
 ParOldGen       total 99328K, used 17442K [0x00000000a0000000, 0x00000000a6100000, 0x00000000e0000000)
  object space 99328K, 17% used [0x00000000a0000000,0x00000000a11088e8,0x00000000a6100000)
 Metaspace       used 41907K, capacity 42844K, committed 43184K, reserved 1087488K
  class space    used 5683K, capacity 6002K, committed 6064K, reserved 1048576K
Event: 4.541 GC heap after
Heap after GC invocations=12 (full 2):
 PSYoungGen      total 111104K, used 11750K [0x00000000e0000000, 0x00000000e8100000, 0x0000000100000000)
  eden space 99328K, 0% used [0x00000000e0000000,0x00000000e0000000,0x00000000e6100000)
  from space 11776K, 99% used [0x00000000e7580000,0x00000000e80f9938,0x00000000e8100000)
  to   space 13312K, 0% used [0x00000000e6700000,0x00000000e6700000,0x00000000e7400000)
 ParOldGen       total 99328K, used 18081K [0x00000000a0000000, 0x00000000a6100000, 0x00000000e0000000)
  object space 99328K, 18% used [0x00000000a0000000,0x00000000a11a87a0,0x00000000a6100000)
 Metaspace       used 41907K, capacity 42844K, committed 43184K, reserved 1087488K
  class space    used 5683K, capacity 6002K, committed 6064K, reserved 1048576K
}
Event: 5.423 GC heap before
{Heap before GC invocations=13 (full 2):
 PSYoungGen      total 111104K, used 111078K [0x00000000e0000000, 0x00000000e8100000, 0x0000000100000000)
  eden space 99328K, 100% used [0x00000000e0000000,0x00000000e6100000,0x00000000e6100000)
  from space 11776K, 99% used [0x00000000e7580000,0x00000000e80f9938,0x00000000e8100000)
  to   space 13312K, 0% used [0x00000000e6700000,0x00000000e6700000,0x00000000e7400000)
 ParOldGen       total 99328K, used 18081K [0x00000000a0000000, 0x00000000a6100000, 0x00000000e0000000)
  object space 99328K, 18% used [0x00000000a0000000,0x00000000a11a87a0,0x00000000a6100000)
 Metaspace       used 49087K, capacity 50200K, committed 50352K, reserved 1093632K
  class space    used 6649K, capacity 7002K, committed 7088K, reserved 1048576K
Event: 5.436 GC heap after
Heap after GC invocations=13 (full 2):
 PSYoungGen      total 118784K, used 9635K [0x00000000e0000000, 0x00000000e9400000, 0x0000000100000000)
  eden space 105472K, 0% used [0x00000000e0000000,0x00000000e0000000,0x00000000e6700000)
  from space 13312K, 72% used [0x00000000e6700000,0x00000000e7068fa8,0x00000000e7400000)
  to   space 13824K, 0% used [0x00000000e8680000,0x00000000e8680000,0x00000000e9400000)
 ParOldGen       total 99328K, used 25208K [0x00000000a0000000, 0x00000000a6100000, 0x00000000e0000000)
  object space 99328K, 25% used [0x00000000a0000000,0x00000000a189e128,0x00000000a6100000)
 Metaspace       used 49087K, capacity 50200K, committed 50352K, reserved 1093632K
  class space    used 6649K, capacity 7002K, committed 7088K, reserved 1048576K
}

Deoptimization events (10 events):
Event: 5.360 Thread 0x000000001a0f6800 Uncommon trap: reason=unstable_if action=reinterpret pc=0x0000000002ae548c method=java.lang.CharacterDataLatin1.digit(II)I @ 31
Event: 5.554 Thread 0x000000001a0f6800 Uncommon trap: reason=unstable_if action=reinterpret pc=0x0000000003727808 method=com.sun.org.apache.xerces.internal.impl.io.UTF8Reader.read([CII)I @ 131
Event: 5.554 Thread 0x000000001a0f6800 Uncommon trap: reason=unstable_if action=reinterpret pc=0x00000000037118e8 method=com.sun.org.apache.xerces.internal.impl.io.UTF8Reader.read([CII)I @ 131
Event: 5.555 Thread 0x000000001a0f6800 Uncommon trap: reason=unstable_if action=reinterpret pc=0x00000000036fc338 method=java.util.regex.Pattern$BitClass.isSatisfiedBy(I)Z @ 4
Event: 5.555 Thread 0x000000001a0f6800 Uncommon trap: reason=unstable_if action=reinterpret pc=0x0000000002af558c method=java.util.regex.Pattern$Ctype.isSatisfiedBy(I)Z @ 4
Event: 5.720 Thread 0x000000001a0f6800 Uncommon trap: reason=unstable_if action=reinterpret pc=0x0000000003714768 method=com.sun.org.apache.xerces.internal.impl.XMLEntityScanner.scanContent(Lcom/sun/org/apache/xerces/internal/xni/XMLString;)I @ 44
Event: 5.720 Thread 0x000000001a0f6800 Uncommon trap: reason=unstable_if action=reinterpret pc=0x0000000002b1e4b4 method=com.sun.org.apache.xerces.internal.impl.XMLEntityScanner.checkBeforeLoad(Lcom/sun/xml/internal/stream/Entity$ScannedEntity;II)I @ 18
Event: 5.749 Thread 0x000000001a0f6800 Uncommon trap: reason=unstable_if action=reinterpret pc=0x0000000003500d60 method=com.google.gson.stream.JsonReader.doPeek()I @ 315
Event: 5.778 Thread 0x000000001a0f6800 Uncommon trap: reason=null_check action=make_not_entrant pc=0x000000000340e598 method=java.lang.ThreadLocal$ThreadLocalMap.getEntryAfterMiss(Ljava/lang/ThreadLocal;ILjava/lang/ThreadLocal$ThreadLocalMap$Entry;)Ljava/lang/ThreadLocal$ThreadLocalMap$Entry; 
Event: 6.067 Thread 0x000000001a0f6800 Uncommon trap: reason=unstable_if action=reinterpret pc=0x00000000037b3300 method=org.objectweb.asm.Frame.setInputFrameFromDescriptor(Lorg/objectweb/asm/SymbolTable;ILjava/lang/String;I)V @ 22

Classes redefined (0 events):
No events

Internal exceptions (10 events):
Event: 5.695 Thread 0x000000001a0f6800 Exception <a 'sun/nio/fs/WindowsException'> (0x00000000e26de400) thrown at [D:\src\AOSP-openjdk-cygwin\jdk8u\hotspot\src\share\vm\prims\jni.cpp, line 709]
Event: 5.695 Thread 0x000000001a0f6800 Exception <a 'sun/nio/fs/WindowsException'> (0x00000000e26e0710) thrown at [D:\src\AOSP-openjdk-cygwin\jdk8u\hotspot\src\share\vm\prims\jni.cpp, line 709]
Event: 5.695 Thread 0x000000001a0f6800 Exception <a 'sun/nio/fs/WindowsException'> (0x00000000e26e1640) thrown at [D:\src\AOSP-openjdk-cygwin\jdk8u\hotspot\src\share\vm\prims\jni.cpp, line 709]
Event: 5.741 Thread 0x000000001a0f6800 Exception <a 'java/lang/NoSuchMethodError': java.lang.Object.lambda$comparing$77a9974f$1(Ljava/util/function/Function;Ljava/lang/Object;Ljava/lang/Object;)I> (0x00000000e28b4f38) thrown at [D:\src\AOSP-openjdk-cygwin\jdk8u\hotspot\src\share\vm\interpreter
Event: 5.741 Thread 0x000000001a0f6800 Exception <a 'java/lang/NoSuchMethodError': java.lang.Object.lambda$thenComparing$36697e65$1(Ljava/util/Comparator;Ljava/lang/Object;Ljava/lang/Object;)I> (0x00000000e28c07a0) thrown at [D:\src\AOSP-openjdk-cygwin\jdk8u\hotspot\src\share\vm\interpreter\li
Event: 5.755 Thread 0x000000001a0f6800 Exception <a 'java/lang/NoSuchMethodError': java.lang.Object.lambda$maxBy$1(Ljava/util/Comparator;Ljava/lang/Object;Ljava/lang/Object;)Ljava/lang/Object;> (0x00000000e2a1dd78) thrown at [D:\src\AOSP-openjdk-cygwin\jdk8u\hotspot\src\share\vm\interpreter\li
Event: 5.778 Thread 0x000000001a0f6800 Implicit null exception at 0x000000000340e104 to 0x000000000340e579
Event: 6.117 Thread 0x000000001a0f6800 Exception <a 'java/lang/NoSuchMethodError': java.lang.Object.lambda$static$0(Ljava/util/Set;Ljava/util/Set;)Z> (0x00000000e4dad948) thrown at [D:\src\AOSP-openjdk-cygwin\jdk8u\hotspot\src\share\vm\interpreter\linkResolver.cpp, line 584]
Event: 6.117 Thread 0x000000001a0f6800 Exception <a 'java/lang/NoSuchMethodError': java.lang.Object.lambda$static$1(Ljava/util/Set;Ljava/util/Set;)Z> (0x00000000e4db06d0) thrown at [D:\src\AOSP-openjdk-cygwin\jdk8u\hotspot\src\share\vm\interpreter\linkResolver.cpp, line 584]
Event: 6.117 Thread 0x000000001a0f6800 Exception <a 'java/lang/NoSuchMethodError': java.lang.Object.lambda$static$2(Ljava/util/Set;Ljava/util/Set;)Z> (0x00000000e4db3028) thrown at [D:\src\AOSP-openjdk-cygwin\jdk8u\hotspot\src\share\vm\interpreter\linkResolver.cpp, line 584]

Events (10 events):
Event: 6.140 loading class com/android/builder/packaging/JarMerger$Relocator
Event: 6.140 loading class com/android/builder/packaging/JarMerger$Relocator done
Event: 6.141 loading class com/android/build/gradle/internal/tasks/PerModuleBundleTask$ConfigAction$execute$1
Event: 6.141 loading class com/android/build/gradle/internal/tasks/PerModuleBundleTask$ConfigAction$execute$1 done
Event: 6.142 loading class com/android/build/gradle/internal/tasks/BundleTask$ConfigAction
Event: 6.142 loading class com/android/build/gradle/internal/tasks/BundleTask$ConfigAction done
Event: 6.143 loading class com/android/build/gradle/internal/tasks/BundleTask
Event: 6.143 loading class com/android/build/gradle/internal/tasks/BundleTask done
Event: 6.144 loading class com/android/build/gradle/internal/tasks/BundleTask$BundleOptions
Event: 6.144 loading class com/android/build/gradle/internal/tasks/BundleTask$BundleOptions done


Dynamic libraries:
0x00007ff7cfbf0000 - 0x00007ff7cfc21000 	C:\Program Files\Android\Android Studio\jre\bin\java.exe
0x00007ff848f20000 - 0x00007ff849101000 	C:\WINDOWS\SYSTEM32\ntdll.dll
0x00007ff8486d0000 - 0x00007ff848782000 	C:\WINDOWS\System32\KERNEL32.DLL
0x00007ff846130000 - 0x00007ff8463a3000 	C:\WINDOWS\System32\KERNELBASE.dll
0x00007ff848040000 - 0x00007ff8480e1000 	C:\WINDOWS\System32\ADVAPI32.dll
0x00007ff8463b0000 - 0x00007ff84644e000 	C:\WINDOWS\System32\msvcrt.dll
0x00007ff848cc0000 - 0x00007ff848d1b000 	C:\WINDOWS\System32\sechost.dll
0x00007ff848150000 - 0x00007ff848274000 	C:\WINDOWS\System32\RPCRT4.dll
0x00007ff847da0000 - 0x00007ff847f30000 	C:\WINDOWS\System32\USER32.dll
0x00007ff845f70000 - 0x00007ff845f90000 	C:\WINDOWS\System32\win32u.dll
0x00007ff848c90000 - 0x00007ff848cb8000 	C:\WINDOWS\System32\GDI32.dll
0x00007ff845f90000 - 0x00007ff846122000 	C:\WINDOWS\System32\gdi32full.dll
0x00007ff845d00000 - 0x00007ff845d9f000 	C:\WINDOWS\System32\msvcp_win.dll
0x00007ff845df0000 - 0x00007ff845eea000 	C:\WINDOWS\System32\ucrtbase.dll
0x00007ff837690000 - 0x00007ff8378f9000 	C:\WINDOWS\WinSxS\amd64_microsoft.windows.common-controls_6595b64144ccf1df_6.0.17134.523_none_fb409dd930672a56\COMCTL32.dll
0x00007ff847a70000 - 0x00007ff847d92000 	C:\WINDOWS\System32\combase.dll
0x00007ff845ef0000 - 0x00007ff845f6a000 	C:\WINDOWS\System32\bcryptPrimitives.dll
0x00007ff848d40000 - 0x00007ff848d6d000 	C:\WINDOWS\System32\IMM32.DLL
0x000000005fde0000 - 0x000000005feb2000 	C:\Program Files\Android\Android Studio\jre\jre\bin\msvcr100.dll
0x000000005f2a0000 - 0x000000005fae1000 	C:\Program Files\Android\Android Studio\jre\jre\bin\server\jvm.dll
0x00007ff848d70000 - 0x00007ff848d78000 	C:\WINDOWS\System32\PSAPI.DLL
0x00007ff8218a0000 - 0x00007ff8218a9000 	C:\WINDOWS\SYSTEM32\WSOCK32.dll
0x00007ff8489d0000 - 0x00007ff848a3c000 	C:\WINDOWS\System32\WS2_32.dll
0x00007ff838820000 - 0x00007ff83882a000 	C:\WINDOWS\SYSTEM32\VERSION.dll
0x00007ff8433a0000 - 0x00007ff8433c3000 	C:\WINDOWS\SYSTEM32\WINMM.dll
0x00007ff843370000 - 0x00007ff84339a000 	C:\WINDOWS\SYSTEM32\winmmbase.dll
0x00007ff845da0000 - 0x00007ff845de9000 	C:\WINDOWS\System32\cfgmgr32.dll
0x00007ff841ed0000 - 0x00007ff841edf000 	C:\Program Files\Android\Android Studio\jre\jre\bin\verify.dll
0x00007ff841d70000 - 0x00007ff841d99000 	C:\Program Files\Android\Android Studio\jre\jre\bin\java.dll
0x00007ff840c10000 - 0x00007ff840c26000 	C:\Program Files\Android\Android Studio\jre\jre\bin\zip.dll
0x00007ff8464b0000 - 0x00007ff8478f0000 	C:\WINDOWS\System32\SHELL32.dll
0x00007ff848a40000 - 0x00007ff848ae9000 	C:\WINDOWS\System32\shcore.dll
0x00007ff8455f0000 - 0x00007ff845cfd000 	C:\WINDOWS\System32\windows.storage.dll
0x00007ff8480f0000 - 0x00007ff848141000 	C:\WINDOWS\System32\shlwapi.dll
0x00007ff8452d0000 - 0x00007ff8452e1000 	C:\WINDOWS\System32\kernel.appcore.dll
0x00007ff8452b0000 - 0x00007ff8452cf000 	C:\WINDOWS\System32\profapi.dll
0x00007ff845240000 - 0x00007ff84528c000 	C:\WINDOWS\System32\powrprof.dll
0x00007ff845230000 - 0x00007ff84523a000 	C:\WINDOWS\System32\FLTLIB.DLL
0x00007ff83ee60000 - 0x00007ff83ee7a000 	C:\Program Files\Android\Android Studio\jre\jre\bin\net.dll
0x00007ff844ab0000 - 0x00007ff844b16000 	C:\WINDOWS\system32\mswsock.dll
0x00007ff83e7b0000 - 0x00007ff83e7c1000 	C:\Program Files\Android\Android Studio\jre\jre\bin\nio.dll
0x00007ff843550000 - 0x00007ff84356e000 	C:\Users\Administrator\.gradle\native\25\windows-amd64\native-platform.dll
0x00007ff841ea0000 - 0x00007ff841ead000 	C:\Program Files\Android\Android Studio\jre\jre\bin\management.dll
0x00007ff844c60000 - 0x00007ff844c77000 	C:\WINDOWS\SYSTEM32\CRYPTSP.dll
0x00007ff844690000 - 0x00007ff8446c3000 	C:\WINDOWS\system32\rsaenh.dll
0x00007ff844d90000 - 0x00007ff844db5000 	C:\WINDOWS\SYSTEM32\bcrypt.dll
0x00007ff845160000 - 0x00007ff845188000 	C:\WINDOWS\SYSTEM32\USERENV.dll
0x00007ff844c80000 - 0x00007ff844c8b000 	C:\WINDOWS\SYSTEM32\CRYPTBASE.dll
0x00007ff844830000 - 0x00007ff844868000 	C:\WINDOWS\SYSTEM32\IPHLPAPI.DLL
0x00007ff848d30000 - 0x00007ff848d38000 	C:\WINDOWS\System32\NSI.dll
0x00007ff83f860000 - 0x00007ff83f876000 	C:\WINDOWS\SYSTEM32\dhcpcsvc6.DLL
0x00007ff83fbf0000 - 0x00007ff83fc0a000 	C:\WINDOWS\SYSTEM32\dhcpcsvc.DLL

VM Arguments:
jvm_args: -Xmx1536m -Dfile.encoding=x-windows-949 -Duser.country=KR -Duser.language=ko -Duser.variant 
java_command: org.gradle.launcher.daemon.bootstrap.GradleDaemon 4.10.1
java_class_path (initial): C:\Users\Administrator\.gradle\wrapper\dists\gradle-4.10.1-all\455itskqi2qtf0v2sja68alqd\gradle-4.10.1\lib\gradle-launcher-4.10.1.jar
Launcher Type: SUN_STANDARD

Environment Variables:
JAVA_HOME=C:\Program Files\Java\jdk-9.0.4
PATH=C:\ProgramData\Oracle\Java\javapath;C:\WINDOWS\system32;C:\WINDOWS;C:\WINDOWS\System32\Wbem;C:\WINDOWS\System32\WindowsPowerShell\v1.0\;C:\Users\Administrator\AppData\Local\Android\Sdk\platform-tools;C:\WINDOWS\System32\OpenSSH\;C:\Program Files (x86)\ePapyrus\Papyrus-PlugIn-ntas;C:\Program Files (x86)\ePapyrus\Papyrus-PlugIn-ntas\Addins;C:\Program Files\Git\cmd;C:\Users\Administrator\AppData\Local\Android\Sdk\platform-tools;C:\Users\Administrator\AppData\Local\Microsoft\WindowsApps;C:\Program Files\Java\jdk-9.0.4\bin;C:\Users\Administrator\AppData\Local\GitHubDesktop\bin;C:\Users\Administrator\AppData\Local\Microsoft\WindowsApps;C:\Users\Administrator\AppData\Local\Android\Sdk\tools;C:\Users\Administrator\AppData\Local\atom\bin
USERNAME=Administrator
OS=Windows_NT
PROCESSOR_IDENTIFIER=Intel64 Family 6 Model 60 Stepping 3, GenuineIntel



---------------  S Y S T E M  ---------------

OS: Windows 10.0 , 64 bit Build 17134 (10.0.17134.1)

CPU:total 8 (initial active 8) (4 cores per cpu, 2 threads per core) family 6 model 60 stepping 3, cmov, cx8, fxsr, mmx, sse, sse2, sse3, ssse3, sse4.1, sse4.2, popcnt, avx, avx2, aes, clmul, erms, lzcnt, ht, tsc, tscinvbit, bmi1, bmi2

Memory: 4k page, physical 8277044k(3148544k free), swap 33442868k(6500k free)

vm_info: OpenJDK 64-Bit Server VM (25.152-b01) for windows-amd64 JRE (1.8.0_152-release-1343-b01), built by "builder" with MS VC++ 10.0 (VS2010)

time: Mon May 13 11:11:13 2019
elapsed time: 6 seconds (0d 0h 0m 6s)

